2026-04-21 15:00:25,351 [INFO] Activator:176 - 


2026-04-21 15:00:25,351 [INFO] Activator:177 - !SESSION log4j initialized
2026-04-21 15:00:27,597 [INFO] LogOutputStream:77 - [STDOUT_REDIRECT] 
2026-04-21 15:00:28,734 [INFO] ApplicationProperties:184 - Using Application install path: C:\ST\STM32CubeIDE_1.16.0\STM32CubeIDE\plugins\com.st.stm32cube.common.mx_6.12.0.202406281431
2026-04-21 15:00:28,751 [INFO] DbMcusXml:78 - Set database path to: C:\ST\STM32CubeIDE_1.16.0\STM32CubeIDE\plugins\com.st.stm32cube.common.mx_6.12.0.202406281431\\db\/mcu/
2026-04-21 15:00:28,751 [INFO] ApiDb:274 - Set plugin database path to: C:\ST\STM32CubeIDE_1.16.0\STM32CubeIDE\plugins\com.st.stm32cube.common.mx_6.12.0.202406281431\\db\/plugins/boardmanager/
2026-04-21 15:00:28,751 [WARN] ApiDb:259 - Overriding images path with different value:  => C:\ST\STM32CubeIDE_1.16.0\STM32CubeIDE\plugins\com.st.stm32cube.common.mx_6.12.0.202406281431\\db\/plugins/mcufinder/images/
2026-04-21 15:00:28,756 [INFO] ApiDb:250 - Set database path to: C:\Users\erayc\.stmcufinder\plugins\mcufinder//mcu/
2026-04-21 15:00:28,757 [INFO] DbMcusAds:125 - Set database path to: C:\Users\erayc\.stmcufinder\plugins\mcufinder//mcu/
2026-04-21 15:00:28,759 [INFO] CrossReferenceDbSqlite:203 - Set database path to: C:\Users\erayc\.stmcufinder\plugins\mcufinder//mcu/cs/
2026-04-21 15:00:28,852 [INFO] RulesReader:64 - Compatibility file has been processed (297 Rules)
2026-04-21 15:00:28,930 [INFO] DbMcusXml:78 - Set database path to: C:\ST\STM32CubeIDE_1.16.0\STM32CubeIDE\plugins\com.st.stm32cube.common.mx_6.12.0.202406281431\\db\/mcu/
2026-04-21 15:00:28,931 [INFO] ApiDb:274 - Set plugin database path to: C:\ST\STM32CubeIDE_1.16.0\STM32CubeIDE\plugins\com.st.stm32cube.common.mx_6.12.0.202406281431\\db\/plugins/boardmanager/
2026-04-21 15:00:28,931 [INFO] ApiDb:261 - Set plugin images path to: C:\ST\STM32CubeIDE_1.16.0\STM32CubeIDE\plugins\com.st.stm32cube.common.mx_6.12.0.202406281431\\db\/plugins/mcufinder/images/
2026-04-21 15:00:28,931 [WARN] DbFile:41 - Overriding database path with different value: C:\Users\erayc\.stmcufinder\plugins\mcufinder/ => C:\Users\erayc\.stmcufinder\plugins\mcufinder
2026-04-21 15:00:28,931 [INFO] ApiDb:250 - Set database path to: C:\Users\erayc\.stmcufinder\plugins\mcufinder//mcu/
2026-04-21 15:00:28,931 [WARN] DbFile:41 - Overriding database path with different value: C:\Users\erayc\.stmcufinder\plugins\mcufinder/ => C:\Users\erayc\.stmcufinder\plugins\mcufinder
2026-04-21 15:00:28,931 [INFO] DbMcusAds:125 - Set database path to: C:\Users\erayc\.stmcufinder\plugins\mcufinder//mcu/
2026-04-21 15:00:28,931 [WARN] DbFile:41 - Overriding database path with different value: C:\Users\erayc\.stmcufinder\plugins\mcufinder/ => C:\Users\erayc\.stmcufinder\plugins\mcufinder
2026-04-21 15:00:28,931 [WARN] DbFile:41 - Overriding database path with different value: C:\Users\erayc\.stmcufinder\plugins\mcufinder/ => C:\Users\erayc\.stmcufinder\plugins\mcufinder
2026-04-21 15:00:28,931 [INFO] CrossReferenceDbSqlite:203 - Set database path to: C:\Users\erayc\.stmcufinder\plugins\mcufinder//mcu/cs/
2026-04-21 15:00:28,980 [INFO] MainPanel:268 - HeapMemory: 268435456
2026-04-21 15:00:29,030 [INFO] DbMcusXml:78 - Set database path to: C:\ST\STM32CubeIDE_1.16.0\STM32CubeIDE\plugins\com.st.stm32cube.common.mx_6.12.0.202406281431\\db\/mcu/
2026-04-21 15:00:29,030 [INFO] ApiDb:274 - Set plugin database path to: C:\ST\STM32CubeIDE_1.16.0\STM32CubeIDE\plugins\com.st.stm32cube.common.mx_6.12.0.202406281431\\db\/plugins/boardmanager/
2026-04-21 15:00:29,030 [INFO] ApiDb:261 - Set plugin images path to: C:\ST\STM32CubeIDE_1.16.0\STM32CubeIDE\plugins\com.st.stm32cube.common.mx_6.12.0.202406281431\\db\/plugins/mcufinder/images/
2026-04-21 15:00:29,031 [WARN] DbFile:41 - Overriding database path with different value: C:\Users\erayc\.stmcufinder\plugins\mcufinder/ => C:\Users\erayc\.stmcufinder\plugins\mcufinder
2026-04-21 15:00:29,031 [INFO] ApiDb:250 - Set database path to: C:\Users\erayc\.stmcufinder\plugins\mcufinder//mcu/
2026-04-21 15:00:29,031 [WARN] DbFile:41 - Overriding database path with different value: C:\Users\erayc\.stmcufinder\plugins\mcufinder/ => C:\Users\erayc\.stmcufinder\plugins\mcufinder
2026-04-21 15:00:29,031 [INFO] DbMcusAds:125 - Set database path to: C:\Users\erayc\.stmcufinder\plugins\mcufinder//mcu/
2026-04-21 15:00:29,031 [WARN] DbFile:41 - Overriding database path with different value: C:\Users\erayc\.stmcufinder\plugins\mcufinder/ => C:\Users\erayc\.stmcufinder\plugins\mcufinder
2026-04-21 15:00:29,031 [WARN] DbFile:41 - Overriding database path with different value: C:\Users\erayc\.stmcufinder\plugins\mcufinder/ => C:\Users\erayc\.stmcufinder\plugins\mcufinder
2026-04-21 15:00:29,031 [INFO] CrossReferenceDbSqlite:203 - Set database path to: C:\Users\erayc\.stmcufinder\plugins\mcufinder//mcu/cs/
2026-04-21 15:00:29,043 [INFO] ApplicationProperties:184 - Using Application install path: C:\ST\STM32CubeIDE_1.16.0\STM32CubeIDE\plugins\com.st.stm32cube.common.mx_6.12.0.202406281431
2026-04-21 15:00:29,044 [INFO] PluginManage:196 - Search for loadable plugins [exclusion list=, ]
2026-04-21 15:00:29,045 [INFO] PluginManage:310 - Check plugin analytics
2026-04-21 15:00:29,187 [INFO] AnalyticsPlugin:253 - Accepted Software Licenses: 
2026-04-21 15:00:29,187 [INFO] AnalyticsPlugin:255 - Accepted CMSIS Pack Licenses: 
2026-04-21 15:00:29,187 [INFO] AnalyticsPlugin:257 - Accepted Firmware Licenses: FW.F4.1.28.0
2026-04-21 15:00:29,190 [INFO] PluginManage:359 - Loaded plugin analytics (category:tool,tabindex:-1)
2026-04-21 15:00:29,190 [INFO] PluginManage:310 - Check plugin cadmodel
2026-04-21 15:00:29,196 [INFO] CADModel:105 - Init CAD model plugin
2026-04-21 15:00:29,196 [INFO] PluginManage:359 - Loaded plugin cadmodel (category:power,tabindex:5)
2026-04-21 15:00:29,196 [INFO] PluginManage:310 - Check plugin clock
2026-04-21 15:00:29,211 [INFO] PluginManage:359 - Loaded plugin clock (category:base,tabindex:2)
2026-04-21 15:00:29,211 [INFO] PluginManage:310 - Check plugin ddr
2026-04-21 15:00:29,215 [INFO] PluginManage:359 - Loaded plugin ddr (category:tool,tabindex:6)
2026-04-21 15:00:29,215 [INFO] PluginManage:310 - Check plugin filemanager
2026-04-21 15:00:29,344 [INFO] PluginManage:359 - Loaded plugin filemanager (category:base,tabindex:10)
2026-04-21 15:00:29,344 [INFO] PluginManage:310 - Check plugin ipmanager
2026-04-21 15:00:29,349 [INFO] PluginManage:359 - Loaded plugin ipmanager (category:base,tabindex:5)
2026-04-21 15:00:29,349 [INFO] PluginManage:310 - Check plugin lpbam
2026-04-21 15:00:29,355 [INFO] PluginManage:359 - Loaded plugin lpbam (category:base,tabindex:0)
2026-04-21 15:00:29,355 [INFO] PluginManage:310 - Check plugin memorymap
2026-04-21 15:00:29,362 [INFO] PluginManage:359 - Loaded plugin memorymap (category:base,tabindex:4)
2026-04-21 15:00:29,362 [INFO] PluginManage:310 - Check plugin pinoutandconfiguration
2026-04-21 15:00:29,375 [INFO] PluginManage:359 - Loaded plugin pinoutandconfiguration (category:base,tabindex:1)
2026-04-21 15:00:29,375 [INFO] PluginManage:310 - Check plugin pinoutconfig
2026-04-21 15:00:29,469 [WARN] SupportedApi:132 - Cannot load RTOS API schema: s4s-elt-must-match.1: The content of 'definitions' must match (annotation?, (simpleType | complexType)?, (unique | key | keyref)*)). A problem was found starting at: attribute.
2026-04-21 15:00:29,662 [INFO] PluginManage:359 - Loaded plugin pinoutconfig (category:base,tabindex:0)
2026-04-21 15:00:29,662 [INFO] PluginManage:310 - Check plugin power
2026-04-21 15:00:29,675 [INFO] PluginManage:359 - Loaded plugin power (category:power,tabindex:4)
2026-04-21 15:00:29,675 [INFO] PluginManage:310 - Check plugin projectmanager
2026-04-21 15:00:29,689 [INFO] PluginManage:359 - Loaded plugin projectmanager (category:projectmanager,tabindex:4)
2026-04-21 15:00:29,689 [INFO] PluginManage:310 - Check plugin rif
2026-04-21 15:00:29,692 [INFO] PluginManage:359 - Loaded plugin rif (category:base,tabindex:3)
2026-04-21 15:00:29,692 [INFO] PluginManage:310 - Check plugin thirdparty
2026-04-21 15:00:29,791 [WARN] IntegrityCheckThread:84 - waiting for thirdparty lock release [integrity check]
2026-04-21 15:00:29,791 [INFO] IntegrityCheckThread:86 - entering critical section [integrity check]
2026-04-21 15:00:29,792 [INFO] PluginManage:359 - Loaded plugin thirdparty (category:base,tabindex:-1)
2026-04-21 15:00:29,792 [INFO] PluginManage:310 - Check plugin tools
2026-04-21 15:00:29,792 [INFO] ThirdPartyUpdaterWithRetryManager:70 - Updater plugin not ready yet. [1/15]
2026-04-21 15:00:29,796 [INFO] PluginManage:359 - Loaded plugin tools (category:base,tabindex:7)
2026-04-21 15:00:29,796 [INFO] PluginManage:310 - Check plugin tutovideos
2026-04-21 15:00:29,905 [INFO] PluginManage:359 - Loaded plugin tutovideos (category:base,tabindex:-1)
2026-04-21 15:00:29,905 [INFO] PluginManage:310 - Check plugin updater
2026-04-21 15:00:29,917 [INFO] PluginManage:359 - Loaded plugin updater (category:base,tabindex:12)
2026-04-21 15:00:29,917 [INFO] PluginManage:310 - Check plugin userauth
2026-04-21 15:00:29,919 [INFO] UserAuth:113 - Init User Auth plugin
2026-04-21 15:00:29,919 [INFO] PluginManage:359 - Loaded plugin userauth (category:base,tabindex:14)
2026-04-21 15:00:29,921 [INFO] PluginManage:283 - PluginManage : Loaded plugins [18]
2026-04-21 15:00:30,045 [INFO] PinOutPanel:1561 - setPackage(No Configuration,No Configuration)
2026-04-21 15:00:30,097 [INFO] CADModel:165 - CPN selected for project level
2026-04-21 15:00:30,097 [INFO] CADModel:114 - Register for checkConnection events
2026-04-21 15:00:30,107 [INFO] IPUIPlugin:80 - create IPUIPlugin
2026-04-21 15:00:30,107 [INFO] PluginManager:220 - loadIPPluginJar : add adc
2026-04-21 15:00:30,109 [INFO] IPUIPlugin:80 - create IPUIPlugin
2026-04-21 15:00:30,109 [INFO] PluginManager:220 - loadIPPluginJar : add aes
2026-04-21 15:00:30,109 [INFO] IPUIPlugin:80 - create IPUIPlugin
2026-04-21 15:00:30,110 [INFO] PluginManager:220 - loadIPPluginJar : add can
2026-04-21 15:00:30,110 [INFO] IPUIPlugin:80 - create IPUIPlugin
2026-04-21 15:00:30,110 [INFO] PluginManager:220 - loadIPPluginJar : add comp
2026-04-21 15:00:30,111 [INFO] IPUIPlugin:80 - create IPUIPlugin
2026-04-21 15:00:30,111 [INFO] PluginManager:220 - loadIPPluginJar : add cryp
2026-04-21 15:00:30,113 [INFO] IPUIPlugin:80 - create IPUIPlugin
2026-04-21 15:00:30,113 [INFO] PluginManager:220 - loadIPPluginJar : add ddr_ctrl_phy
2026-04-21 15:00:30,114 [INFO] IPUIPlugin:80 - create IPUIPlugin
2026-04-21 15:00:30,114 [INFO] PluginManager:220 - loadIPPluginJar : add dfsdm
2026-04-21 15:00:30,117 [INFO] IPUIPlugin:80 - create IPUIPlugin
2026-04-21 15:00:30,118 [INFO] PluginManager:220 - loadIPPluginJar : add dma
2026-04-21 15:00:30,119 [INFO] IPUIPlugin:80 - create IPUIPlugin
2026-04-21 15:00:30,119 [INFO] PluginManager:220 - loadIPPluginJar : add dma3
2026-04-21 15:00:30,121 [INFO] IPUIPlugin:80 - create IPUIPlugin
2026-04-21 15:00:30,121 [INFO] PluginManager:220 - loadIPPluginJar : add extmemmanager
2026-04-21 15:00:30,121 [INFO] IPUIPlugin:80 - create IPUIPlugin
2026-04-21 15:00:30,122 [INFO] PluginManager:220 - loadIPPluginJar : add fatfs
2026-04-21 15:00:30,124 [INFO] IPUIPlugin:80 - create IPUIPlugin
2026-04-21 15:00:30,124 [INFO] PluginManager:220 - loadIPPluginJar : add fmc
2026-04-21 15:00:30,127 [INFO] IPUIPlugin:80 - create IPUIPlugin
2026-04-21 15:00:30,127 [INFO] PluginManager:220 - loadIPPluginJar : add freertos
2026-04-21 15:00:30,128 [INFO] IPUIPlugin:80 - create IPUIPlugin
2026-04-21 15:00:30,128 [INFO] PluginManager:220 - loadIPPluginJar : add genericplugin
2026-04-21 15:00:30,129 [INFO] IPUIPlugin:80 - create IPUIPlugin
2026-04-21 15:00:30,129 [INFO] PluginManager:220 - loadIPPluginJar : add gfxmmu
2026-04-21 15:00:30,132 [INFO] IPUIPlugin:80 - create IPUIPlugin
2026-04-21 15:00:30,132 [INFO] PluginManager:220 - loadIPPluginJar : add gic
2026-04-21 15:00:30,134 [INFO] IPUIPlugin:80 - create IPUIPlugin
2026-04-21 15:00:30,134 [INFO] PluginManager:220 - loadIPPluginJar : add gpio
2026-04-21 15:00:30,135 [INFO] IPUIPlugin:80 - create IPUIPlugin
2026-04-21 15:00:30,135 [INFO] PluginManager:220 - loadIPPluginJar : add gtzc
2026-04-21 15:00:30,137 [INFO] IPUIPlugin:80 - create IPUIPlugin
2026-04-21 15:00:30,137 [INFO] PluginManager:220 - loadIPPluginJar : add hash
2026-04-21 15:00:30,138 [INFO] IPUIPlugin:80 - create IPUIPlugin
2026-04-21 15:00:30,138 [INFO] PluginManager:220 - loadIPPluginJar : add i2c
2026-04-21 15:00:30,139 [INFO] IPUIPlugin:80 - create IPUIPlugin
2026-04-21 15:00:30,140 [INFO] PluginManager:220 - loadIPPluginJar : add i2s
2026-04-21 15:00:30,142 [INFO] IPUIPlugin:80 - create IPUIPlugin
2026-04-21 15:00:30,142 [INFO] PluginManager:220 - loadIPPluginJar : add i3c
2026-04-21 15:00:30,145 [INFO] IPUIPlugin:80 - create IPUIPlugin
2026-04-21 15:00:30,145 [INFO] PluginManager:220 - loadIPPluginJar : add ipddr
2026-04-21 15:00:30,149 [INFO] IPUIPlugin:80 - create IPUIPlugin
2026-04-21 15:00:30,149 [INFO] PluginManager:220 - loadIPPluginJar : add linkedlist
2026-04-21 15:00:30,152 [INFO] IPUIPlugin:80 - create IPUIPlugin
2026-04-21 15:00:30,152 [INFO] PluginManager:220 - loadIPPluginJar : add lorawan
2026-04-21 15:00:30,153 [INFO] IPUIPlugin:80 - create IPUIPlugin
2026-04-21 15:00:30,153 [INFO] PluginManager:220 - loadIPPluginJar : add ltdc
2026-04-21 15:00:30,156 [INFO] IPUIPlugin:80 - create IPUIPlugin
2026-04-21 15:00:30,156 [INFO] PluginManager:220 - loadIPPluginJar : add mdma
2026-04-21 15:00:30,158 [INFO] IPUIPlugin:80 - create IPUIPlugin
2026-04-21 15:00:30,158 [INFO] PluginManager:220 - loadIPPluginJar : add nvic
2026-04-21 15:00:30,160 [INFO] IPUIPlugin:80 - create IPUIPlugin
2026-04-21 15:00:30,160 [INFO] PluginManager:220 - loadIPPluginJar : add opamp
2026-04-21 15:00:30,162 [INFO] IPUIPlugin:80 - create IPUIPlugin
2026-04-21 15:00:30,162 [INFO] PluginManager:220 - loadIPPluginJar : add openamp
2026-04-21 15:00:30,163 [INFO] IPUIPlugin:80 - create IPUIPlugin
2026-04-21 15:00:30,164 [INFO] PluginManager:220 - loadIPPluginJar : add pdm2pcm
2026-04-21 15:00:30,168 [INFO] IPUIPlugin:80 - create IPUIPlugin
2026-04-21 15:00:30,168 [INFO] PluginManager:220 - loadIPPluginJar : add plateformsettings
2026-04-21 15:00:30,169 [INFO] IPUIPlugin:80 - create IPUIPlugin
2026-04-21 15:00:30,169 [INFO] PluginManager:220 - loadIPPluginJar : add quadspi
2026-04-21 15:00:30,171 [INFO] IPUIPlugin:80 - create IPUIPlugin
2026-04-21 15:00:30,171 [INFO] PluginManager:220 - loadIPPluginJar : add radio
2026-04-21 15:00:30,173 [INFO] IPUIPlugin:80 - create IPUIPlugin
2026-04-21 15:00:30,173 [INFO] PluginManager:220 - loadIPPluginJar : add resmgrutility
2026-04-21 15:00:30,174 [INFO] IPUIPlugin:80 - create IPUIPlugin
2026-04-21 15:00:30,174 [INFO] PluginManager:220 - loadIPPluginJar : add sai
2026-04-21 15:00:30,176 [INFO] IPUIPlugin:80 - create IPUIPlugin
2026-04-21 15:00:30,176 [INFO] PluginManager:220 - loadIPPluginJar : add spi
2026-04-21 15:00:30,179 [INFO] IPUIPlugin:80 - create IPUIPlugin
2026-04-21 15:00:30,179 [INFO] PluginManager:220 - loadIPPluginJar : add stm32_wpan
2026-04-21 15:00:30,179 [INFO] IPUIPlugin:80 - create IPUIPlugin
2026-04-21 15:00:30,179 [INFO] PluginManager:220 - loadIPPluginJar : add tim
2026-04-21 15:00:30,182 [INFO] IPUIPlugin:80 - create IPUIPlugin
2026-04-21 15:00:30,182 [INFO] PluginManager:220 - loadIPPluginJar : add touchsensing
2026-04-21 15:00:30,183 [INFO] IPUIPlugin:80 - create IPUIPlugin
2026-04-21 15:00:30,183 [INFO] PluginManager:220 - loadIPPluginJar : add tracer_emb
2026-04-21 15:00:30,184 [INFO] IPUIPlugin:80 - create IPUIPlugin
2026-04-21 15:00:30,184 [INFO] PluginManager:220 - loadIPPluginJar : add ts
2026-04-21 15:00:30,185 [INFO] IPUIPlugin:80 - create IPUIPlugin
2026-04-21 15:00:30,185 [INFO] PluginManager:220 - loadIPPluginJar : add tsc
2026-04-21 15:00:30,186 [INFO] IPUIPlugin:80 - create IPUIPlugin
2026-04-21 15:00:30,186 [INFO] PluginManager:220 - loadIPPluginJar : add ucpd
2026-04-21 15:00:30,187 [INFO] IPUIPlugin:80 - create IPUIPlugin
2026-04-21 15:00:30,187 [INFO] PluginManager:220 - loadIPPluginJar : add usart
2026-04-21 15:00:30,189 [INFO] IPUIPlugin:80 - create IPUIPlugin
2026-04-21 15:00:30,189 [INFO] PluginManager:220 - loadIPPluginJar : add usbx
2026-04-21 15:00:30,291 [INFO] CADModel:165 - CPN selected for project level
2026-04-21 15:00:30,292 [INFO] CADModel:114 - Register for checkConnection events
2026-04-21 15:00:30,292 [FATAL] Updater:334 - Updater called before beeing initialized
2026-04-21 15:00:30,292 [ERROR] CADModel:125 - Updater not yet initialized, retry later 
2026-04-21 15:00:30,381 [INFO] CADModel:165 - CPN selected for project level
2026-04-21 15:00:30,381 [INFO] CADModel:114 - Register for checkConnection events
2026-04-21 15:00:30,381 [FATAL] Updater:334 - Updater called before beeing initialized
2026-04-21 15:00:30,381 [ERROR] CADModel:125 - Updater not yet initialized, retry later 
2026-04-21 15:00:30,383 [FATAL] Updater:334 - Updater called before beeing initialized
2026-04-21 15:00:30,448 [FATAL] Updater:334 - Updater called before beeing initialized
2026-04-21 15:00:30,452 [INFO] DbMcusAds:53 - JSON generation date=Fri Apr 10 12:19:02 TRT 2026 (1775812742310)
2026-04-21 15:00:30,452 [FATAL] Updater:334 - Updater called before beeing initialized
2026-04-21 15:00:30,473 [WARN] DetailPanel:346 - Failed to get advertising image, set to default
2026-04-21 15:00:30,525 [FATAL] Updater:334 - Updater called before beeing initialized
2026-04-21 15:00:30,526 [FATAL] Updater:334 - Updater called before beeing initialized
2026-04-21 15:00:30,526 [FATAL] Updater:334 - Updater called before beeing initialized
2026-04-21 15:00:30,526 [WARN] DetailPanel:346 - Failed to get advertising image, set to default
2026-04-21 15:00:30,526 [FATAL] Updater:334 - Updater called before beeing initialized
2026-04-21 15:00:30,558 [ERROR] Updater:1164 - MainUpdater not yet initialized. External WinMGr cannot be set.
2026-04-21 15:00:30,560 [INFO] Updater:1100 - Updater Version found : 6.12.0
2026-04-21 15:00:30,572 [INFO] ApplicationProperties:184 - Using Application install path: C:\ST\STM32CubeIDE_1.16.0\STM32CubeIDE\plugins\com.st.stm32cube.common.mx_6.12.0.202406281431
2026-04-21 15:00:32,146 [ERROR] LogOutputStream:75 - [STDERR_REDIRECT] Apr 21, 2026 3:00:32 PM java.util.prefs.WindowsPreferences <init>
2026-04-21 15:00:32,148 [ERROR] LogOutputStream:75 - [STDERR_REDIRECT] WARNING: Could not open/create prefs root node Software\JavaSoft\Prefs at root 0xffffffff80000002. Windows RegCreateKeyEx(...) returned error code 5.
2026-04-21 15:00:32,148 [ERROR] LogOutputStream:75 - [STDERR_REDIRECT] 
2026-04-21 15:00:32,522 [INFO] MainUpdater:2873 - connection check result : 10
2026-04-21 15:00:32,523 [INFO] MainUpdater:290 - Updater Check For Update Now.
2026-04-21 15:00:32,523 [INFO] MicroXplorer:498 - Change Database Version : DB.6.0.120
2026-04-21 15:00:32,531 [INFO] McuFinderGlobals:63 - Set McuFinder mode to 2 (CubeIDE integrated)
2026-04-21 15:00:32,532 [INFO] UserAuth:417 - Internet connection configuration mode: 1
2026-04-21 15:00:32,555 [INFO] JxBrowserEngine:152 - Initiate JxBrowser Engine with user profile folder
2026-04-21 15:00:32,708 [INFO] CheckServerUpdateThread:120 - End of CheckServer Thread
2026-04-21 15:00:32,976 [WARN] PackLoader:240 - Cannot read IP mode file for STMicroelectronics.X-CUBE-AZRTOS-H7.3.5.0
2026-04-21 15:00:32,988 [WARN] PackLoader:240 - Cannot read IP mode file for STMicroelectronics.FP-ATR-ASTRA1.2.0.2
2026-04-21 15:00:33,007 [WARN] PackLoader:240 - Cannot read IP mode file for STMicroelectronics.X-CUBE-SMBUS.2.1.0
2026-04-21 15:00:33,019 [WARN] PackLoader:240 - Cannot read IP mode file for STMicroelectronics.X-CUBE-AZRTOS-F7.1.1.0
2026-04-21 15:00:33,025 [ERROR] Engine:466 - C:\Users\erayc\.stm32cubemx\thirdparties\pdsc\STMicroelectronics.FP-SNS-MOTENV1.5.1.0.pdsc: PDSC version is not supported
2026-04-21 15:00:33,029 [ERROR] Engine:466 - C:\Users\erayc\.stm32cubemx\thirdparties\pdsc\WES.I-CUBE-Cesium.1.4.0.pdsc: PDSC version is not supported
2026-04-21 15:00:33,049 [WARN] PackLoader:240 - Cannot read IP mode file for STMicroelectronics.X-CUBE-AZRTOS-H7.3.4.0
2026-04-21 15:00:33,057 [WARN] PackLoader:240 - Cannot read IP mode file for STMicroelectronics.X-CUBE-DISPLAY.3.0.0
2026-04-21 15:00:33,061 [ERROR] Engine:466 - C:\Users\erayc\.stm32cubemx\thirdparties\pdsc\STMicroelectronics.FP-SNS-MOTENVWB1.1.5.0.pdsc: PDSC version is not supported
2026-04-21 15:00:33,069 [WARN] PackLoader:240 - Cannot read IP mode file for STMicroelectronics.X-CUBE-NFC10.1.0.0
2026-04-21 15:00:33,073 [ERROR] Engine:466 - C:\Users\erayc\.stm32cubemx\thirdparties\pdsc\STMicroelectronics.X-CUBE-ST60.1.1.0.pdsc: PDSC version is not supported
2026-04-21 15:00:33,077 [WARN] PackLoader:240 - Cannot read IP mode file for emotas.I-CUBE-CANOPEN.1.3.0
2026-04-21 15:00:33,081 [WARN] PackLoader:240 - Cannot read IP mode file for STMicroelectronics.X-CUBE-GNSS1.7.1.0
2026-04-21 15:00:33,084 [ERROR] Engine:466 - C:\Users\erayc\.stm32cubemx\thirdparties\pdsc\STMicroelectronics.FP-SNS-STBOX1.2.1.0.pdsc: PDSC version is not supported
2026-04-21 15:00:33,087 [WARN] PackLoader:240 - Cannot read IP mode file for STMicroelectronics.FP-SNS-SMARTAG2.1.2.0
2026-04-21 15:00:33,089 [ERROR] Engine:466 - C:\Users\erayc\.stm32cubemx\thirdparties\pdsc\STMicroelectronics.FP-SNS-FLIGHT1.5.1.0.pdsc: PDSC version is not supported
2026-04-21 15:00:33,096 [INFO] LogOutputStream:77 - [STDOUT_REDIRECT] 1 : Invalid condition id : UX_CORESTACK_Condition cause : null
2026-04-21 15:00:33,097 [INFO] LogOutputStream:77 - [STDOUT_REDIRECT] 1 : Invalid condition id : UX_CORESTACK_Condition cause : null
2026-04-21 15:00:33,098 [INFO] LogOutputStream:77 - [STDOUT_REDIRECT] 1 : Invalid condition id : UX_CORESTACK_Condition cause : null
2026-04-21 15:00:33,099 [INFO] LogOutputStream:77 - [STDOUT_REDIRECT] 1 : Invalid condition id : UX_CORESTACK_Condition cause : null
2026-04-21 15:00:33,100 [INFO] LogOutputStream:77 - [STDOUT_REDIRECT] 1 : Invalid condition id : UX_CORESTACK_Condition cause : null
2026-04-21 15:00:33,102 [WARN] PackLoader:240 - Cannot read IP mode file for STMicroelectronics.X-CUBE-AZRTOS-WL.2.0.0
2026-04-21 15:00:33,116 [WARN] PackLoader:240 - Cannot read IP mode file for STMicroelectronics.X-CUBE-AZRTOS-H7RS.1.2.0
2026-04-21 15:00:33,121 [WARN] PackLoader:240 - Cannot read IP mode file for STMicroelectronics.X-CUBE-BLE2.3.3.0
2026-04-21 15:00:33,122 [ERROR] Engine:466 - C:\Users\erayc\.stm32cubemx\thirdparties\pdsc\Avnet-IOTCONNECT.X-CUBE-iotc-st67-sdk.1.0.0.pdsc: PDSC version is not supported
2026-04-21 15:00:33,135 [WARN] PackLoader:240 - Cannot read IP mode file for Infineon.AIROC-Wi-Fi-Bluetooth-STM32.1.8.0
2026-04-21 15:00:33,140 [WARN] PackLoader:240 - Cannot read IP mode file for STMicroelectronics.X-CUBE-NFC9.1.0.0
2026-04-21 15:00:33,145 [WARN] PackLoader:240 - Cannot read IP mode file for STMicroelectronics.X-CUBE-BLE1.7.1.0
2026-04-21 15:00:33,148 [WARN] PackLoader:240 - Cannot read IP mode file for wolfSSL.I-CUBE-wolfMQTT.1.19.2
2026-04-21 15:00:33,149 [ERROR] Engine:466 - C:\Users\erayc\.stm32cubemx\thirdparties\pdsc\STMicroelectronics.X-CUBE-FREERTOS.1.4.0.pdsc: PDSC version is not supported
2026-04-21 15:00:33,152 [WARN] PackLoader:240 - Cannot read IP mode file for STMicroelectronics.X-CUBE-EEPRMA1.5.2.0
2026-04-21 15:00:33,155 [WARN] PackLoader:240 - Cannot read IP mode file for wolfSSL.I-CUBE-wolfSSL.5.8.4
2026-04-21 15:00:33,156 [ERROR] Engine:466 - C:\Users\erayc\.stm32cubemx\thirdparties\pdsc\Cesanta.I-CUBE-Mongoose.7.20.0.pdsc: PDSC version is not supported
2026-04-21 15:00:33,187 [WARN] PackLoader:240 - Cannot read IP mode file for STMicroelectronics.X-CUBE-MEMS1.12.0.0
2026-04-21 15:00:33,236 [WARN] PackLoader:240 - Cannot read IP mode file for STMicroelectronics.X-CUBE-AZRTOS-G0.1.1.0
2026-04-21 15:00:33,239 [WARN] PackLoader:240 - Cannot read IP mode file for STMicroelectronics.X-CUBE-NFC4.3.0.0
2026-04-21 15:00:33,244 [WARN] PackLoader:240 - Cannot read IP mode file for EmbeddedOffice.I-CUBE-FS-RTOS.1.0.1
2026-04-21 15:00:33,244 [ERROR] ConditionMgr:805 - Attr not supported : Dmpu
2026-04-21 15:00:33,244 [ERROR] ConditionMgr:805 - Attr not supported : Dmpu
2026-04-21 15:00:33,244 [ERROR] ConditionMgr:805 - Attr not supported : Dmpu
2026-04-21 15:00:33,244 [ERROR] ConditionMgr:805 - Attr not supported : Dmpu
2026-04-21 15:00:33,244 [ERROR] ConditionMgr:805 - Attr not supported : Dmpu
2026-04-21 15:00:33,244 [ERROR] ConditionMgr:805 - Attr not supported : Dmpu
2026-04-21 15:00:33,244 [ERROR] ConditionMgr:805 - Attr not supported : Dmpu
2026-04-21 15:00:33,244 [ERROR] ConditionMgr:805 - Attr not supported : Dmpu
2026-04-21 15:00:33,244 [ERROR] ConditionMgr:805 - Attr not supported : Dmpu
2026-04-21 15:00:33,244 [ERROR] ConditionMgr:805 - Attr not supported : Dmpu
2026-04-21 15:00:33,244 [ERROR] ConditionMgr:805 - Attr not supported : Dmpu
2026-04-21 15:00:33,244 [ERROR] ConditionMgr:805 - Attr not supported : Dmpu
2026-04-21 15:00:33,244 [ERROR] ConditionMgr:805 - Attr not supported : Dmpu
2026-04-21 15:00:33,244 [ERROR] ConditionMgr:805 - Attr not supported : Dmpu
2026-04-21 15:00:33,244 [ERROR] ConditionMgr:805 - Attr not supported : Dmpu
2026-04-21 15:00:33,245 [ERROR] ConditionMgr:805 - Attr not supported : Dmpu
2026-04-21 15:00:33,245 [ERROR] ConditionMgr:805 - Attr not supported : Dmpu
2026-04-21 15:00:33,245 [ERROR] ConditionMgr:805 - Attr not supported : Dmpu
2026-04-21 15:00:33,245 [ERROR] ConditionMgr:805 - Attr not supported : Dmpu
2026-04-21 15:00:33,245 [ERROR] ConditionMgr:805 - Attr not supported : Dmpu
2026-04-21 15:00:33,245 [ERROR] ConditionMgr:805 - Attr not supported : Dmpu
2026-04-21 15:00:33,245 [ERROR] ConditionMgr:805 - Attr not supported : Dmpu
2026-04-21 15:00:33,245 [ERROR] ConditionMgr:805 - Attr not supported : Dmpu
2026-04-21 15:00:33,245 [ERROR] ConditionMgr:805 - Attr not supported : Dmpu
2026-04-21 15:00:33,245 [ERROR] ConditionMgr:805 - Attr not supported : Dmpu
2026-04-21 15:00:33,245 [ERROR] ConditionMgr:805 - Attr not supported : Dmpu
2026-04-21 15:00:33,245 [ERROR] ConditionMgr:805 - Attr not supported : Dmpu
2026-04-21 15:00:33,245 [ERROR] ConditionMgr:805 - Attr not supported : Dmpu
2026-04-21 15:00:33,245 [ERROR] ConditionMgr:805 - Attr not supported : Dmpu
2026-04-21 15:00:33,245 [ERROR] ConditionMgr:805 - Attr not supported : Dmpu
2026-04-21 15:00:33,245 [ERROR] ConditionMgr:805 - Attr not supported : Dmpu
2026-04-21 15:00:33,245 [ERROR] ConditionMgr:805 - Attr not supported : Dmpu
2026-04-21 15:00:33,245 [ERROR] ConditionMgr:805 - Attr not supported : Dmpu
2026-04-21 15:00:33,245 [ERROR] ConditionMgr:805 - Attr not supported : Dmpu
2026-04-21 15:00:33,245 [ERROR] ConditionMgr:805 - Attr not supported : Dmpu
2026-04-21 15:00:33,245 [ERROR] ConditionMgr:805 - Attr not supported : Dmpu
2026-04-21 15:00:33,245 [ERROR] ConditionMgr:805 - Attr not supported : Dmpu
2026-04-21 15:00:33,245 [ERROR] ConditionMgr:805 - Attr not supported : Dmpu
2026-04-21 15:00:33,245 [ERROR] ConditionMgr:805 - Attr not supported : Dmpu
2026-04-21 15:00:33,245 [ERROR] ConditionMgr:805 - Attr not supported : Dmpu
2026-04-21 15:00:33,245 [ERROR] ConditionMgr:805 - Attr not supported : Dmpu
2026-04-21 15:00:33,245 [ERROR] ConditionMgr:805 - Attr not supported : Dmpu
2026-04-21 15:00:33,245 [ERROR] ConditionMgr:805 - Attr not supported : Dmpu
2026-04-21 15:00:33,245 [ERROR] ConditionMgr:805 - Attr not supported : Dmpu
2026-04-21 15:00:33,245 [ERROR] ConditionMgr:805 - Attr not supported : Dmpu
2026-04-21 15:00:33,245 [ERROR] ConditionMgr:805 - Attr not supported : Dmpu
2026-04-21 15:00:33,245 [ERROR] ConditionMgr:805 - Attr not supported : Dmpu
2026-04-21 15:00:33,245 [ERROR] ConditionMgr:805 - Attr not supported : Dmpu
2026-04-21 15:00:33,245 [ERROR] ConditionMgr:805 - Attr not supported : Dmpu
2026-04-21 15:00:33,245 [ERROR] ConditionMgr:805 - Attr not supported : Dmpu
2026-04-21 15:00:33,245 [ERROR] ConditionMgr:805 - Attr not supported : Dmpu
2026-04-21 15:00:33,245 [ERROR] ConditionMgr:805 - Attr not supported : Dmpu
2026-04-21 15:00:33,246 [ERROR] ConditionMgr:805 - Attr not supported : Dmpu
2026-04-21 15:00:33,246 [ERROR] ConditionMgr:805 - Attr not supported : Dmpu
2026-04-21 15:00:33,246 [ERROR] ConditionMgr:805 - Attr not supported : Dmpu
2026-04-21 15:00:33,246 [ERROR] ConditionMgr:805 - Attr not supported : Dmpu
2026-04-21 15:00:33,246 [ERROR] ConditionMgr:805 - Attr not supported : Dmpu
2026-04-21 15:00:33,246 [ERROR] ConditionMgr:805 - Attr not supported : Dmpu
2026-04-21 15:00:33,246 [ERROR] ConditionMgr:805 - Attr not supported : Dmpu
2026-04-21 15:00:33,246 [ERROR] ConditionMgr:805 - Attr not supported : Dmpu
2026-04-21 15:00:33,246 [ERROR] ConditionMgr:805 - Attr not supported : Dmpu
2026-04-21 15:00:33,246 [ERROR] ConditionMgr:805 - Attr not supported : Dmpu
2026-04-21 15:00:33,246 [ERROR] ConditionMgr:805 - Attr not supported : Dmpu
2026-04-21 15:00:33,246 [ERROR] ConditionMgr:805 - Attr not supported : Dmpu
2026-04-21 15:00:33,249 [WARN] PackLoader:240 - Cannot read IP mode file for STMicroelectronics.X-CUBE-WB05N.2.0.0
2026-04-21 15:00:33,252 [WARN] PackLoader:240 - Cannot read IP mode file for wolfSSL.I-CUBE-wolfTPM.3.8.0
2026-04-21 15:00:33,253 [ERROR] Engine:466 - C:\Users\erayc\.stm32cubemx\thirdparties\pdsc\STMicroelectronics.X-CUBE-TCPP.4.2.0.pdsc: PDSC version is not supported
2026-04-21 15:00:33,255 [WARN] PackLoader:240 - Cannot read IP mode file for RealThread.X-CUBE-RT-Thread_Nano.4.1.1
2026-04-21 15:00:33,257 [WARN] PackLoader:240 - Cannot read IP mode file for STMicroelectronics.FP-ATR-SIGFOX1.3.2.0
2026-04-21 15:00:33,259 [ERROR] Engine:466 - C:\Users\erayc\.stm32cubemx\thirdparties\pdsc\STMicroelectronics.X-CUBE-FREERTOS.1.5.0.pdsc: PDSC version is not supported
2026-04-21 15:00:33,262 [WARN] PackLoader:240 - Cannot read IP mode file for ITTIA_DB.I-CUBE-ITTIADB.8.9.0
2026-04-21 15:00:33,265 [WARN] PackLoader:240 - Cannot read IP mode file for STMicroelectronics.X-CUBE-NFC6.3.2.0
2026-04-21 15:00:33,269 [WARN] PackLoader:240 - Cannot read IP mode file for STMicroelectronics.X-CUBE-AI.10.2.0
2026-04-21 15:00:33,285 [WARN] PackLoader:240 - Cannot read IP mode file for SEGGER.I-CUBE-embOS.1.3.1
2026-04-21 15:00:33,312 [WARN] PackLoader:240 - Cannot read IP mode file for STMicroelectronics.X-CUBE-ALGOBUILD.1.4.0
2026-04-21 15:00:33,315 [WARN] PackLoader:240 - Cannot read IP mode file for STMicroelectronics.X-CUBE-PM33A1.1.0.0
2026-04-21 15:00:33,321 [WARN] PackLoader:240 - Cannot read IP mode file for STMicroelectronics.X-CUBE-AZRTOS-F4.1.1.0
2026-04-21 15:00:33,324 [WARN] PackLoader:240 - Cannot read IP mode file for STMicroelectronics.X-CUBE-ISPU.2.1.0
2026-04-21 15:00:33,327 [ERROR] Engine:466 - C:\Users\erayc\.stm32cubemx\thirdparties\pdsc\STMicroelectronics.X-CUBE-IPS.3.2.0.pdsc: PDSC version is not supported
2026-04-21 15:00:33,328 [ERROR] Engine:466 - C:\Users\erayc\.stm32cubemx\thirdparties\pdsc\STMicroelectronics.eDS-WB_DPC_TT-BIDIR.2.1.1.pdsc: PDSC version is not supported
2026-04-21 15:00:33,331 [WARN] PackLoader:240 - Cannot read IP mode file for STMicroelectronics.X-CUBE-NFC12.1.0.0
2026-04-21 15:00:33,338 [WARN] PackLoader:240 - Cannot read IP mode file for STMicroelectronics.X-CUBE-AZRTOS-L5.2.0.0
2026-04-21 15:00:33,341 [ERROR] Engine:466 - C:\Users\erayc\.stm32cubemx\thirdparties\pdsc\STMicroelectronics.eDS-WB_DPC_VIENNA.1.2.0.pdsc: PDSC version is not supported
2026-04-21 15:00:33,341 [ERROR] Engine:466 - C:\Users\erayc\.stm32cubemx\thirdparties\pdsc\STMicroelectronics.eDS-WB_DPC_3PH2L-BIDIR.1.1.1.pdsc: PDSC version is not supported
2026-04-21 15:00:33,343 [ERROR] Engine:466 - C:\Users\erayc\.stm32cubemx\thirdparties\pdsc\STMicroelectronics.X-CUBE-ST67W61.1.3.0.pdsc: PDSC version is not supported
2026-04-21 15:00:33,346 [WARN] PackLoader:240 - Cannot read IP mode file for STMicroelectronics.X-CUBE-TOUCHGFX.4.26.0
2026-04-21 15:00:33,348 [WARN] PackLoader:240 - Cannot read IP mode file for STMicroelectronics.X-CUBE-TOUCHGFX.4.26.1
2026-04-21 15:00:33,350 [ERROR] Engine:466 - C:\Users\erayc\.stm32cubemx\thirdparties\pdsc\STMicroelectronics.FP-SNS-STAIOTCFT.1.0.0.pdsc: PDSC version is not supported
2026-04-21 15:00:33,353 [WARN] PackLoader:240 - Cannot read IP mode file for STMicroelectronics.X-CUBE-DPower.1.3.0
2026-04-21 15:00:33,361 [WARN] ConditionMgr:438 - getConditionDescription Invalid condition id : LAN8742 Phy interface Condition cause : null
2026-04-21 15:00:33,361 [WARN] PackLoader:240 - Cannot read IP mode file for STMicroelectronics.X-CUBE-AZRTOS-L4.2.0.0
2026-04-21 15:00:33,362 [WARN] ConditionMgr:1039 - genDependencies : Invalid condition id : LAN8742 Phy interface Condition cause : null
2026-04-21 15:00:33,362 [WARN] ConditionMgr:1039 - genDependencies : Invalid condition id : LAN8742 Phy interface Condition cause : null
2026-04-21 15:00:33,362 [WARN] ConditionMgr:1039 - genDependencies : Invalid condition id : LAN8742 Phy interface Condition cause : null
2026-04-21 15:00:33,366 [WARN] PackLoader:240 - Cannot read IP mode file for STMicroelectronics.X-CUBE-SFXS2LP1.4.0.0
2026-04-21 15:00:33,369 [WARN] PackLoader:240 - Cannot read IP mode file for STMicroelectronics.X-CUBE-WB05N.2.1.0
2026-04-21 15:00:33,370 [ERROR] Engine:466 - C:\Users\erayc\.stm32cubemx\thirdparties\pdsc\STMicroelectronics.X-CUBE-ST67W61.1.2.0.pdsc: PDSC version is not supported
2026-04-21 15:00:33,372 [ERROR] Engine:466 - C:\Users\erayc\.stm32cubemx\thirdparties\pdsc\STMicroelectronics.X-CUBE-BLEMGR.4.1.0.pdsc: PDSC version is not supported
2026-04-21 15:00:33,377 [WARN] ConditionMgr:438 - getConditionDescription Invalid condition id : UX DEVICE CLASS RTOS Condition cause : null
2026-04-21 15:00:33,377 [WARN] ConditionMgr:438 - getConditionDescription Invalid condition id : UX DEVICE CLASS RTOS Condition cause : null
2026-04-21 15:00:33,378 [WARN] PackLoader:240 - Cannot read IP mode file for STMicroelectronics.X-CUBE-AZRTOS-WB.2.0.0
2026-04-21 15:00:33,378 [WARN] ConditionMgr:1039 - genDependencies : Invalid condition id : UX DEVICE CLASS RTOS Condition cause : null
2026-04-21 15:00:33,378 [WARN] ConditionMgr:1039 - genDependencies : Invalid condition id : UX DEVICE CLASS RTOS Condition cause : null
2026-04-21 15:00:33,378 [WARN] ConditionMgr:1039 - genDependencies : Invalid condition id : UX DEVICE CLASS RTOS Condition cause : null
2026-04-21 15:00:33,378 [WARN] ConditionMgr:1039 - genDependencies : Invalid condition id : UX DEVICE CLASS RTOS Condition cause : null
2026-04-21 15:00:33,379 [WARN] ConditionMgr:1039 - genDependencies : Invalid condition id : UX DEVICE CLASS RTOS Condition cause : null
2026-04-21 15:00:33,381 [WARN] ConditionMgr:438 - getConditionDescription Invalid condition id : Cortex-A Device cause : null
2026-04-21 15:00:33,392 [WARN] ConditionMgr:1039 - genDependencies : Invalid condition id : Cortex-A Device cause : null
2026-04-21 15:00:33,392 [WARN] ConditionMgr:1039 - genDependencies : Invalid condition id : Cortex-A Device cause : null
2026-04-21 15:00:33,392 [WARN] ConditionMgr:1039 - genDependencies : Invalid condition id : Cortex-A Device cause : null
2026-04-21 15:00:33,395 [WARN] PackLoader:240 - Cannot read IP mode file for STMicroelectronics.X-CUBE-STSE01.2.0.0
2026-04-21 15:00:33,401 [WARN] PackLoader:240 - Cannot read IP mode file for STMicroelectronics.X-CUBE-SUBG2.5.0.0
2026-04-21 15:00:33,409 [WARN] PackLoader:240 - Cannot read IP mode file for STMicroelectronics.X-CUBE-AZRTOS-G4.2.0.0
2026-04-21 15:00:33,411 [WARN] PackLoader:240 - Cannot read IP mode file for wolfSSL.I-CUBE-wolfSSH.1.4.20
2026-04-21 15:00:33,414 [WARN] PackLoader:240 - Cannot read IP mode file for STMicroelectronics.X-CUBE-NFC7.2.0.0
2026-04-21 15:00:33,416 [WARN] PackLoader:240 - Cannot read IP mode file for STMicroelectronics.X-CUBE-ALS.1.0.2
2026-04-21 15:00:33,419 [ERROR] Engine:466 - C:\Users\erayc\.stm32cubemx\thirdparties\pdsc\STMicroelectronics.X-CUBE-TOF1.3.4.3.pdsc: PDSC version is not supported
2026-04-21 15:00:33,420 [INFO] ThirdParty:978 - Integrity check success = true
2026-04-21 15:00:33,420 [INFO] IntegrityCheckThread:100 - exiting critical section [integrity check]
2026-04-21 15:00:33,420 [INFO] IntegrityCheckThread:103 - End integrity checks thread
2026-04-21 15:00:33,633 [INFO] WebApp:167 - Instantiating new browser for Auth
2026-04-21 15:00:34,207 [INFO] WebApp:448 - Apply proxy settings
2026-04-21 15:00:34,207 [INFO] WebApp:533 - Chromium requires no authentication
2026-04-21 15:00:34,212 [INFO] WebApp:476 - Direct internet connection detected
2026-04-21 15:00:34,224 [INFO] WebApp:869 - Register for checkConnection events
2026-04-21 15:00:34,225 [INFO] WebApp:448 - Apply proxy settings
2026-04-21 15:00:34,225 [INFO] WebApp:533 - Chromium requires no authentication
2026-04-21 15:00:34,225 [INFO] WebApp:476 - Direct internet connection detected
2026-04-21 15:00:34,325 [INFO] WebApp:220 - Starting web application
2026-04-21 15:00:34,325 [INFO] WebApp:578 - Web application path used C:\ST\STM32CubeIDE_1.16.0\STM32CubeIDE\plugins\com.st.stm32cube.common.mx_6.12.0.202406281431\db\plugins\mcufinder\reactClient1\index.html
2026-04-21 15:00:34,387 [INFO] UserAuth:417 - Internet connection configuration mode: 1
2026-04-21 15:00:34,991 [INFO] WebApp:186 - Connection restablished
2026-04-21 15:00:39,523 [ERROR] LogOutputStream:75 - [STDERR_REDIRECT] 
2026-04-21 15:00:39,527 [ERROR] LogOutputStream:75 - [STDERR_REDIRECT] 
