2026-04-27 17:01:47,899 [INFO] Activator:176 - 


2026-04-27 17:01:47,900 [INFO] Activator:177 - !SESSION log4j initialized
2026-04-27 17:01:51,293 [INFO] LogOutputStream:77 - [STDOUT_REDIRECT] 
2026-04-27 17:01:52,268 [INFO] ApplicationProperties:184 - Using Application install path: C:\ST\STM32CubeIDE_1.16.1\STM32CubeIDE\plugins\com.st.stm32cube.common.mx_6.12.1.202409122256
2026-04-27 17:01:52,280 [INFO] DbMcusXml:78 - Set database path to: C:\ST\STM32CubeIDE_1.16.1\STM32CubeIDE\plugins\com.st.stm32cube.common.mx_6.12.1.202409122256\\db\/mcu/
2026-04-27 17:01:52,280 [INFO] ApiDb:274 - Set plugin database path to: C:\ST\STM32CubeIDE_1.16.1\STM32CubeIDE\plugins\com.st.stm32cube.common.mx_6.12.1.202409122256\\db\/plugins/boardmanager/
2026-04-27 17:01:52,284 [WARN] ApiDb:259 - Overriding images path with different value:  => C:\ST\STM32CubeIDE_1.16.1\STM32CubeIDE\plugins\com.st.stm32cube.common.mx_6.12.1.202409122256\\db\/plugins/mcufinder/images/
2026-04-27 17:01:52,288 [INFO] ApiDb:250 - Set database path to: C:\Users\pc\.stmcufinder\plugins\mcufinder//mcu/
2026-04-27 17:01:52,288 [INFO] DbMcusAds:125 - Set database path to: C:\Users\pc\.stmcufinder\plugins\mcufinder//mcu/
2026-04-27 17:01:52,289 [INFO] CrossReferenceDbSqlite:203 - Set database path to: C:\Users\pc\.stmcufinder\plugins\mcufinder//mcu/cs/
2026-04-27 17:01:52,359 [INFO] RulesReader:64 - Compatibility file has been processed (297 Rules)
2026-04-27 17:01:52,413 [INFO] DbMcusXml:78 - Set database path to: C:\ST\STM32CubeIDE_1.16.1\STM32CubeIDE\plugins\com.st.stm32cube.common.mx_6.12.1.202409122256\\db\/mcu/
2026-04-27 17:01:52,413 [INFO] ApiDb:274 - Set plugin database path to: C:\ST\STM32CubeIDE_1.16.1\STM32CubeIDE\plugins\com.st.stm32cube.common.mx_6.12.1.202409122256\\db\/plugins/boardmanager/
2026-04-27 17:01:52,413 [INFO] ApiDb:261 - Set plugin images path to: C:\ST\STM32CubeIDE_1.16.1\STM32CubeIDE\plugins\com.st.stm32cube.common.mx_6.12.1.202409122256\\db\/plugins/mcufinder/images/
2026-04-27 17:01:52,413 [WARN] DbFile:41 - Overriding database path with different value: C:\Users\pc\.stmcufinder\plugins\mcufinder/ => C:\Users\pc\.stmcufinder\plugins\mcufinder
2026-04-27 17:01:52,414 [INFO] ApiDb:250 - Set database path to: C:\Users\pc\.stmcufinder\plugins\mcufinder//mcu/
2026-04-27 17:01:52,414 [WARN] DbFile:41 - Overriding database path with different value: C:\Users\pc\.stmcufinder\plugins\mcufinder/ => C:\Users\pc\.stmcufinder\plugins\mcufinder
2026-04-27 17:01:52,414 [INFO] DbMcusAds:125 - Set database path to: C:\Users\pc\.stmcufinder\plugins\mcufinder//mcu/
2026-04-27 17:01:52,414 [WARN] DbFile:41 - Overriding database path with different value: C:\Users\pc\.stmcufinder\plugins\mcufinder/ => C:\Users\pc\.stmcufinder\plugins\mcufinder
2026-04-27 17:01:52,414 [WARN] DbFile:41 - Overriding database path with different value: C:\Users\pc\.stmcufinder\plugins\mcufinder/ => C:\Users\pc\.stmcufinder\plugins\mcufinder
2026-04-27 17:01:52,414 [INFO] CrossReferenceDbSqlite:203 - Set database path to: C:\Users\pc\.stmcufinder\plugins\mcufinder//mcu/cs/
2026-04-27 17:01:52,463 [INFO] MainPanel:268 - HeapMemory: 268435456
2026-04-27 17:01:52,508 [INFO] DbMcusXml:78 - Set database path to: C:\ST\STM32CubeIDE_1.16.1\STM32CubeIDE\plugins\com.st.stm32cube.common.mx_6.12.1.202409122256\\db\/mcu/
2026-04-27 17:01:52,508 [INFO] ApiDb:274 - Set plugin database path to: C:\ST\STM32CubeIDE_1.16.1\STM32CubeIDE\plugins\com.st.stm32cube.common.mx_6.12.1.202409122256\\db\/plugins/boardmanager/
2026-04-27 17:01:52,508 [INFO] ApiDb:261 - Set plugin images path to: C:\ST\STM32CubeIDE_1.16.1\STM32CubeIDE\plugins\com.st.stm32cube.common.mx_6.12.1.202409122256\\db\/plugins/mcufinder/images/
2026-04-27 17:01:52,508 [WARN] DbFile:41 - Overriding database path with different value: C:\Users\pc\.stmcufinder\plugins\mcufinder/ => C:\Users\pc\.stmcufinder\plugins\mcufinder
2026-04-27 17:01:52,508 [INFO] ApiDb:250 - Set database path to: C:\Users\pc\.stmcufinder\plugins\mcufinder//mcu/
2026-04-27 17:01:52,508 [WARN] DbFile:41 - Overriding database path with different value: C:\Users\pc\.stmcufinder\plugins\mcufinder/ => C:\Users\pc\.stmcufinder\plugins\mcufinder
2026-04-27 17:01:52,508 [INFO] DbMcusAds:125 - Set database path to: C:\Users\pc\.stmcufinder\plugins\mcufinder//mcu/
2026-04-27 17:01:52,508 [WARN] DbFile:41 - Overriding database path with different value: C:\Users\pc\.stmcufinder\plugins\mcufinder/ => C:\Users\pc\.stmcufinder\plugins\mcufinder
2026-04-27 17:01:52,508 [WARN] DbFile:41 - Overriding database path with different value: C:\Users\pc\.stmcufinder\plugins\mcufinder/ => C:\Users\pc\.stmcufinder\plugins\mcufinder
2026-04-27 17:01:52,508 [INFO] CrossReferenceDbSqlite:203 - Set database path to: C:\Users\pc\.stmcufinder\plugins\mcufinder//mcu/cs/
2026-04-27 17:01:52,519 [INFO] ApplicationProperties:184 - Using Application install path: C:\ST\STM32CubeIDE_1.16.1\STM32CubeIDE\plugins\com.st.stm32cube.common.mx_6.12.1.202409122256
2026-04-27 17:01:52,520 [INFO] PluginManage:196 - Search for loadable plugins [exclusion list=, ]
2026-04-27 17:01:52,521 [INFO] PluginManage:310 - Check plugin analytics
2026-04-27 17:01:52,642 [INFO] AnalyticsPlugin:253 - Accepted Software Licenses: 
2026-04-27 17:01:52,642 [INFO] AnalyticsPlugin:255 - Accepted CMSIS Pack Licenses: 
2026-04-27 17:01:52,642 [INFO] AnalyticsPlugin:257 - Accepted Firmware Licenses: FW.F4.1.28.0
2026-04-27 17:01:52,645 [INFO] PluginManage:359 - Loaded plugin analytics (category:tool,tabindex:-1)
2026-04-27 17:01:52,645 [INFO] PluginManage:310 - Check plugin cadmodel
2026-04-27 17:01:52,650 [INFO] CADModel:105 - Init CAD model plugin
2026-04-27 17:01:52,650 [INFO] PluginManage:359 - Loaded plugin cadmodel (category:power,tabindex:5)
2026-04-27 17:01:52,650 [INFO] PluginManage:310 - Check plugin clock
2026-04-27 17:01:52,658 [INFO] PluginManage:359 - Loaded plugin clock (category:base,tabindex:2)
2026-04-27 17:01:52,658 [INFO] PluginManage:310 - Check plugin ddr
2026-04-27 17:01:52,659 [INFO] PluginManage:359 - Loaded plugin ddr (category:tool,tabindex:6)
2026-04-27 17:01:52,659 [INFO] PluginManage:310 - Check plugin filemanager
2026-04-27 17:01:52,763 [INFO] PluginManage:359 - Loaded plugin filemanager (category:base,tabindex:10)
2026-04-27 17:01:52,763 [INFO] PluginManage:310 - Check plugin ipmanager
2026-04-27 17:01:52,768 [INFO] PluginManage:359 - Loaded plugin ipmanager (category:base,tabindex:5)
2026-04-27 17:01:52,768 [INFO] PluginManage:310 - Check plugin lpbam
2026-04-27 17:01:52,773 [INFO] PluginManage:359 - Loaded plugin lpbam (category:base,tabindex:0)
2026-04-27 17:01:52,773 [INFO] PluginManage:310 - Check plugin memorymap
2026-04-27 17:01:52,778 [INFO] PluginManage:359 - Loaded plugin memorymap (category:base,tabindex:4)
2026-04-27 17:01:52,778 [INFO] PluginManage:310 - Check plugin pinoutandconfiguration
2026-04-27 17:01:52,782 [INFO] PluginManage:359 - Loaded plugin pinoutandconfiguration (category:base,tabindex:1)
2026-04-27 17:01:52,782 [INFO] PluginManage:310 - Check plugin pinoutconfig
2026-04-27 17:01:52,863 [WARN] SupportedApi:132 - Cannot load RTOS API schema: s4s-elt-must-match.1: The content of 'definitions' must match (annotation?, (simpleType | complexType)?, (unique | key | keyref)*)). A problem was found starting at: attribute.
2026-04-27 17:01:52,957 [INFO] PluginManage:359 - Loaded plugin pinoutconfig (category:base,tabindex:0)
2026-04-27 17:01:52,957 [INFO] PluginManage:310 - Check plugin power
2026-04-27 17:01:52,963 [INFO] PluginManage:359 - Loaded plugin power (category:power,tabindex:4)
2026-04-27 17:01:52,963 [INFO] PluginManage:310 - Check plugin projectmanager
2026-04-27 17:01:52,972 [INFO] PluginManage:359 - Loaded plugin projectmanager (category:projectmanager,tabindex:4)
2026-04-27 17:01:52,972 [INFO] PluginManage:310 - Check plugin rif
2026-04-27 17:01:52,974 [INFO] PluginManage:359 - Loaded plugin rif (category:base,tabindex:3)
2026-04-27 17:01:52,975 [INFO] PluginManage:310 - Check plugin thirdparty
2026-04-27 17:01:53,043 [WARN] IntegrityCheckThread:84 - waiting for thirdparty lock release [integrity check]
2026-04-27 17:01:53,043 [INFO] PluginManage:359 - Loaded plugin thirdparty (category:base,tabindex:-1)
2026-04-27 17:01:53,043 [INFO] IntegrityCheckThread:86 - entering critical section [integrity check]
2026-04-27 17:01:53,044 [INFO] PluginManage:310 - Check plugin tools
2026-04-27 17:01:53,044 [INFO] ThirdPartyUpdaterWithRetryManager:70 - Updater plugin not ready yet. [1/15]
2026-04-27 17:01:53,047 [INFO] PluginManage:359 - Loaded plugin tools (category:base,tabindex:7)
2026-04-27 17:01:53,047 [INFO] PluginManage:310 - Check plugin tutovideos
2026-04-27 17:01:53,129 [INFO] PluginManage:359 - Loaded plugin tutovideos (category:base,tabindex:-1)
2026-04-27 17:01:53,129 [INFO] PluginManage:310 - Check plugin updater
2026-04-27 17:01:53,138 [INFO] PluginManage:359 - Loaded plugin updater (category:base,tabindex:12)
2026-04-27 17:01:53,138 [INFO] PluginManage:310 - Check plugin userauth
2026-04-27 17:01:53,141 [INFO] UserAuth:113 - Init User Auth plugin
2026-04-27 17:01:53,141 [INFO] PluginManage:359 - Loaded plugin userauth (category:base,tabindex:14)
2026-04-27 17:01:53,141 [INFO] PluginManage:283 - PluginManage : Loaded plugins [18]
2026-04-27 17:01:53,262 [INFO] PinOutPanel:1561 - setPackage(No Configuration,No Configuration)
2026-04-27 17:01:53,316 [INFO] CADModel:165 - CPN selected for project level
2026-04-27 17:01:53,316 [INFO] CADModel:114 - Register for checkConnection events
2026-04-27 17:01:53,326 [INFO] IPUIPlugin:80 - create IPUIPlugin
2026-04-27 17:01:53,326 [INFO] PluginManager:220 - loadIPPluginJar : add adc
2026-04-27 17:01:53,328 [INFO] IPUIPlugin:80 - create IPUIPlugin
2026-04-27 17:01:53,328 [INFO] PluginManager:220 - loadIPPluginJar : add aes
2026-04-27 17:01:53,330 [INFO] IPUIPlugin:80 - create IPUIPlugin
2026-04-27 17:01:53,330 [INFO] PluginManager:220 - loadIPPluginJar : add can
2026-04-27 17:01:53,331 [INFO] IPUIPlugin:80 - create IPUIPlugin
2026-04-27 17:01:53,331 [INFO] PluginManager:220 - loadIPPluginJar : add comp
2026-04-27 17:01:53,332 [INFO] IPUIPlugin:80 - create IPUIPlugin
2026-04-27 17:01:53,332 [INFO] PluginManager:220 - loadIPPluginJar : add cryp
2026-04-27 17:01:53,334 [INFO] IPUIPlugin:80 - create IPUIPlugin
2026-04-27 17:01:53,334 [INFO] PluginManager:220 - loadIPPluginJar : add ddr_ctrl_phy
2026-04-27 17:01:53,335 [INFO] IPUIPlugin:80 - create IPUIPlugin
2026-04-27 17:01:53,335 [INFO] PluginManager:220 - loadIPPluginJar : add dfsdm
2026-04-27 17:01:53,338 [INFO] IPUIPlugin:80 - create IPUIPlugin
2026-04-27 17:01:53,339 [INFO] PluginManager:220 - loadIPPluginJar : add dma
2026-04-27 17:01:53,340 [INFO] IPUIPlugin:80 - create IPUIPlugin
2026-04-27 17:01:53,340 [INFO] PluginManager:220 - loadIPPluginJar : add dma3
2026-04-27 17:01:53,342 [INFO] IPUIPlugin:80 - create IPUIPlugin
2026-04-27 17:01:53,342 [INFO] PluginManager:220 - loadIPPluginJar : add extmemmanager
2026-04-27 17:01:53,343 [INFO] IPUIPlugin:80 - create IPUIPlugin
2026-04-27 17:01:53,343 [INFO] PluginManager:220 - loadIPPluginJar : add fatfs
2026-04-27 17:01:53,345 [INFO] IPUIPlugin:80 - create IPUIPlugin
2026-04-27 17:01:53,345 [INFO] PluginManager:220 - loadIPPluginJar : add fmc
2026-04-27 17:01:53,348 [INFO] IPUIPlugin:80 - create IPUIPlugin
2026-04-27 17:01:53,348 [INFO] PluginManager:220 - loadIPPluginJar : add freertos
2026-04-27 17:01:53,349 [INFO] IPUIPlugin:80 - create IPUIPlugin
2026-04-27 17:01:53,349 [INFO] PluginManager:220 - loadIPPluginJar : add genericplugin
2026-04-27 17:01:53,350 [INFO] IPUIPlugin:80 - create IPUIPlugin
2026-04-27 17:01:53,350 [INFO] PluginManager:220 - loadIPPluginJar : add gfxmmu
2026-04-27 17:01:53,353 [INFO] IPUIPlugin:80 - create IPUIPlugin
2026-04-27 17:01:53,354 [INFO] PluginManager:220 - loadIPPluginJar : add gic
2026-04-27 17:01:53,356 [INFO] IPUIPlugin:80 - create IPUIPlugin
2026-04-27 17:01:53,356 [INFO] PluginManager:220 - loadIPPluginJar : add gpio
2026-04-27 17:01:53,358 [INFO] IPUIPlugin:80 - create IPUIPlugin
2026-04-27 17:01:53,358 [INFO] PluginManager:220 - loadIPPluginJar : add gtzc
2026-04-27 17:01:53,360 [INFO] IPUIPlugin:80 - create IPUIPlugin
2026-04-27 17:01:53,360 [INFO] PluginManager:220 - loadIPPluginJar : add hash
2026-04-27 17:01:53,361 [INFO] IPUIPlugin:80 - create IPUIPlugin
2026-04-27 17:01:53,361 [INFO] PluginManager:220 - loadIPPluginJar : add i2c
2026-04-27 17:01:53,363 [INFO] IPUIPlugin:80 - create IPUIPlugin
2026-04-27 17:01:53,363 [INFO] PluginManager:220 - loadIPPluginJar : add i2s
2026-04-27 17:01:53,365 [INFO] IPUIPlugin:80 - create IPUIPlugin
2026-04-27 17:01:53,365 [INFO] PluginManager:220 - loadIPPluginJar : add i3c
2026-04-27 17:01:53,367 [INFO] IPUIPlugin:80 - create IPUIPlugin
2026-04-27 17:01:53,368 [INFO] PluginManager:220 - loadIPPluginJar : add ipddr
2026-04-27 17:01:53,371 [INFO] IPUIPlugin:80 - create IPUIPlugin
2026-04-27 17:01:53,371 [INFO] PluginManager:220 - loadIPPluginJar : add linkedlist
2026-04-27 17:01:53,374 [INFO] IPUIPlugin:80 - create IPUIPlugin
2026-04-27 17:01:53,374 [INFO] PluginManager:220 - loadIPPluginJar : add lorawan
2026-04-27 17:01:53,374 [INFO] IPUIPlugin:80 - create IPUIPlugin
2026-04-27 17:01:53,375 [INFO] PluginManager:220 - loadIPPluginJar : add ltdc
2026-04-27 17:01:53,378 [INFO] IPUIPlugin:80 - create IPUIPlugin
2026-04-27 17:01:53,378 [INFO] PluginManager:220 - loadIPPluginJar : add mdma
2026-04-27 17:01:53,380 [INFO] IPUIPlugin:80 - create IPUIPlugin
2026-04-27 17:01:53,380 [INFO] PluginManager:220 - loadIPPluginJar : add nvic
2026-04-27 17:01:53,381 [INFO] IPUIPlugin:80 - create IPUIPlugin
2026-04-27 17:01:53,381 [INFO] PluginManager:220 - loadIPPluginJar : add opamp
2026-04-27 17:01:53,383 [INFO] IPUIPlugin:80 - create IPUIPlugin
2026-04-27 17:01:53,383 [INFO] PluginManager:220 - loadIPPluginJar : add openamp
2026-04-27 17:01:53,384 [INFO] IPUIPlugin:80 - create IPUIPlugin
2026-04-27 17:01:53,384 [INFO] PluginManager:220 - loadIPPluginJar : add pdm2pcm
2026-04-27 17:01:53,388 [INFO] IPUIPlugin:80 - create IPUIPlugin
2026-04-27 17:01:53,391 [INFO] PluginManager:220 - loadIPPluginJar : add plateformsettings
2026-04-27 17:01:53,393 [INFO] IPUIPlugin:80 - create IPUIPlugin
2026-04-27 17:01:53,393 [INFO] PluginManager:220 - loadIPPluginJar : add quadspi
2026-04-27 17:01:53,394 [INFO] IPUIPlugin:80 - create IPUIPlugin
2026-04-27 17:01:53,395 [INFO] PluginManager:220 - loadIPPluginJar : add radio
2026-04-27 17:01:53,397 [INFO] IPUIPlugin:80 - create IPUIPlugin
2026-04-27 17:01:53,397 [INFO] PluginManager:220 - loadIPPluginJar : add resmgrutility
2026-04-27 17:01:53,399 [INFO] IPUIPlugin:80 - create IPUIPlugin
2026-04-27 17:01:53,399 [INFO] PluginManager:220 - loadIPPluginJar : add sai
2026-04-27 17:01:53,401 [INFO] IPUIPlugin:80 - create IPUIPlugin
2026-04-27 17:01:53,401 [INFO] PluginManager:220 - loadIPPluginJar : add spi
2026-04-27 17:01:53,404 [INFO] IPUIPlugin:80 - create IPUIPlugin
2026-04-27 17:01:53,404 [INFO] PluginManager:220 - loadIPPluginJar : add stm32_wpan
2026-04-27 17:01:53,405 [INFO] IPUIPlugin:80 - create IPUIPlugin
2026-04-27 17:01:53,405 [INFO] PluginManager:220 - loadIPPluginJar : add tim
2026-04-27 17:01:53,407 [INFO] IPUIPlugin:80 - create IPUIPlugin
2026-04-27 17:01:53,407 [INFO] PluginManager:220 - loadIPPluginJar : add touchsensing
2026-04-27 17:01:53,409 [INFO] IPUIPlugin:80 - create IPUIPlugin
2026-04-27 17:01:53,409 [INFO] PluginManager:220 - loadIPPluginJar : add tracer_emb
2026-04-27 17:01:53,410 [INFO] IPUIPlugin:80 - create IPUIPlugin
2026-04-27 17:01:53,411 [INFO] PluginManager:220 - loadIPPluginJar : add ts
2026-04-27 17:01:53,412 [INFO] IPUIPlugin:80 - create IPUIPlugin
2026-04-27 17:01:53,412 [INFO] PluginManager:220 - loadIPPluginJar : add tsc
2026-04-27 17:01:53,413 [INFO] IPUIPlugin:80 - create IPUIPlugin
2026-04-27 17:01:53,413 [INFO] PluginManager:220 - loadIPPluginJar : add ucpd
2026-04-27 17:01:53,415 [INFO] IPUIPlugin:80 - create IPUIPlugin
2026-04-27 17:01:53,415 [INFO] PluginManager:220 - loadIPPluginJar : add usart
2026-04-27 17:01:53,417 [INFO] IPUIPlugin:80 - create IPUIPlugin
2026-04-27 17:01:53,417 [INFO] PluginManager:220 - loadIPPluginJar : add usbx
2026-04-27 17:01:53,525 [INFO] CADModel:165 - CPN selected for project level
2026-04-27 17:01:53,525 [INFO] CADModel:114 - Register for checkConnection events
2026-04-27 17:01:53,525 [FATAL] Updater:334 - Updater called before beeing initialized
2026-04-27 17:01:53,525 [ERROR] CADModel:125 - Updater not yet initialized, retry later 
2026-04-27 17:01:53,597 [INFO] CADModel:165 - CPN selected for project level
2026-04-27 17:01:53,597 [INFO] CADModel:114 - Register for checkConnection events
2026-04-27 17:01:53,597 [FATAL] Updater:334 - Updater called before beeing initialized
2026-04-27 17:01:53,597 [ERROR] CADModel:125 - Updater not yet initialized, retry later 
2026-04-27 17:01:53,598 [FATAL] Updater:334 - Updater called before beeing initialized
2026-04-27 17:01:53,654 [FATAL] Updater:334 - Updater called before beeing initialized
2026-04-27 17:01:53,656 [INFO] DbMcusAds:53 - JSON generation date=Fri Apr 10 12:19:02 GMT+03:00 2026 (1775812742310)
2026-04-27 17:01:53,656 [FATAL] Updater:334 - Updater called before beeing initialized
2026-04-27 17:01:53,674 [WARN] DetailPanel:346 - Failed to get advertising image, set to default
2026-04-27 17:01:53,721 [FATAL] Updater:334 - Updater called before beeing initialized
2026-04-27 17:01:53,722 [FATAL] Updater:334 - Updater called before beeing initialized
2026-04-27 17:01:53,722 [FATAL] Updater:334 - Updater called before beeing initialized
2026-04-27 17:01:53,723 [WARN] DetailPanel:346 - Failed to get advertising image, set to default
2026-04-27 17:01:53,723 [FATAL] Updater:334 - Updater called before beeing initialized
2026-04-27 17:01:53,749 [ERROR] Updater:1164 - MainUpdater not yet initialized. External WinMGr cannot be set.
2026-04-27 17:01:53,751 [INFO] Updater:1100 - Updater Version found : 6.12.1
2026-04-27 17:01:53,760 [INFO] ApplicationProperties:184 - Using Application install path: C:\ST\STM32CubeIDE_1.16.1\STM32CubeIDE\plugins\com.st.stm32cube.common.mx_6.12.1.202409122256
2026-04-27 17:01:55,328 [ERROR] LogOutputStream:75 - [STDERR_REDIRECT] Apr 27, 2026 5:01:55 PM java.util.prefs.WindowsPreferences <init>
2026-04-27 17:01:55,329 [ERROR] LogOutputStream:75 - [STDERR_REDIRECT] WARNING: Could not open/create prefs root node Software\JavaSoft\Prefs at root 0xffffffff80000002. Windows RegCreateKeyEx(...) returned error code 5.
2026-04-27 17:01:55,329 [ERROR] LogOutputStream:75 - [STDERR_REDIRECT] 
2026-04-27 17:01:55,826 [INFO] MainUpdater:2873 - connection check result : 10
2026-04-27 17:01:55,826 [INFO] MainUpdater:290 - Updater Check For Update Now.
2026-04-27 17:01:55,826 [INFO] MicroXplorer:498 - Change Database Version : DB.6.0.121
2026-04-27 17:01:55,830 [INFO] McuFinderGlobals:63 - Set McuFinder mode to 2 (CubeIDE integrated)
2026-04-27 17:01:55,830 [INFO] UserAuth:179 - activating auth plugin
2026-04-27 17:01:55,832 [INFO] UserAuth:417 - Internet connection configuration mode: 1
2026-04-27 17:01:55,849 [INFO] JxBrowserEngine:152 - Initiate JxBrowser Engine with user profile folder
2026-04-27 17:01:56,001 [INFO] CheckServerUpdateThread:120 - End of CheckServer Thread
2026-04-27 17:01:56,213 [WARN] PackLoader:240 - Cannot read IP mode file for STMicroelectronics.X-CUBE-AZRTOS-H7.3.5.0
2026-04-27 17:01:56,225 [WARN] PackLoader:240 - Cannot read IP mode file for STMicroelectronics.FP-ATR-ASTRA1.2.0.2
2026-04-27 17:01:56,243 [WARN] PackLoader:240 - Cannot read IP mode file for STMicroelectronics.X-CUBE-SMBUS.2.1.0
2026-04-27 17:01:56,267 [WARN] PackLoader:240 - Cannot read IP mode file for STMicroelectronics.X-CUBE-AZRTOS-F7.1.1.0
2026-04-27 17:01:56,273 [ERROR] Engine:466 - C:\Users\pc\.stm32cubemx\thirdparties\pdsc\STMicroelectronics.FP-SNS-MOTENV1.5.1.0.pdsc: PDSC version is not supported
2026-04-27 17:01:56,278 [ERROR] Engine:466 - C:\Users\pc\.stm32cubemx\thirdparties\pdsc\WES.I-CUBE-Cesium.1.4.0.pdsc: PDSC version is not supported
2026-04-27 17:01:56,294 [WARN] PackLoader:240 - Cannot read IP mode file for STMicroelectronics.X-CUBE-DISPLAY.3.0.0
2026-04-27 17:01:56,300 [ERROR] Engine:466 - C:\Users\pc\.stm32cubemx\thirdparties\pdsc\STMicroelectronics.FP-SNS-MOTENVWB1.1.5.0.pdsc: PDSC version is not supported
2026-04-27 17:01:56,309 [WARN] PackLoader:240 - Cannot read IP mode file for STMicroelectronics.X-CUBE-NFC10.1.0.0
2026-04-27 17:01:56,313 [ERROR] Engine:466 - C:\Users\pc\.stm32cubemx\thirdparties\pdsc\STMicroelectronics.X-CUBE-ST60.1.1.0.pdsc: PDSC version is not supported
2026-04-27 17:01:56,318 [WARN] PackLoader:240 - Cannot read IP mode file for emotas.I-CUBE-CANOPEN.1.3.0
2026-04-27 17:01:56,323 [WARN] PackLoader:240 - Cannot read IP mode file for STMicroelectronics.X-CUBE-GNSS1.7.1.0
2026-04-27 17:01:56,326 [ERROR] Engine:466 - C:\Users\pc\.stm32cubemx\thirdparties\pdsc\STMicroelectronics.FP-SNS-STBOX1.2.1.0.pdsc: PDSC version is not supported
2026-04-27 17:01:56,331 [WARN] PackLoader:240 - Cannot read IP mode file for STMicroelectronics.FP-SNS-SMARTAG2.1.2.0
2026-04-27 17:01:56,333 [ERROR] Engine:466 - C:\Users\pc\.stm32cubemx\thirdparties\pdsc\STMicroelectronics.FP-SNS-FLIGHT1.5.1.0.pdsc: PDSC version is not supported
2026-04-27 17:01:56,342 [INFO] LogOutputStream:77 - [STDOUT_REDIRECT] 1 : Invalid condition id : UX_CORESTACK_Condition cause : null
2026-04-27 17:01:56,342 [INFO] LogOutputStream:77 - [STDOUT_REDIRECT] 1 : Invalid condition id : UX_CORESTACK_Condition cause : null
2026-04-27 17:01:56,343 [INFO] LogOutputStream:77 - [STDOUT_REDIRECT] 1 : Invalid condition id : UX_CORESTACK_Condition cause : null
2026-04-27 17:01:56,344 [INFO] LogOutputStream:77 - [STDOUT_REDIRECT] 1 : Invalid condition id : UX_CORESTACK_Condition cause : null
2026-04-27 17:01:56,345 [INFO] LogOutputStream:77 - [STDOUT_REDIRECT] 1 : Invalid condition id : UX_CORESTACK_Condition cause : null
2026-04-27 17:01:56,347 [WARN] PackLoader:240 - Cannot read IP mode file for STMicroelectronics.X-CUBE-AZRTOS-WL.2.0.0
2026-04-27 17:01:56,368 [WARN] PackLoader:240 - Cannot read IP mode file for STMicroelectronics.X-CUBE-AZRTOS-H7RS.1.2.0
2026-04-27 17:01:56,375 [WARN] PackLoader:240 - Cannot read IP mode file for STMicroelectronics.X-CUBE-BLE2.3.3.0
2026-04-27 17:01:56,377 [ERROR] Engine:466 - C:\Users\pc\.stm32cubemx\thirdparties\pdsc\Avnet-IOTCONNECT.X-CUBE-iotc-st67-sdk.1.0.0.pdsc: PDSC version is not supported
2026-04-27 17:01:56,407 [WARN] PackLoader:240 - Cannot read IP mode file for Infineon.AIROC-Wi-Fi-Bluetooth-STM32.1.8.0
2026-04-27 17:01:56,426 [WARN] PackLoader:240 - Cannot read IP mode file for STMicroelectronics.X-CUBE-NFC9.1.0.0
2026-04-27 17:01:56,432 [WARN] PackLoader:240 - Cannot read IP mode file for STMicroelectronics.X-CUBE-BLE1.7.1.0
2026-04-27 17:01:56,438 [WARN] PackLoader:240 - Cannot read IP mode file for wolfSSL.I-CUBE-wolfMQTT.1.19.2
2026-04-27 17:01:56,442 [WARN] PackLoader:240 - Cannot read IP mode file for STMicroelectronics.X-CUBE-EEPRMA1.5.2.0
2026-04-27 17:01:56,446 [WARN] PackLoader:240 - Cannot read IP mode file for wolfSSL.I-CUBE-wolfSSL.5.8.4
2026-04-27 17:01:56,448 [ERROR] Engine:466 - C:\Users\pc\.stm32cubemx\thirdparties\pdsc\STMicroelectronics.FP-SNS-STAIOTCFT.1.1.0.pdsc: PDSC version is not supported
2026-04-27 17:01:56,482 [WARN] PackLoader:240 - Cannot read IP mode file for STMicroelectronics.X-CUBE-MEMS1.12.0.0
2026-04-27 17:01:56,548 [WARN] PackLoader:240 - Cannot read IP mode file for STMicroelectronics.X-CUBE-AZRTOS-G0.1.1.0
2026-04-27 17:01:56,552 [WARN] PackLoader:240 - Cannot read IP mode file for STMicroelectronics.X-CUBE-NFC4.3.0.0
2026-04-27 17:01:56,559 [WARN] PackLoader:240 - Cannot read IP mode file for EmbeddedOffice.I-CUBE-FS-RTOS.1.0.1
2026-04-27 17:01:56,560 [ERROR] ConditionMgr:805 - Attr not supported : Dmpu
2026-04-27 17:01:56,560 [ERROR] ConditionMgr:805 - Attr not supported : Dmpu
2026-04-27 17:01:56,560 [ERROR] ConditionMgr:805 - Attr not supported : Dmpu
2026-04-27 17:01:56,560 [ERROR] ConditionMgr:805 - Attr not supported : Dmpu
2026-04-27 17:01:56,560 [ERROR] ConditionMgr:805 - Attr not supported : Dmpu
2026-04-27 17:01:56,560 [ERROR] ConditionMgr:805 - Attr not supported : Dmpu
2026-04-27 17:01:56,560 [ERROR] ConditionMgr:805 - Attr not supported : Dmpu
2026-04-27 17:01:56,560 [ERROR] ConditionMgr:805 - Attr not supported : Dmpu
2026-04-27 17:01:56,560 [ERROR] ConditionMgr:805 - Attr not supported : Dmpu
2026-04-27 17:01:56,560 [ERROR] ConditionMgr:805 - Attr not supported : Dmpu
2026-04-27 17:01:56,560 [ERROR] ConditionMgr:805 - Attr not supported : Dmpu
2026-04-27 17:01:56,560 [ERROR] ConditionMgr:805 - Attr not supported : Dmpu
2026-04-27 17:01:56,560 [ERROR] ConditionMgr:805 - Attr not supported : Dmpu
2026-04-27 17:01:56,560 [ERROR] ConditionMgr:805 - Attr not supported : Dmpu
2026-04-27 17:01:56,560 [ERROR] ConditionMgr:805 - Attr not supported : Dmpu
2026-04-27 17:01:56,560 [ERROR] ConditionMgr:805 - Attr not supported : Dmpu
2026-04-27 17:01:56,560 [ERROR] ConditionMgr:805 - Attr not supported : Dmpu
2026-04-27 17:01:56,560 [ERROR] ConditionMgr:805 - Attr not supported : Dmpu
2026-04-27 17:01:56,560 [ERROR] ConditionMgr:805 - Attr not supported : Dmpu
2026-04-27 17:01:56,560 [ERROR] ConditionMgr:805 - Attr not supported : Dmpu
2026-04-27 17:01:56,560 [ERROR] ConditionMgr:805 - Attr not supported : Dmpu
2026-04-27 17:01:56,560 [ERROR] ConditionMgr:805 - Attr not supported : Dmpu
2026-04-27 17:01:56,560 [ERROR] ConditionMgr:805 - Attr not supported : Dmpu
2026-04-27 17:01:56,560 [ERROR] ConditionMgr:805 - Attr not supported : Dmpu
2026-04-27 17:01:56,560 [ERROR] ConditionMgr:805 - Attr not supported : Dmpu
2026-04-27 17:01:56,560 [ERROR] ConditionMgr:805 - Attr not supported : Dmpu
2026-04-27 17:01:56,560 [ERROR] ConditionMgr:805 - Attr not supported : Dmpu
2026-04-27 17:01:56,560 [ERROR] ConditionMgr:805 - Attr not supported : Dmpu
2026-04-27 17:01:56,560 [ERROR] ConditionMgr:805 - Attr not supported : Dmpu
2026-04-27 17:01:56,560 [ERROR] ConditionMgr:805 - Attr not supported : Dmpu
2026-04-27 17:01:56,560 [ERROR] ConditionMgr:805 - Attr not supported : Dmpu
2026-04-27 17:01:56,560 [ERROR] ConditionMgr:805 - Attr not supported : Dmpu
2026-04-27 17:01:56,561 [ERROR] ConditionMgr:805 - Attr not supported : Dmpu
2026-04-27 17:01:56,561 [ERROR] ConditionMgr:805 - Attr not supported : Dmpu
2026-04-27 17:01:56,561 [ERROR] ConditionMgr:805 - Attr not supported : Dmpu
2026-04-27 17:01:56,561 [ERROR] ConditionMgr:805 - Attr not supported : Dmpu
2026-04-27 17:01:56,561 [ERROR] ConditionMgr:805 - Attr not supported : Dmpu
2026-04-27 17:01:56,561 [ERROR] ConditionMgr:805 - Attr not supported : Dmpu
2026-04-27 17:01:56,561 [ERROR] ConditionMgr:805 - Attr not supported : Dmpu
2026-04-27 17:01:56,561 [ERROR] ConditionMgr:805 - Attr not supported : Dmpu
2026-04-27 17:01:56,561 [ERROR] ConditionMgr:805 - Attr not supported : Dmpu
2026-04-27 17:01:56,561 [ERROR] ConditionMgr:805 - Attr not supported : Dmpu
2026-04-27 17:01:56,561 [ERROR] ConditionMgr:805 - Attr not supported : Dmpu
2026-04-27 17:01:56,561 [ERROR] ConditionMgr:805 - Attr not supported : Dmpu
2026-04-27 17:01:56,561 [ERROR] ConditionMgr:805 - Attr not supported : Dmpu
2026-04-27 17:01:56,561 [ERROR] ConditionMgr:805 - Attr not supported : Dmpu
2026-04-27 17:01:56,561 [ERROR] ConditionMgr:805 - Attr not supported : Dmpu
2026-04-27 17:01:56,561 [ERROR] ConditionMgr:805 - Attr not supported : Dmpu
2026-04-27 17:01:56,561 [ERROR] ConditionMgr:805 - Attr not supported : Dmpu
2026-04-27 17:01:56,561 [ERROR] ConditionMgr:805 - Attr not supported : Dmpu
2026-04-27 17:01:56,561 [ERROR] ConditionMgr:805 - Attr not supported : Dmpu
2026-04-27 17:01:56,561 [ERROR] ConditionMgr:805 - Attr not supported : Dmpu
2026-04-27 17:01:56,561 [ERROR] ConditionMgr:805 - Attr not supported : Dmpu
2026-04-27 17:01:56,561 [ERROR] ConditionMgr:805 - Attr not supported : Dmpu
2026-04-27 17:01:56,561 [ERROR] ConditionMgr:805 - Attr not supported : Dmpu
2026-04-27 17:01:56,561 [ERROR] ConditionMgr:805 - Attr not supported : Dmpu
2026-04-27 17:01:56,561 [ERROR] ConditionMgr:805 - Attr not supported : Dmpu
2026-04-27 17:01:56,561 [ERROR] ConditionMgr:805 - Attr not supported : Dmpu
2026-04-27 17:01:56,561 [ERROR] ConditionMgr:805 - Attr not supported : Dmpu
2026-04-27 17:01:56,561 [ERROR] ConditionMgr:805 - Attr not supported : Dmpu
2026-04-27 17:01:56,561 [ERROR] ConditionMgr:805 - Attr not supported : Dmpu
2026-04-27 17:01:56,561 [ERROR] ConditionMgr:805 - Attr not supported : Dmpu
2026-04-27 17:01:56,562 [ERROR] ConditionMgr:805 - Attr not supported : Dmpu
2026-04-27 17:01:56,562 [ERROR] ConditionMgr:805 - Attr not supported : Dmpu
2026-04-27 17:01:56,565 [WARN] PackLoader:240 - Cannot read IP mode file for wolfSSL.I-CUBE-wolfTPM.3.8.0
2026-04-27 17:01:56,566 [ERROR] Engine:466 - C:\Users\pc\.stm32cubemx\thirdparties\pdsc\STMicroelectronics.X-CUBE-TCPP.4.2.0.pdsc: PDSC version is not supported
2026-04-27 17:01:56,570 [WARN] PackLoader:240 - Cannot read IP mode file for RealThread.X-CUBE-RT-Thread_Nano.4.1.1
2026-04-27 17:01:56,573 [WARN] PackLoader:240 - Cannot read IP mode file for STMicroelectronics.FP-ATR-SIGFOX1.3.2.0
2026-04-27 17:01:56,575 [ERROR] Engine:466 - C:\Users\pc\.stm32cubemx\thirdparties\pdsc\STMicroelectronics.X-CUBE-FREERTOS.1.5.0.pdsc: PDSC version is not supported
2026-04-27 17:01:56,578 [WARN] PackLoader:240 - Cannot read IP mode file for ITTIA_DB.I-CUBE-ITTIADB.8.9.0
2026-04-27 17:01:56,580 [ERROR] Engine:466 - C:\Users\pc\.stm32cubemx\thirdparties\pdsc\Cesanta.I-CUBE-Mongoose.7.21.0.pdsc: PDSC version is not supported
2026-04-27 17:01:56,585 [WARN] PackLoader:240 - Cannot read IP mode file for STMicroelectronics.X-CUBE-NFC6.3.2.0
2026-04-27 17:01:56,590 [WARN] PackLoader:240 - Cannot read IP mode file for STMicroelectronics.X-CUBE-AI.10.2.0
2026-04-27 17:01:56,615 [WARN] PackLoader:240 - Cannot read IP mode file for SEGGER.I-CUBE-embOS.1.3.1
2026-04-27 17:01:56,640 [WARN] PackLoader:240 - Cannot read IP mode file for STMicroelectronics.X-CUBE-ALGOBUILD.1.4.0
2026-04-27 17:01:56,643 [WARN] PackLoader:240 - Cannot read IP mode file for STMicroelectronics.X-CUBE-PM33A1.1.0.0
2026-04-27 17:01:56,651 [WARN] PackLoader:240 - Cannot read IP mode file for STMicroelectronics.X-CUBE-AZRTOS-F4.1.1.0
2026-04-27 17:01:56,655 [WARN] PackLoader:240 - Cannot read IP mode file for STMicroelectronics.X-CUBE-ISPU.2.1.0
2026-04-27 17:01:56,658 [ERROR] Engine:466 - C:\Users\pc\.stm32cubemx\thirdparties\pdsc\STMicroelectronics.X-CUBE-IPS.3.2.0.pdsc: PDSC version is not supported
2026-04-27 17:01:56,659 [ERROR] Engine:466 - C:\Users\pc\.stm32cubemx\thirdparties\pdsc\STMicroelectronics.eDS-WB_DPC_TT-BIDIR.2.1.1.pdsc: PDSC version is not supported
2026-04-27 17:01:56,663 [WARN] PackLoader:240 - Cannot read IP mode file for STMicroelectronics.X-CUBE-NFC12.1.0.0
2026-04-27 17:01:56,674 [WARN] PackLoader:240 - Cannot read IP mode file for STMicroelectronics.X-CUBE-AZRTOS-L5.2.0.0
2026-04-27 17:01:56,677 [ERROR] Engine:466 - C:\Users\pc\.stm32cubemx\thirdparties\pdsc\STMicroelectronics.eDS-WB_DPC_VIENNA.1.2.0.pdsc: PDSC version is not supported
2026-04-27 17:01:56,678 [ERROR] Engine:466 - C:\Users\pc\.stm32cubemx\thirdparties\pdsc\STMicroelectronics.eDS-WB_DPC_3PH2L-BIDIR.1.1.1.pdsc: PDSC version is not supported
2026-04-27 17:01:56,679 [ERROR] Engine:466 - C:\Users\pc\.stm32cubemx\thirdparties\pdsc\STMicroelectronics.X-CUBE-ST67W61.1.3.0.pdsc: PDSC version is not supported
2026-04-27 17:01:56,684 [WARN] PackLoader:240 - Cannot read IP mode file for STMicroelectronics.X-CUBE-TOUCHGFX.4.26.1
2026-04-27 17:01:56,687 [WARN] PackLoader:240 - Cannot read IP mode file for STMicroelectronics.X-CUBE-DPower.1.3.0
2026-04-27 17:01:56,697 [WARN] ConditionMgr:438 - getConditionDescription Invalid condition id : LAN8742 Phy interface Condition cause : null
2026-04-27 17:01:56,697 [WARN] PackLoader:240 - Cannot read IP mode file for STMicroelectronics.X-CUBE-AZRTOS-L4.2.0.0
2026-04-27 17:01:56,698 [WARN] ConditionMgr:1039 - genDependencies : Invalid condition id : LAN8742 Phy interface Condition cause : null
2026-04-27 17:01:56,698 [WARN] ConditionMgr:1039 - genDependencies : Invalid condition id : LAN8742 Phy interface Condition cause : null
2026-04-27 17:01:56,698 [WARN] ConditionMgr:1039 - genDependencies : Invalid condition id : LAN8742 Phy interface Condition cause : null
2026-04-27 17:01:56,703 [WARN] PackLoader:240 - Cannot read IP mode file for STMicroelectronics.X-CUBE-SFXS2LP1.4.0.0
2026-04-27 17:01:56,706 [WARN] PackLoader:240 - Cannot read IP mode file for STMicroelectronics.X-CUBE-WB05N.2.1.0
2026-04-27 17:01:56,709 [ERROR] Engine:466 - C:\Users\pc\.stm32cubemx\thirdparties\pdsc\STMicroelectronics.X-CUBE-BLEMGR.4.1.0.pdsc: PDSC version is not supported
2026-04-27 17:01:56,715 [WARN] ConditionMgr:438 - getConditionDescription Invalid condition id : UX DEVICE CLASS RTOS Condition cause : null
2026-04-27 17:01:56,715 [WARN] ConditionMgr:438 - getConditionDescription Invalid condition id : UX DEVICE CLASS RTOS Condition cause : null
2026-04-27 17:01:56,716 [WARN] PackLoader:240 - Cannot read IP mode file for STMicroelectronics.X-CUBE-AZRTOS-WB.2.0.0
2026-04-27 17:01:56,717 [WARN] ConditionMgr:1039 - genDependencies : Invalid condition id : UX DEVICE CLASS RTOS Condition cause : null
2026-04-27 17:01:56,717 [WARN] ConditionMgr:1039 - genDependencies : Invalid condition id : UX DEVICE CLASS RTOS Condition cause : null
2026-04-27 17:01:56,717 [WARN] ConditionMgr:1039 - genDependencies : Invalid condition id : UX DEVICE CLASS RTOS Condition cause : null
2026-04-27 17:01:56,717 [WARN] ConditionMgr:1039 - genDependencies : Invalid condition id : UX DEVICE CLASS RTOS Condition cause : null
2026-04-27 17:01:56,717 [WARN] ConditionMgr:1039 - genDependencies : Invalid condition id : UX DEVICE CLASS RTOS Condition cause : null
2026-04-27 17:01:56,721 [WARN] ConditionMgr:438 - getConditionDescription Invalid condition id : Cortex-A Device cause : null
2026-04-27 17:01:56,731 [WARN] ConditionMgr:1039 - genDependencies : Invalid condition id : Cortex-A Device cause : null
2026-04-27 17:01:56,731 [WARN] ConditionMgr:1039 - genDependencies : Invalid condition id : Cortex-A Device cause : null
2026-04-27 17:01:56,732 [WARN] ConditionMgr:1039 - genDependencies : Invalid condition id : Cortex-A Device cause : null
2026-04-27 17:01:56,736 [WARN] PackLoader:240 - Cannot read IP mode file for STMicroelectronics.X-CUBE-STSE01.2.0.0
2026-04-27 17:01:56,744 [WARN] PackLoader:240 - Cannot read IP mode file for STMicroelectronics.X-CUBE-SUBG2.5.0.0
2026-04-27 17:01:56,754 [WARN] PackLoader:240 - Cannot read IP mode file for STMicroelectronics.X-CUBE-AZRTOS-G4.2.0.0
2026-04-27 17:01:56,758 [WARN] PackLoader:240 - Cannot read IP mode file for wolfSSL.I-CUBE-wolfSSH.1.4.20
2026-04-27 17:01:56,761 [WARN] PackLoader:240 - Cannot read IP mode file for STMicroelectronics.X-CUBE-NFC7.2.0.0
2026-04-27 17:01:56,765 [WARN] PackLoader:240 - Cannot read IP mode file for STMicroelectronics.X-CUBE-ALS.1.0.2
2026-04-27 17:01:56,768 [ERROR] Engine:466 - C:\Users\pc\.stm32cubemx\thirdparties\pdsc\STMicroelectronics.X-CUBE-TOF1.3.4.3.pdsc: PDSC version is not supported
2026-04-27 17:01:56,769 [INFO] ThirdParty:978 - Integrity check success = true
2026-04-27 17:01:56,769 [INFO] IntegrityCheckThread:100 - exiting critical section [integrity check]
2026-04-27 17:01:56,769 [INFO] IntegrityCheckThread:103 - End integrity checks thread
2026-04-27 17:01:56,894 [INFO] WebApp:167 - Instantiating new browser for Auth
2026-04-27 17:01:57,457 [INFO] WebApp:448 - Apply proxy settings
2026-04-27 17:01:57,457 [INFO] WebApp:533 - Chromium requires no authentication
2026-04-27 17:01:57,464 [INFO] WebApp:476 - Direct internet connection detected
2026-04-27 17:01:57,477 [INFO] WebApp:869 - Register for checkConnection events
2026-04-27 17:01:57,477 [INFO] WebApp:448 - Apply proxy settings
2026-04-27 17:01:57,478 [INFO] WebApp:533 - Chromium requires no authentication
2026-04-27 17:01:57,478 [INFO] WebApp:476 - Direct internet connection detected
2026-04-27 17:01:57,562 [INFO] WebApp:220 - Starting web application
2026-04-27 17:01:57,562 [INFO] WebApp:578 - Web application path used C:\ST\STM32CubeIDE_1.16.1\STM32CubeIDE\plugins\com.st.stm32cube.common.mx_6.12.1.202409122256\db\plugins\mcufinder\reactClient1\index.html
2026-04-27 17:01:57,847 [INFO] WebApp:186 - Connection restablished
2026-04-27 17:02:18,896 [ERROR] LogOutputStream:75 - [STDERR_REDIRECT] 
