2026-05-02 17:03:45,923 [INFO] MainUpdater:2873 - connection check result : 10
2026-05-02 17:03:45,973 [INFO] McuFinderGlobals:76 - Set McuFinderConnectedMode to true
2026-05-02 17:03:46,474 [INFO] ServerAccessManage:473 - Download File mcusAds.json._tmp_
2026-05-02 17:03:46,616 [INFO] LoadUrlFilesThread:156 - End of LoadUrlFiles Thread
2026-05-02 17:03:47,100 [INFO] ServerAccessManage:473 - Download File cube-finder-db.zip
2026-05-02 17:03:52,848 [INFO] FileExtend:240 - Unzip File : cube-finder-db.zip
2026-05-02 17:03:52,848 [INFO] FileExtend:255 - Standard Zip Deflate
2026-05-02 17:03:53,754 [INFO] LoadUrlFilesThread:156 - End of LoadUrlFiles Thread
2026-05-02 17:03:54,549 [INFO] ServerAccessManage:473 - Download File crdb.zip
2026-05-02 17:03:55,283 [INFO] FileExtend:240 - Unzip File : crdb.zip
2026-05-02 17:03:55,284 [INFO] FileExtend:255 - Standard Zip Deflate
2026-05-02 17:03:55,540 [INFO] LoadUrlFilesThread:156 - End of LoadUrlFiles Thread
2026-05-02 17:03:55,797 [INFO] ServerAccessManage:473 - Download File tutoVideoDB.zip
2026-05-02 17:03:55,826 [INFO] FileExtend:240 - Unzip File : tutoVideoDB.zip
2026-05-02 17:03:55,826 [INFO] FileExtend:255 - Standard Zip Deflate
2026-05-02 17:03:56,117 [INFO] LoadUrlFilesThread:156 - End of LoadUrlFiles Thread
2026-05-02 17:03:56,135 [WARN] DbFile:41 - Overriding database path with different value: C:\Users\pc\.stmcufinder\plugins\mcufinder/ => C:\Users\pc\.stmcufinder\plugins\mcufinder
2026-05-02 17:03:56,293 [INFO] ServerAccessManage:473 - Download File api_config.json
2026-05-02 17:03:56,444 [INFO] LoadUrlFilesThread:156 - End of LoadUrlFiles Thread
2026-05-02 17:03:56,453 [INFO] DbMcusAds:53 - JSON generation date=Mon Apr 27 11:14:29 GMT+03:00 2026 (1777277669683)
2026-05-02 17:03:56,463 [INFO] ApiDb:448 - Save user favorites file C:\Users\pc/.stm32cubeide/favorites.mcus.txt: 0 item(s)
2026-05-02 17:03:56,463 [INFO] ApiDb:452 - User favorites MCUs=[]
2026-05-02 17:03:56,486 [INFO] ApiDb:581 - Connected to CubeFinder SQLite database (C:\Users\pc\.stmcufinder\plugins\mcufinder\mcu\cube-finder-db.db)
2026-05-02 17:03:56,539 [INFO] ApiDb:668 - CubeFinder database Data Model version=2.1
2026-05-02 17:03:56,539 [INFO] ApiDb:669 - CubeFinder database Configuration version=3.0.42
2026-05-02 17:03:56,539 [INFO] ApiDb:670 - CubeFinder database generation date=2026-03-11 (1773229989)
2026-05-02 17:03:56,539 [INFO] ApiDb:671 - CubeFinder database FW Pack versions=[FP-ATR-ASTRA1_V2.0.0, FP-SNS-FLIGHT1_V5.1.0, FP-SNS-MOTENV1_V5.1.0, FP-SNS-MOTENVWB1_V1.5.0, FP-SNS-SMARTAG2_V1.2.0, FP-SNS-STBOX1_V2.1.0, STM32Cube_FW_C0_V1.4.0, STM32Cube_FW_F4_V1.28.3, STM32Cube_FW_F7_V1.17.4, STM32Cube_FW_G0_V1.6.3, STM32Cube_FW_G4_V1.6.2, STM32Cube_FW_H5_V1.6.0, STM32Cube_FW_H7RS_V1.3.0, STM32Cube_FW_H7_V1.13.0, STM32Cube_FW_L0_V1.12.2, STM32Cube_FW_L4_V1.18.2, STM32Cube_FW_L5_V1.6.0, STM32Cube_FW_N6_V1.3.0, STM32Cube_FW_U0_V1.3.0, STM32Cube_FW_U3_V1.3.0, STM32Cube_FW_U5_V1.8.0, STM32Cube_FW_WB0_V1.4.0, STM32Cube_FW_WBA_V1.9.0, STM32Cube_FW_WB_V1.24.0, STM32Cube_FW_WL3_V1.4.0, STM32Cube_FW_WL_V1.5.0, X-CUBE-ALGOBUILD_V1.4.0, X-CUBE-ALS_V1.0.2, X-CUBE-AZRTOS-F4_V1.1.0, X-CUBE-AZRTOS-F7_V1.1.0, X-CUBE-AZRTOS-G0_V1.1.0, X-CUBE-AZRTOS-G4_V2.0.0, X-CUBE-AZRTOS-H7RS_V1.1.0, X-CUBE-AZRTOS-H7_V3.4.0, X-CUBE-AZRTOS-L4_V2.0.0, X-CUBE-AZRTOS-L5_V2.0.0, X-CUBE-AZRTOS-WB_V2.0.0, X-CUBE-AZRTOS-WL_V2.0.0, X-CUBE-BLE1_V7.1.0, X-CUBE-BLE2_V3.3.0, X-CUBE-BLEMGR_V4.1.0, X-CUBE-EEPRMA1_V5.2.0, X-CUBE-FREERTOS_V1.5.0, X-CUBE-GNSS1_V6.0.0, X-CUBE-MEMS1_V12.0.0, X-CUBE-NFC4_V3.0.0, X-CUBE-NFC7_V2.0.0, X-CUBE-SFXS2LP1_V4.0.0, X-CUBE-ST67W61_V1.2.0, X-CUBE-SUBG2_V5.0.0, X-CUBE-TOF1_V3.4.3]
2026-05-02 17:03:57,929 [INFO] ApiDb:240 - Found 646 in-development CPN: [B-G473E-ZEST1S, B-WB1M-WPAN1, B-WL5M-SUBG1, NUCLEO-C031C6, NUCLEO-C071RB, NUCLEO-H503RB, NUCLEO-H533RE, NUCLEO-H563ZI, NUCLEO-H7S3L8, NUCLEO-U031R8, NUCLEO-U083RC, NUCLEO-U545RE-Q, NUCLEO-U5A5ZJ-Q, NUCLEO-WB05KZ, NUCLEO-WB07CC, NUCLEO-WB09KE, NUCLEO-WBA52CG, NUCLEO-WBA55CG, STEVAL-PROTEUS1, STEVAL-SMARTAG2, STEVAL-STWINBX1, STM320518-EVAL, STM32C0116-DK, STM32C011D6Y3TR, STM32C011D6Y6TR, STM32C011F4P3, STM32C011F4P6, STM32C011F4U3, STM32C011F4U6TR, STM32C011F6P3, STM32C011F6P6, STM32C011F6U3, STM32C011F6U6TR, STM32C011J4M3, STM32C011J4M6, STM32C011J6M3, STM32C011J6M6, STM32C0316-DK, STM32C031C4T3, STM32C031C4T6, STM32C031C4U3, STM32C031C4U6, STM32C031C6T3, STM32C031C6T6, STM32C031C6U3, STM32C031C6U6, STM32C031F4P3, STM32C031F4P6, STM32C031F6P3, STM32C031F6P6, STM32C031G4U3, STM32C031G4U6, STM32C031G6U3, STM32C031G6U6, STM32C031K4T3, STM32C031K4T6, STM32C031K4U3, STM32C031K4U6, STM32C031K6T3, STM32C031K6T6, STM32C031K6U3, STM32C031K6U6, STM32C071C8T6, STM32C071C8T6N, STM32C071C8U6, STM32C071C8U6N, STM32C071CBT6, STM32C071CBT6N, STM32C071CBU6, STM32C071CBU6N, STM32C071F8P6, STM32C071F8P6N, STM32C071FBP6, STM32C071FBP6N, STM32C071FBY6TR, STM32C071G8U6, STM32C071G8U6N, STM32C071GBU6, STM32C071GBU6N, STM32C071K8T6, STM32C071K8T6N, STM32C071K8U6, STM32C071K8U6N, STM32C071KBT6, STM32C071KBT6N, STM32C071KBU6, STM32C071KBU6N, STM32C071R8T6, STM32C071R8T6N, STM32C071RBI6N, STM32C071RBT6, STM32C071RBT6N, STM32G071K8TXN, STM32G071K8UXN, STM32G081GBU6N, STM32G081KBT6N, STM32G081KBUXN, STM32G0B1CCT6N, STM32G0B1KCT6, STM32G0B1NEY6TR, STM32G0B1RCT6N, STM32G0C1CCT6, STM32G0C1CCT6N, STM32G0C1CCU6N, STM32G0C1CET6N, STM32G0C1CEU6N, STM32G0C1KCT6, STM32G0C1NEY6TR, STM32G0C1RCI6N, STM32G0C1RCT6N, STM32G0C1REI6N, STM32G0C1RET6N, STM32G0C1VCI6, STM32G0C1VEI6, STM32G411C6T3, STM32G411C6T6, STM32G411C6U3, STM32G411C6U6, STM32G411C8T3, STM32G411C8T6, STM32G411C8U3, STM32G411C8U6, STM32G411CBT3, STM32G411CBT6, STM32G411CBU3, STM32G411CBU6, STM32G411K6T3, STM32G411K6T6, STM32G411K6U3, STM32G411K6U6, STM32G411K8T3, STM32G411K8T6, STM32G411K8U3, STM32G411K8U6, STM32G411KBT3, STM32G411KBT6, STM32G411KBU3, STM32G411KBU6, STM32G411M6T3, STM32G411M6T6, STM32G411M8T3, STM32G411M8T6, STM32G411MBT3, STM32G411MBT6, STM32G411R6T3, STM32G411R6T6, STM32G411R8T3, STM32G411R8T6, STM32G411RBT3, STM32G411RBT6, STM32G414CBT3, STM32G414CBT6, STM32G414CBU3, STM32G414CBU6, STM32G414CCT3, STM32G414CCT6, STM32G414CCU3, STM32G414CCU6, STM32G414MBT3, STM32G414MBT6, STM32G414MCT3, STM32G414MCT6, STM32G414RBT3, STM32G414RBT6, STM32G414RCT3, STM32G414RCT6, STM32G414VBT3, STM32G414VBT6, STM32G414VCT3, STM32G414VCT6, STM32G431CBT3Z, STM32G431RBT3Z, STM32G471CCT6, STM32G471CCU6, STM32G471CET3, STM32G471CET6, STM32G471CEU3, STM32G471CEU6, STM32G471MCT6, STM32G471MET3, STM32G471MET6, STM32G471MEY6TR, STM32G471QCT6, STM32G471QET3, STM32G471RCT6, STM32G471RET3, STM32G471RET6, STM32G471VCH6, STM32G471VCI6, STM32G471VCT6, STM32G471VEH3, STM32G471VEH6, STM32G471VEI3, STM32G471VEI6, STM32G471VET3, STM32G471VET6, STM32G473QET3Z, STM32G473RET3Z, STM32G474CCT6, STM32G491RET3Z, STM32H503CBT6, STM32H503CBU6, STM32H503EBY6TR, STM32H503KBU6, STM32H503RBT6, STM32H523CCT6, STM32H523CCU6, STM32H523CET6, STM32H523CEU6, STM32H523HEY6TR, STM32H523RCT6, STM32H523RET6, STM32H523VCI6, STM32H523VCT6, STM32H523VEI6, STM32H523VET6, STM32H523ZCJ6, STM32H523ZCT6, STM32H523ZEJ6, STM32H523ZET6, STM32H533CET6, STM32H533CEU6, STM32H533HEY6TR, STM32H533RET6, STM32H533VEI6, STM32H533VET6, STM32H533ZEJ6, STM32H533ZET6, STM32H562AGI6, STM32H562AII6, STM32H562IGK6, STM32H562IGT6, STM32H562IIK6, STM32H562IIT6, STM32H562RGT6, STM32H562RGV6, STM32H562RIT6, STM32H562RIV6, STM32H562VGT6, STM32H562VIT6, STM32H562ZGT6, STM32H562ZIT6, STM32H563AGI6, STM32H563AII3Q, STM32H563AII6, STM32H563IGK6, STM32H563IGT6, STM32H563IIK3Q, STM32H563IIK6, STM32H563IIT3Q, STM32H563IIT6, STM32H563MIY3QTR, STM32H563RGT6, STM32H563RGV6, STM32H563RIT6, STM32H563RIV6, STM32H563VGT6, STM32H563VIT3Q, STM32H563VIT6, STM32H563ZGT6, STM32H563ZIT3Q, STM32H563ZIT6, STM32H573AII3Q, STM32H573AII6, STM32H573I-DK, STM32H573IIK3Q, STM32H573IIK6, STM32H573IIT3Q, STM32H573IIT6, STM32H573MIY3QTR, STM32H573RIT6, STM32H573RIV6, STM32H573VIT3Q, STM32H573VIT6, STM32H573ZIT3Q, STM32H573ZIT6, STM32H7R3A8I6, STM32H7R3I8K6, STM32H7R3I8T6, STM32H7R3L8H6, STM32H7R3L8H6H, STM32H7R3R8V6, STM32H7R3V8H6, STM32H7R3V8T6, STM32H7R3V8Y6TR, STM32H7R3Z8J6, STM32H7R3Z8T6, STM32H7R7A8I6, STM32H7R7I8K6, STM32H7R7I8T6, STM32H7R7L8H6, STM32H7R7L8H6H, STM32H7R7Z8J6, STM32H7S3A8I6, STM32H7S3I8K6, STM32H7S3I8T6, STM32H7S3L8H6, STM32H7S3L8H6H, STM32H7S3R8V6, STM32H7S3V8H6, STM32H7S3V8T6, STM32H7S3V8Y6TR, STM32H7S3Z8J6, STM32H7S3Z8T6, STM32H7S78-DK, STM32H7S7A8I6, STM32H7S7I8K6, STM32H7S7I8T6, STM32H7S7L8H6, STM32H7S7L8H6H, STM32H7S7Z8J6, STM32L4R5QGI6STR, STM32MP131AAE3, STM32MP131AAF3, STM32MP131AAG3, STM32MP131CAE3, STM32MP131CAF3, STM32MP131CAG3, STM32MP131DAE7, STM32MP131DAF7, STM32MP131DAG7, STM32MP131FAE7, STM32MP131FAF7, STM32MP131FAG7, STM32MP133AAE3, STM32MP133AAF3, STM32MP133AAG3, STM32MP133CAE3, STM32MP133CAF3, STM32MP133CAG3, STM32MP133DAE7, STM32MP133DAF7, STM32MP133DAG7, STM32MP133FAE7, STM32MP133FAF7, STM32MP133FAG7, STM32MP135AAE3, STM32MP135AAF3, STM32MP135AAG3, STM32MP135CAE3, STM32MP135CAF3, STM32MP135CAG3, STM32MP135DAE7, STM32MP135DAF7, STM32MP135DAG7, STM32MP135F-DK, STM32MP135FAE7, STM32MP135FAF7, STM32MP135FAF7T, STM32MP135FAF7U, STM32MP135FAG7, STM32MP251AAI3, STM32MP251AAK3, STM32MP251AAL3, STM32MP251CAI3, STM32MP251CAK3, STM32MP251CAL3, STM32MP251DAI3, STM32MP251DAK3, STM32MP251DAL3, STM32MP251FAI3, STM32MP251FAK3, STM32MP251FAL3, STM32MP253AAI3, STM32MP253AAK3, STM32MP253AAL3, STM32MP253CAI3, STM32MP253CAK3, STM32MP253CAL3, STM32MP253DAI3, STM32MP253DAK3, STM32MP253DAL3, STM32MP253FAI3, STM32MP253FAK3, STM32MP253FAL3, STM32MP255AAI3, STM32MP255AAK3, STM32MP255AAL3, STM32MP255CAI3, STM32MP255CAK3, STM32MP255CAL3, STM32MP255DAI3, STM32MP255DAK3, STM32MP255DAL3, STM32MP255FAI3, STM32MP255FAK3, STM32MP255FAL3, STM32MP257AAI3, STM32MP257AAK3, STM32MP257AAL3, STM32MP257CAI3, STM32MP257CAK3, STM32MP257CAL3, STM32MP257DAI3, STM32MP257DAK3, STM32MP257DAL3, STM32MP257F-DK, STM32MP257F-EV1, STM32MP257FAI3, STM32MP257FAK3, STM32MP257FAL3, STM32U031C6T6, STM32U031C6U6, STM32U031C8T6, STM32U031C8U6, STM32U031F4P6, STM32U031F6P6, STM32U031F8P6, STM32U031G6Y6TR, STM32U031G8Y6TR, STM32U031K4U6, STM32U031K6U6, STM32U031K8U6, STM32U031R6I6, STM32U031R6T6, STM32U031R8I6, STM32U031R8T6, STM32U073C8T6, STM32U073C8U6, STM32U073CBT6, STM32U073CBU6, STM32U073CCT6, STM32U073CCU6, STM32U073H8Y6TR, STM32U073HBY6TR, STM32U073HCY6TR, STM32U073K8U6, STM32U073KBU6, STM32U073KCU6, STM32U073M8I6, STM32U073M8T6, STM32U073MBI6, STM32U073MBT6, STM32U073MCI6, STM32U073MCT6, STM32U073R8I6, STM32U073R8T6, STM32U073RBI6, STM32U073RBT6, STM32U073RCI6, STM32U073RCT6, STM32U083C-DK, STM32U083CCT6, STM32U083CCU6, STM32U083HCY6TR, STM32U083KCU6, STM32U083MCI6, STM32U083MCT6, STM32U083RCI6, STM32U083RCT6, STM32U535CBT6, STM32U535CBT6Q, STM32U535CBU6, STM32U535CBU6Q, STM32U535CCT6, STM32U535CCT6Q, STM32U535CCU6, STM32U535CCU6Q, STM32U535CET6, STM32U535CET6Q, STM32U535CEU6, STM32U535CEU6Q, STM32U535JEY6QTR, STM32U535NCY6QTR, STM32U535NEY6QTR, STM32U535RBI6, STM32U535RBI6Q, STM32U535RBT6, STM32U535RBT6Q, STM32U535RCI6, STM32U535RCI6Q, STM32U535RCT6, STM32U535RCT6Q, STM32U535REI6, STM32U535REI6Q, STM32U535RET6, STM32U535RET6Q, STM32U535VCI6, STM32U535VCI6Q, STM32U535VCT6, STM32U535VCT6Q, STM32U535VEI6, STM32U535VEI6Q, STM32U535VET6, STM32U535VET6Q, STM32U545CET6, STM32U545CET6Q, STM32U545CEU6, STM32U545CEU6Q, STM32U545JEY6QTR, STM32U545NEY6QTR, STM32U545REI6, STM32U545REI6Q, STM32U545RET6, STM32U545RET6Q, STM32U545VEI6, STM32U545VEI6Q, STM32U545VET6, STM32U545VET6Q, STM32U595AIH6, STM32U595AIH6Q, STM32U595AJH6, STM32U595AJH6Q, STM32U595QII6, STM32U595QII6Q, STM32U595QJI6, STM32U595QJI6Q, STM32U595RIT6, STM32U595RIT6Q, STM32U595RJT6, STM32U595RJT6Q, STM32U595VIT6, STM32U595VIT6Q, STM32U595VJT6, STM32U595VJT6Q, STM32U595ZIT6, STM32U595ZIT6Q, STM32U595ZIY6QTR, STM32U595ZJT6, STM32U595ZJT6Q, STM32U595ZJY6QTR, STM32U599BJY6QTR, STM32U599NIH6Q, STM32U599NJH6Q, STM32U599VIT6Q, STM32U599VJT6, STM32U599VJT6Q, STM32U599ZIT6Q, STM32U599ZIY6QTR, STM32U599ZJT6Q, STM32U599ZJY6QTR, STM32U5A5AJH6, STM32U5A5AJH6Q, STM32U5A5QII3Q , STM32U5A5QJI6, STM32U5A5QJI6Q, STM32U5A5RJT6, STM32U5A5RJT6Q, STM32U5A5VJT6, STM32U5A5VJT6Q, STM32U5A5ZJT6, STM32U5A5ZJT6Q, STM32U5A5ZJY6QTR, STM32U5A9BJY6QTR, STM32U5A9J-DK, STM32U5A9NJH6Q, STM32U5A9VJT6Q, STM32U5A9ZJT6Q, STM32U5A9ZJY6QTR, STM32U5F7VIT6, STM32U5F7VIT6Q, STM32U5F7VJT6, STM32U5F7VJT6Q, STM32U5F9BJY6QTR, STM32U5F9NJH6Q, STM32U5F9VIT6Q, STM32U5F9VJT6Q, STM32U5F9ZIJ6QTR, STM32U5F9ZIT6Q, STM32U5F9ZJJ6QTR, STM32U5F9ZJT6Q, STM32U5G7VJT6, STM32U5G7VJT6Q, STM32U5G9BJY6QTR, STM32U5G9J-DK1, STM32U5G9J-DK2, STM32U5G9NJH6Q, STM32U5G9VJT6Q, STM32U5G9ZJJ6QTR, STM32U5G9ZJT6Q, STM32WB05KZV6TR, STM32WB05KZV7TR, STM32WB05TZF6TR, STM32WB05TZF7TR, STM32WB06CCF6TR, STM32WB06CCF7TR, STM32WB06CCV6TR, STM32WB06CCV7TR, STM32WB06KCV6TR, STM32WB06KCV7TR, STM32WB07CCF6TR, STM32WB07CCF7TR, STM32WB07CCV6TR, STM32WB07CCV7TR, STM32WB07KCV6TR, STM32WB07KCV7TR, STM32WB09KEV6TR, STM32WB09KEV7TR, STM32WB09TEF6TR, STM32WB09TEF7TR, STM32WB1MMCH6, STM32WBA50KGU6, STM32WBA50KGU6TR, STM32WBA52CEU6, STM32WBA52CEU6TR, STM32WBA52CEU7, STM32WBA52CEU7TR, STM32WBA52CGU6, STM32WBA52CGU6TR, STM32WBA52CGU6U, STM32WBA52CGU7, STM32WBA52CGU7TR, STM32WBA52KEU6, STM32WBA52KEU6TR, STM32WBA52KGU6, STM32WBA52KGU6TR, STM32WBA54CEU6, STM32WBA54CEU6TR, STM32WBA54CEU7, STM32WBA54CEU7TR, STM32WBA54CGU6, STM32WBA54CGU6TR, STM32WBA54CGU7, STM32WBA54CGU7TR, STM32WBA54KEU6, STM32WBA54KEU6TR, STM32WBA54KEU7, STM32WBA54KEU7TR, STM32WBA54KGU6, STM32WBA54KGU6TR, STM32WBA54KGU7, STM32WBA54KGU7TR, STM32WBA55CEU6, STM32WBA55CEU6TR, STM32WBA55CEU7, STM32WBA55CEU7TR, STM32WBA55CGU6, STM32WBA55CGU6TR, STM32WBA55CGU6U, STM32WBA55CGU7, STM32WBA55CGU7TR, STM32WBA55G-DK1, STM32WBA55HEF6, STM32WBA55HEF7, STM32WBA55HGF6, STM32WBA55HGF7, STM32WBA55UEI6, STM32WBA55UEI6TR, STM32WBA55UEI7, STM32WBA55UEI7TR, STM32WBA55UGI6, STM32WBA55UGI6TR, STM32WBA55UGI7, STM32WBA55UGI7TR, STM32WL5MOCH6, STM32WL5MOCH6TR]
2026-05-02 17:03:57,932 [INFO] DbMcus:218 - Found 5045 MCUs, 4958 are supported
2026-05-02 17:03:57,932 [INFO] ApiDb:423 - Load user favorites file C:\Users\pc/.stm32cubeide/favorites.mcus.txt: 0 item(s)
2026-05-02 17:03:57,932 [INFO] ApiDb:427 - User favorites MCUs=[]
2026-05-02 17:03:57,932 [INFO] DbMcus:224 - Set 0 / 0 favorites MCUs
2026-05-02 17:03:58,207 [INFO] ApiDb:448 - Save user favorites file C:\Users\pc/.stm32cubeide/favorites.boards.txt: 0 item(s)
2026-05-02 17:03:58,207 [INFO] ApiDb:452 - User favorites Boards=[]
2026-05-02 17:03:58,208 [INFO] ApiDb:581 - Connected to CubeFinder SQLite database (C:\Users\pc\.stmcufinder\plugins\mcufinder\mcu\cube-finder-db.db)
2026-05-02 17:03:58,254 [INFO] ApiDb:668 - CubeFinder database Data Model version=2.1
2026-05-02 17:03:58,255 [INFO] ApiDb:669 - CubeFinder database Configuration version=3.0.42
2026-05-02 17:03:58,255 [INFO] ApiDb:670 - CubeFinder database generation date=2026-03-11 (1773229989)
2026-05-02 17:03:58,255 [INFO] ApiDb:671 - CubeFinder database FW Pack versions=[FP-ATR-ASTRA1_V2.0.0, FP-SNS-FLIGHT1_V5.1.0, FP-SNS-MOTENV1_V5.1.0, FP-SNS-MOTENVWB1_V1.5.0, FP-SNS-SMARTAG2_V1.2.0, FP-SNS-STBOX1_V2.1.0, STM32Cube_FW_C0_V1.4.0, STM32Cube_FW_F4_V1.28.3, STM32Cube_FW_F7_V1.17.4, STM32Cube_FW_G0_V1.6.3, STM32Cube_FW_G4_V1.6.2, STM32Cube_FW_H5_V1.6.0, STM32Cube_FW_H7RS_V1.3.0, STM32Cube_FW_H7_V1.13.0, STM32Cube_FW_L0_V1.12.2, STM32Cube_FW_L4_V1.18.2, STM32Cube_FW_L5_V1.6.0, STM32Cube_FW_N6_V1.3.0, STM32Cube_FW_U0_V1.3.0, STM32Cube_FW_U3_V1.3.0, STM32Cube_FW_U5_V1.8.0, STM32Cube_FW_WB0_V1.4.0, STM32Cube_FW_WBA_V1.9.0, STM32Cube_FW_WB_V1.24.0, STM32Cube_FW_WL3_V1.4.0, STM32Cube_FW_WL_V1.5.0, X-CUBE-ALGOBUILD_V1.4.0, X-CUBE-ALS_V1.0.2, X-CUBE-AZRTOS-F4_V1.1.0, X-CUBE-AZRTOS-F7_V1.1.0, X-CUBE-AZRTOS-G0_V1.1.0, X-CUBE-AZRTOS-G4_V2.0.0, X-CUBE-AZRTOS-H7RS_V1.1.0, X-CUBE-AZRTOS-H7_V3.4.0, X-CUBE-AZRTOS-L4_V2.0.0, X-CUBE-AZRTOS-L5_V2.0.0, X-CUBE-AZRTOS-WB_V2.0.0, X-CUBE-AZRTOS-WL_V2.0.0, X-CUBE-BLE1_V7.1.0, X-CUBE-BLE2_V3.3.0, X-CUBE-BLEMGR_V4.1.0, X-CUBE-EEPRMA1_V5.2.0, X-CUBE-FREERTOS_V1.5.0, X-CUBE-GNSS1_V6.0.0, X-CUBE-MEMS1_V12.0.0, X-CUBE-NFC4_V3.0.0, X-CUBE-NFC7_V2.0.0, X-CUBE-SFXS2LP1_V4.0.0, X-CUBE-ST67W61_V1.2.0, X-CUBE-SUBG2_V5.0.0, X-CUBE-TOF1_V3.4.3]
2026-05-02 17:03:58,291 [INFO] DbBoardsSqlite:226 - include board P-NUCLEO-WB55-NUCLEO as a kit item of type 'Nucleo-64'
2026-05-02 17:03:58,291 [INFO] DbBoardsSqlite:226 - include board P-NUCLEO-WB55-USBDONGLE as a kit item of type 'Nucleo USB Dongle'
2026-05-02 17:03:58,292 [INFO] DbBoardsSqlite:226 - include board STEVAL-IDP005V1 as a kit item of type 'Evaluation Board'
2026-05-02 17:03:58,292 [INFO] DbBoardsSqlite:226 - include board STEVAL-IDP005V2 as a kit item of type 'Evaluation Board'
2026-05-02 17:03:58,336 [INFO] ApiDb:240 - Found 646 in-development CPN: [B-G473E-ZEST1S, B-WB1M-WPAN1, B-WL5M-SUBG1, NUCLEO-C031C6, NUCLEO-C071RB, NUCLEO-H503RB, NUCLEO-H533RE, NUCLEO-H563ZI, NUCLEO-H7S3L8, NUCLEO-U031R8, NUCLEO-U083RC, NUCLEO-U545RE-Q, NUCLEO-U5A5ZJ-Q, NUCLEO-WB05KZ, NUCLEO-WB07CC, NUCLEO-WB09KE, NUCLEO-WBA52CG, NUCLEO-WBA55CG, STEVAL-PROTEUS1, STEVAL-SMARTAG2, STEVAL-STWINBX1, STM320518-EVAL, STM32C0116-DK, STM32C011D6Y3TR, STM32C011D6Y6TR, STM32C011F4P3, STM32C011F4P6, STM32C011F4U3, STM32C011F4U6TR, STM32C011F6P3, STM32C011F6P6, STM32C011F6U3, STM32C011F6U6TR, STM32C011J4M3, STM32C011J4M6, STM32C011J6M3, STM32C011J6M6, STM32C0316-DK, STM32C031C4T3, STM32C031C4T6, STM32C031C4U3, STM32C031C4U6, STM32C031C6T3, STM32C031C6T6, STM32C031C6U3, STM32C031C6U6, STM32C031F4P3, STM32C031F4P6, STM32C031F6P3, STM32C031F6P6, STM32C031G4U3, STM32C031G4U6, STM32C031G6U3, STM32C031G6U6, STM32C031K4T3, STM32C031K4T6, STM32C031K4U3, STM32C031K4U6, STM32C031K6T3, STM32C031K6T6, STM32C031K6U3, STM32C031K6U6, STM32C071C8T6, STM32C071C8T6N, STM32C071C8U6, STM32C071C8U6N, STM32C071CBT6, STM32C071CBT6N, STM32C071CBU6, STM32C071CBU6N, STM32C071F8P6, STM32C071F8P6N, STM32C071FBP6, STM32C071FBP6N, STM32C071FBY6TR, STM32C071G8U6, STM32C071G8U6N, STM32C071GBU6, STM32C071GBU6N, STM32C071K8T6, STM32C071K8T6N, STM32C071K8U6, STM32C071K8U6N, STM32C071KBT6, STM32C071KBT6N, STM32C071KBU6, STM32C071KBU6N, STM32C071R8T6, STM32C071R8T6N, STM32C071RBI6N, STM32C071RBT6, STM32C071RBT6N, STM32G071K8TXN, STM32G071K8UXN, STM32G081GBU6N, STM32G081KBT6N, STM32G081KBUXN, STM32G0B1CCT6N, STM32G0B1KCT6, STM32G0B1NEY6TR, STM32G0B1RCT6N, STM32G0C1CCT6, STM32G0C1CCT6N, STM32G0C1CCU6N, STM32G0C1CET6N, STM32G0C1CEU6N, STM32G0C1KCT6, STM32G0C1NEY6TR, STM32G0C1RCI6N, STM32G0C1RCT6N, STM32G0C1REI6N, STM32G0C1RET6N, STM32G0C1VCI6, STM32G0C1VEI6, STM32G411C6T3, STM32G411C6T6, STM32G411C6U3, STM32G411C6U6, STM32G411C8T3, STM32G411C8T6, STM32G411C8U3, STM32G411C8U6, STM32G411CBT3, STM32G411CBT6, STM32G411CBU3, STM32G411CBU6, STM32G411K6T3, STM32G411K6T6, STM32G411K6U3, STM32G411K6U6, STM32G411K8T3, STM32G411K8T6, STM32G411K8U3, STM32G411K8U6, STM32G411KBT3, STM32G411KBT6, STM32G411KBU3, STM32G411KBU6, STM32G411M6T3, STM32G411M6T6, STM32G411M8T3, STM32G411M8T6, STM32G411MBT3, STM32G411MBT6, STM32G411R6T3, STM32G411R6T6, STM32G411R8T3, STM32G411R8T6, STM32G411RBT3, STM32G411RBT6, STM32G414CBT3, STM32G414CBT6, STM32G414CBU3, STM32G414CBU6, STM32G414CCT3, STM32G414CCT6, STM32G414CCU3, STM32G414CCU6, STM32G414MBT3, STM32G414MBT6, STM32G414MCT3, STM32G414MCT6, STM32G414RBT3, STM32G414RBT6, STM32G414RCT3, STM32G414RCT6, STM32G414VBT3, STM32G414VBT6, STM32G414VCT3, STM32G414VCT6, STM32G431CBT3Z, STM32G431RBT3Z, STM32G471CCT6, STM32G471CCU6, STM32G471CET3, STM32G471CET6, STM32G471CEU3, STM32G471CEU6, STM32G471MCT6, STM32G471MET3, STM32G471MET6, STM32G471MEY6TR, STM32G471QCT6, STM32G471QET3, STM32G471RCT6, STM32G471RET3, STM32G471RET6, STM32G471VCH6, STM32G471VCI6, STM32G471VCT6, STM32G471VEH3, STM32G471VEH6, STM32G471VEI3, STM32G471VEI6, STM32G471VET3, STM32G471VET6, STM32G473QET3Z, STM32G473RET3Z, STM32G474CCT6, STM32G491RET3Z, STM32H503CBT6, STM32H503CBU6, STM32H503EBY6TR, STM32H503KBU6, STM32H503RBT6, STM32H523CCT6, STM32H523CCU6, STM32H523CET6, STM32H523CEU6, STM32H523HEY6TR, STM32H523RCT6, STM32H523RET6, STM32H523VCI6, STM32H523VCT6, STM32H523VEI6, STM32H523VET6, STM32H523ZCJ6, STM32H523ZCT6, STM32H523ZEJ6, STM32H523ZET6, STM32H533CET6, STM32H533CEU6, STM32H533HEY6TR, STM32H533RET6, STM32H533VEI6, STM32H533VET6, STM32H533ZEJ6, STM32H533ZET6, STM32H562AGI6, STM32H562AII6, STM32H562IGK6, STM32H562IGT6, STM32H562IIK6, STM32H562IIT6, STM32H562RGT6, STM32H562RGV6, STM32H562RIT6, STM32H562RIV6, STM32H562VGT6, STM32H562VIT6, STM32H562ZGT6, STM32H562ZIT6, STM32H563AGI6, STM32H563AII3Q, STM32H563AII6, STM32H563IGK6, STM32H563IGT6, STM32H563IIK3Q, STM32H563IIK6, STM32H563IIT3Q, STM32H563IIT6, STM32H563MIY3QTR, STM32H563RGT6, STM32H563RGV6, STM32H563RIT6, STM32H563RIV6, STM32H563VGT6, STM32H563VIT3Q, STM32H563VIT6, STM32H563ZGT6, STM32H563ZIT3Q, STM32H563ZIT6, STM32H573AII3Q, STM32H573AII6, STM32H573I-DK, STM32H573IIK3Q, STM32H573IIK6, STM32H573IIT3Q, STM32H573IIT6, STM32H573MIY3QTR, STM32H573RIT6, STM32H573RIV6, STM32H573VIT3Q, STM32H573VIT6, STM32H573ZIT3Q, STM32H573ZIT6, STM32H7R3A8I6, STM32H7R3I8K6, STM32H7R3I8T6, STM32H7R3L8H6, STM32H7R3L8H6H, STM32H7R3R8V6, STM32H7R3V8H6, STM32H7R3V8T6, STM32H7R3V8Y6TR, STM32H7R3Z8J6, STM32H7R3Z8T6, STM32H7R7A8I6, STM32H7R7I8K6, STM32H7R7I8T6, STM32H7R7L8H6, STM32H7R7L8H6H, STM32H7R7Z8J6, STM32H7S3A8I6, STM32H7S3I8K6, STM32H7S3I8T6, STM32H7S3L8H6, STM32H7S3L8H6H, STM32H7S3R8V6, STM32H7S3V8H6, STM32H7S3V8T6, STM32H7S3V8Y6TR, STM32H7S3Z8J6, STM32H7S3Z8T6, STM32H7S78-DK, STM32H7S7A8I6, STM32H7S7I8K6, STM32H7S7I8T6, STM32H7S7L8H6, STM32H7S7L8H6H, STM32H7S7Z8J6, STM32L4R5QGI6STR, STM32MP131AAE3, STM32MP131AAF3, STM32MP131AAG3, STM32MP131CAE3, STM32MP131CAF3, STM32MP131CAG3, STM32MP131DAE7, STM32MP131DAF7, STM32MP131DAG7, STM32MP131FAE7, STM32MP131FAF7, STM32MP131FAG7, STM32MP133AAE3, STM32MP133AAF3, STM32MP133AAG3, STM32MP133CAE3, STM32MP133CAF3, STM32MP133CAG3, STM32MP133DAE7, STM32MP133DAF7, STM32MP133DAG7, STM32MP133FAE7, STM32MP133FAF7, STM32MP133FAG7, STM32MP135AAE3, STM32MP135AAF3, STM32MP135AAG3, STM32MP135CAE3, STM32MP135CAF3, STM32MP135CAG3, STM32MP135DAE7, STM32MP135DAF7, STM32MP135DAG7, STM32MP135F-DK, STM32MP135FAE7, STM32MP135FAF7, STM32MP135FAF7T, STM32MP135FAF7U, STM32MP135FAG7, STM32MP251AAI3, STM32MP251AAK3, STM32MP251AAL3, STM32MP251CAI3, STM32MP251CAK3, STM32MP251CAL3, STM32MP251DAI3, STM32MP251DAK3, STM32MP251DAL3, STM32MP251FAI3, STM32MP251FAK3, STM32MP251FAL3, STM32MP253AAI3, STM32MP253AAK3, STM32MP253AAL3, STM32MP253CAI3, STM32MP253CAK3, STM32MP253CAL3, STM32MP253DAI3, STM32MP253DAK3, STM32MP253DAL3, STM32MP253FAI3, STM32MP253FAK3, STM32MP253FAL3, STM32MP255AAI3, STM32MP255AAK3, STM32MP255AAL3, STM32MP255CAI3, STM32MP255CAK3, STM32MP255CAL3, STM32MP255DAI3, STM32MP255DAK3, STM32MP255DAL3, STM32MP255FAI3, STM32MP255FAK3, STM32MP255FAL3, STM32MP257AAI3, STM32MP257AAK3, STM32MP257AAL3, STM32MP257CAI3, STM32MP257CAK3, STM32MP257CAL3, STM32MP257DAI3, STM32MP257DAK3, STM32MP257DAL3, STM32MP257F-DK, STM32MP257F-EV1, STM32MP257FAI3, STM32MP257FAK3, STM32MP257FAL3, STM32U031C6T6, STM32U031C6U6, STM32U031C8T6, STM32U031C8U6, STM32U031F4P6, STM32U031F6P6, STM32U031F8P6, STM32U031G6Y6TR, STM32U031G8Y6TR, STM32U031K4U6, STM32U031K6U6, STM32U031K8U6, STM32U031R6I6, STM32U031R6T6, STM32U031R8I6, STM32U031R8T6, STM32U073C8T6, STM32U073C8U6, STM32U073CBT6, STM32U073CBU6, STM32U073CCT6, STM32U073CCU6, STM32U073H8Y6TR, STM32U073HBY6TR, STM32U073HCY6TR, STM32U073K8U6, STM32U073KBU6, STM32U073KCU6, STM32U073M8I6, STM32U073M8T6, STM32U073MBI6, STM32U073MBT6, STM32U073MCI6, STM32U073MCT6, STM32U073R8I6, STM32U073R8T6, STM32U073RBI6, STM32U073RBT6, STM32U073RCI6, STM32U073RCT6, STM32U083C-DK, STM32U083CCT6, STM32U083CCU6, STM32U083HCY6TR, STM32U083KCU6, STM32U083MCI6, STM32U083MCT6, STM32U083RCI6, STM32U083RCT6, STM32U535CBT6, STM32U535CBT6Q, STM32U535CBU6, STM32U535CBU6Q, STM32U535CCT6, STM32U535CCT6Q, STM32U535CCU6, STM32U535CCU6Q, STM32U535CET6, STM32U535CET6Q, STM32U535CEU6, STM32U535CEU6Q, STM32U535JEY6QTR, STM32U535NCY6QTR, STM32U535NEY6QTR, STM32U535RBI6, STM32U535RBI6Q, STM32U535RBT6, STM32U535RBT6Q, STM32U535RCI6, STM32U535RCI6Q, STM32U535RCT6, STM32U535RCT6Q, STM32U535REI6, STM32U535REI6Q, STM32U535RET6, STM32U535RET6Q, STM32U535VCI6, STM32U535VCI6Q, STM32U535VCT6, STM32U535VCT6Q, STM32U535VEI6, STM32U535VEI6Q, STM32U535VET6, STM32U535VET6Q, STM32U545CET6, STM32U545CET6Q, STM32U545CEU6, STM32U545CEU6Q, STM32U545JEY6QTR, STM32U545NEY6QTR, STM32U545REI6, STM32U545REI6Q, STM32U545RET6, STM32U545RET6Q, STM32U545VEI6, STM32U545VEI6Q, STM32U545VET6, STM32U545VET6Q, STM32U595AIH6, STM32U595AIH6Q, STM32U595AJH6, STM32U595AJH6Q, STM32U595QII6, STM32U595QII6Q, STM32U595QJI6, STM32U595QJI6Q, STM32U595RIT6, STM32U595RIT6Q, STM32U595RJT6, STM32U595RJT6Q, STM32U595VIT6, STM32U595VIT6Q, STM32U595VJT6, STM32U595VJT6Q, STM32U595ZIT6, STM32U595ZIT6Q, STM32U595ZIY6QTR, STM32U595ZJT6, STM32U595ZJT6Q, STM32U595ZJY6QTR, STM32U599BJY6QTR, STM32U599NIH6Q, STM32U599NJH6Q, STM32U599VIT6Q, STM32U599VJT6, STM32U599VJT6Q, STM32U599ZIT6Q, STM32U599ZIY6QTR, STM32U599ZJT6Q, STM32U599ZJY6QTR, STM32U5A5AJH6, STM32U5A5AJH6Q, STM32U5A5QII3Q , STM32U5A5QJI6, STM32U5A5QJI6Q, STM32U5A5RJT6, STM32U5A5RJT6Q, STM32U5A5VJT6, STM32U5A5VJT6Q, STM32U5A5ZJT6, STM32U5A5ZJT6Q, STM32U5A5ZJY6QTR, STM32U5A9BJY6QTR, STM32U5A9J-DK, STM32U5A9NJH6Q, STM32U5A9VJT6Q, STM32U5A9ZJT6Q, STM32U5A9ZJY6QTR, STM32U5F7VIT6, STM32U5F7VIT6Q, STM32U5F7VJT6, STM32U5F7VJT6Q, STM32U5F9BJY6QTR, STM32U5F9NJH6Q, STM32U5F9VIT6Q, STM32U5F9VJT6Q, STM32U5F9ZIJ6QTR, STM32U5F9ZIT6Q, STM32U5F9ZJJ6QTR, STM32U5F9ZJT6Q, STM32U5G7VJT6, STM32U5G7VJT6Q, STM32U5G9BJY6QTR, STM32U5G9J-DK1, STM32U5G9J-DK2, STM32U5G9NJH6Q, STM32U5G9VJT6Q, STM32U5G9ZJJ6QTR, STM32U5G9ZJT6Q, STM32WB05KZV6TR, STM32WB05KZV7TR, STM32WB05TZF6TR, STM32WB05TZF7TR, STM32WB06CCF6TR, STM32WB06CCF7TR, STM32WB06CCV6TR, STM32WB06CCV7TR, STM32WB06KCV6TR, STM32WB06KCV7TR, STM32WB07CCF6TR, STM32WB07CCF7TR, STM32WB07CCV6TR, STM32WB07CCV7TR, STM32WB07KCV6TR, STM32WB07KCV7TR, STM32WB09KEV6TR, STM32WB09KEV7TR, STM32WB09TEF6TR, STM32WB09TEF7TR, STM32WB1MMCH6, STM32WBA50KGU6, STM32WBA50KGU6TR, STM32WBA52CEU6, STM32WBA52CEU6TR, STM32WBA52CEU7, STM32WBA52CEU7TR, STM32WBA52CGU6, STM32WBA52CGU6TR, STM32WBA52CGU6U, STM32WBA52CGU7, STM32WBA52CGU7TR, STM32WBA52KEU6, STM32WBA52KEU6TR, STM32WBA52KGU6, STM32WBA52KGU6TR, STM32WBA54CEU6, STM32WBA54CEU6TR, STM32WBA54CEU7, STM32WBA54CEU7TR, STM32WBA54CGU6, STM32WBA54CGU6TR, STM32WBA54CGU7, STM32WBA54CGU7TR, STM32WBA54KEU6, STM32WBA54KEU6TR, STM32WBA54KEU7, STM32WBA54KEU7TR, STM32WBA54KGU6, STM32WBA54KGU6TR, STM32WBA54KGU7, STM32WBA54KGU7TR, STM32WBA55CEU6, STM32WBA55CEU6TR, STM32WBA55CEU7, STM32WBA55CEU7TR, STM32WBA55CGU6, STM32WBA55CGU6TR, STM32WBA55CGU6U, STM32WBA55CGU7, STM32WBA55CGU7TR, STM32WBA55G-DK1, STM32WBA55HEF6, STM32WBA55HEF7, STM32WBA55HGF6, STM32WBA55HGF7, STM32WBA55UEI6, STM32WBA55UEI6TR, STM32WBA55UEI7, STM32WBA55UEI7TR, STM32WBA55UGI6, STM32WBA55UGI6TR, STM32WBA55UGI7, STM32WBA55UGI7TR, STM32WL5MOCH6, STM32WL5MOCH6TR]
2026-05-02 17:03:58,393 [INFO] BoardInfo:889 - No configuration file found for board B-WBA5M-WPAN
2026-05-02 17:03:58,394 [INFO] DbBoards:161 - Board is not supported: B-WBA5M-WPAN
2026-05-02 17:03:58,404 [INFO] BoardInfo:889 - No configuration file found for board NUCLEO-C051C8
2026-05-02 17:03:58,404 [INFO] DbBoards:161 - Board is not supported: NUCLEO-C051C8
2026-05-02 17:03:58,410 [INFO] BoardInfo:889 - No configuration file found for board NUCLEO-C092RC
2026-05-02 17:03:58,411 [INFO] DbBoards:161 - Board is not supported: NUCLEO-C092RC
2026-05-02 17:03:58,523 [INFO] BoardInfo:889 - No configuration file found for board NUCLEO-H5E5ZJ
2026-05-02 17:03:58,523 [INFO] DbBoards:161 - Board is not supported: NUCLEO-H5E5ZJ
2026-05-02 17:03:58,618 [INFO] BoardInfo:889 - No configuration file found for board NUCLEO-N657X0-Q
2026-05-02 17:03:58,619 [INFO] DbBoards:161 - Board is not supported: NUCLEO-N657X0-Q
2026-05-02 17:03:58,621 [INFO] BoardInfo:889 - No configuration file found for board NUCLEO-U385RG-Q
2026-05-02 17:03:58,621 [INFO] DbBoards:161 - Board is not supported: NUCLEO-U385RG-Q
2026-05-02 17:03:58,621 [INFO] BoardInfo:889 - No configuration file found for board NUCLEO-U3C5ZI-Q
2026-05-02 17:03:58,634 [INFO] DbBoards:161 - Board is not supported: NUCLEO-U3C5ZI-Q
2026-05-02 17:03:58,650 [INFO] BoardInfo:889 - No configuration file found for board NUCLEO-WBA25CE1
2026-05-02 17:03:58,650 [INFO] DbBoards:161 - Board is not supported: NUCLEO-WBA25CE1
2026-05-02 17:03:58,665 [INFO] BoardInfo:889 - No configuration file found for board NUCLEO-WBA65RI
2026-05-02 17:03:58,665 [INFO] DbBoards:161 - Board is not supported: NUCLEO-WBA65RI
2026-05-02 17:03:58,665 [INFO] BoardInfo:889 - No configuration file found for board NUCLEO-WL33CC1
2026-05-02 17:03:58,665 [INFO] DbBoards:161 - Board is not supported: NUCLEO-WL33CC1
2026-05-02 17:03:58,665 [INFO] BoardInfo:889 - No configuration file found for board NUCLEO-WL33CC2
2026-05-02 17:03:58,665 [INFO] DbBoards:161 - Board is not supported: NUCLEO-WL33CC2
2026-05-02 17:03:58,682 [INFO] BoardInfo:889 - No configuration file found for board NUCLEO-WL3RKB1
2026-05-02 17:03:58,682 [INFO] DbBoards:161 - Board is not supported: NUCLEO-WL3RKB1
2026-05-02 17:03:58,682 [INFO] BoardInfo:889 - No configuration file found for board NUCLEO-WL3RKB2
2026-05-02 17:03:58,682 [INFO] DbBoards:161 - Board is not supported: NUCLEO-WL3RKB2
2026-05-02 17:03:58,696 [INFO] BoardInfo:889 - No configuration file found for board P-NUCLEO-WB55
2026-05-02 17:03:58,696 [INFO] DbBoards:161 - Kit is not supported: P-NUCLEO-WB55
2026-05-02 17:03:58,712 [INFO] BoardInfo:889 - No configuration file found for board STEVAL-BFA001V1B
2026-05-02 17:03:58,712 [INFO] DbBoards:161 - Kit is not supported: STEVAL-BFA001V1B
2026-05-02 17:03:58,712 [INFO] BoardInfo:889 - No configuration file found for board STEVAL-BFA001V2B
2026-05-02 17:03:58,712 [INFO] DbBoards:161 - Kit is not supported: STEVAL-BFA001V2B
2026-05-02 17:03:58,932 [INFO] BoardInfo:889 - No configuration file found for board STM32H5F5J-DK
2026-05-02 17:03:58,932 [INFO] DbBoards:161 - Board is not supported: STM32H5F5J-DK
2026-05-02 17:03:59,051 [INFO] BoardInfo:889 - No configuration file found for board STM32MP215F-DK
2026-05-02 17:03:59,051 [INFO] DbBoards:161 - Board is not supported: STM32MP215F-DK
2026-05-02 17:03:59,059 [INFO] BoardInfo:889 - No configuration file found for board STM32N6570-DK
2026-05-02 17:03:59,059 [INFO] DbBoards:161 - Board is not supported: STM32N6570-DK
2026-05-02 17:03:59,101 [INFO] BoardInfo:889 - No configuration file found for board STM32WBA65I-DK1
2026-05-02 17:03:59,101 [INFO] DbBoards:161 - Board is not supported: STM32WBA65I-DK1
2026-05-02 17:03:59,101 [INFO] DbBoards:168 - Found 218 boards, 198 are supported
2026-05-02 17:03:59,101 [INFO] DbBoards:169 - Found 218 boards, 25 of them is supported for  Bsp
2026-05-02 17:03:59,107 [INFO] ApiDb:423 - Load user favorites file C:\Users\pc/.stm32cubeide/favorites.boards.txt: 0 item(s)
2026-05-02 17:03:59,107 [INFO] ApiDb:427 - User favorites Boards=[]
2026-05-02 17:03:59,107 [INFO] DbBoards:198 - Set 0 / 0 favorites Boards
2026-05-02 17:03:59,424 [INFO] ServerAccessManage:473 - Download File 
2026-05-02 17:03:59,524 [INFO] LoadUrlFilesThread:185 - End of LoadServerUrlFiles without Thread
2026-05-02 17:03:59,524 [INFO] TargetSelectorAdapter:259 - Refresh data is successful
2026-05-02 17:03:59,528 [INFO] ApiDb:668 - CubeFinder database Data Model version=2.1
2026-05-02 17:03:59,528 [INFO] ApiDb:669 - CubeFinder database Configuration version=3.0.42
2026-05-02 17:03:59,528 [INFO] ApiDb:670 - CubeFinder database generation date=2026-03-11 (1773229989)
2026-05-02 17:03:59,528 [INFO] ApiDb:671 - CubeFinder database FW Pack versions=[FP-ATR-ASTRA1_V2.0.0, FP-SNS-FLIGHT1_V5.1.0, FP-SNS-MOTENV1_V5.1.0, FP-SNS-MOTENVWB1_V1.5.0, FP-SNS-SMARTAG2_V1.2.0, FP-SNS-STBOX1_V2.1.0, STM32Cube_FW_C0_V1.4.0, STM32Cube_FW_F4_V1.28.3, STM32Cube_FW_F7_V1.17.4, STM32Cube_FW_G0_V1.6.3, STM32Cube_FW_G4_V1.6.2, STM32Cube_FW_H5_V1.6.0, STM32Cube_FW_H7RS_V1.3.0, STM32Cube_FW_H7_V1.13.0, STM32Cube_FW_L0_V1.12.2, STM32Cube_FW_L4_V1.18.2, STM32Cube_FW_L5_V1.6.0, STM32Cube_FW_N6_V1.3.0, STM32Cube_FW_U0_V1.3.0, STM32Cube_FW_U3_V1.3.0, STM32Cube_FW_U5_V1.8.0, STM32Cube_FW_WB0_V1.4.0, STM32Cube_FW_WBA_V1.9.0, STM32Cube_FW_WB_V1.24.0, STM32Cube_FW_WL3_V1.4.0, STM32Cube_FW_WL_V1.5.0, X-CUBE-ALGOBUILD_V1.4.0, X-CUBE-ALS_V1.0.2, X-CUBE-AZRTOS-F4_V1.1.0, X-CUBE-AZRTOS-F7_V1.1.0, X-CUBE-AZRTOS-G0_V1.1.0, X-CUBE-AZRTOS-G4_V2.0.0, X-CUBE-AZRTOS-H7RS_V1.1.0, X-CUBE-AZRTOS-H7_V3.4.0, X-CUBE-AZRTOS-L4_V2.0.0, X-CUBE-AZRTOS-L5_V2.0.0, X-CUBE-AZRTOS-WB_V2.0.0, X-CUBE-AZRTOS-WL_V2.0.0, X-CUBE-BLE1_V7.1.0, X-CUBE-BLE2_V3.3.0, X-CUBE-BLEMGR_V4.1.0, X-CUBE-EEPRMA1_V5.2.0, X-CUBE-FREERTOS_V1.5.0, X-CUBE-GNSS1_V6.0.0, X-CUBE-MEMS1_V12.0.0, X-CUBE-NFC4_V3.0.0, X-CUBE-NFC7_V2.0.0, X-CUBE-SFXS2LP1_V4.0.0, X-CUBE-ST67W61_V1.2.0, X-CUBE-SUBG2_V5.0.0, X-CUBE-TOF1_V3.4.3]
2026-05-02 17:03:59,916 [ERROR] DbExamplesSqlite:437 - Missing JSON key: board_cpn
2026-05-02 17:03:59,916 [ERROR] DbExamplesSqlite:437 - Missing JSON key: board_cpn
2026-05-02 17:03:59,916 [ERROR] DbExamplesSqlite:437 - Missing JSON key: board_cpn
2026-05-02 17:03:59,916 [ERROR] DbExamplesSqlite:437 - Missing JSON key: board_cpn
2026-05-02 17:04:00,093 [ERROR] DbExamplesSqlite:437 - Missing JSON key: board_cpn
2026-05-02 17:04:00,094 [ERROR] DbExamplesSqlite:437 - Missing JSON key: board_cpn
2026-05-02 17:04:00,122 [INFO] DbExamplesSqlite:395 - Ignored 39 examples not supported by CubeIDE
2026-05-02 17:04:00,122 [INFO] DbExamplesSqlite:396 - Found 11210 examples active
2026-05-02 17:04:00,122 [INFO] DbExamplesSqlite:397 - Found 0 examples obsolete
2026-05-02 17:04:00,123 [INFO] DbExamplesSqlite:398 - Found 0 examples under development
2026-05-02 17:04:00,123 [INFO] DbExamplesSqlite:399 - Found 76 examples not building
2026-05-02 17:04:00,124 [INFO] DbExamples:125 - Found 11247 examples
2026-05-02 17:04:00,162 [ERROR] DbExamples:208 - Found 377 examples with invalid data (board or MCU)
2026-05-02 17:04:00,162 [INFO] DbExamples:222 - Found 140 boards with related examples
2026-05-02 17:04:00,162 [INFO] DbExamples:235 - Found 114 MCUs with related examples
2026-05-02 17:04:00,180 [INFO] ApiDb:414 - User favorites file not found: C:\Users\pc/.stm32cubeide/favorites.examples.txt
2026-05-02 17:04:00,180 [INFO] DbExamples:250 - Set 0 / 0 favorites Examples
2026-05-02 17:04:00,362 [INFO] McuFinderGlobals:76 - Set McuFinderConnectedMode to true
2026-05-02 17:04:00,370 [INFO] MultiScanPanel:200 - Auto-refresh data requested => check proxy status ongoing
2026-05-02 17:04:00,373 [INFO] FinderPluginLoader:95 - Searching for filters in installed packs
2026-05-02 17:04:01,231 [INFO] LoadUrlFilesThread:185 - End of LoadServerUrlFiles without Thread
2026-05-02 17:04:01,242 [INFO] DetailPanel:341 - Set advertising image to C:/Users/pc/STM32Cube/Repository/\en.prom-stm32wba2-stm32-nucleo-board-0426.png
2026-05-02 17:04:31,031 [INFO] MainUpdater:2873 - connection check result : 10
2026-05-02 17:04:31,031 [INFO] MainUpdater:2873 - connection check result : 10
2026-05-02 17:04:31,129 [INFO] MicroXplorer:468 - Change Database Path : 
2026-05-02 17:04:31,129 [INFO] MicroXplorer:498 - Change Database Version : DB.6.0.121
2026-05-02 17:04:31,149 [ERROR] ProjectManagerView:394 - 
java.lang.NullPointerException: Cannot invoke "javax.swing.JTextField.getText()" because the return value of "java.util.List.get(int)" is null
	at com.st.microxplorer.plugins.projectmanager.gui.ProjectChoiceTab$10.caretUpdate(ProjectChoiceTab.java:2622) ~[filemanager.jar:?]
	at javax.swing.text.JTextComponent.fireCaretUpdate(JTextComponent.java:412) ~[?:?]
	at javax.swing.text.JTextComponent$MutableCaretEvent.fire(JTextComponent.java:4491) ~[?:?]
	at javax.swing.text.JTextComponent$MutableCaretEvent.stateChanged(JTextComponent.java:4513) ~[?:?]
	at javax.swing.text.DefaultCaret.fireStateChanged(DefaultCaret.java:842) ~[?:?]
	at javax.swing.text.DefaultCaret.changeCaretPosition(DefaultCaret.java:1313) ~[?:?]
	at javax.swing.text.DefaultCaret.handleSetDot(DefaultCaret.java:1212) ~[?:?]
	at javax.swing.text.DefaultCaret.setDot(DefaultCaret.java:1193) ~[?:?]
	at javax.swing.text.DefaultCaret$Handler.insertUpdate(DefaultCaret.java:1789) ~[?:?]
	at javax.swing.text.AbstractDocument.fireInsertUpdate(AbstractDocument.java:226) ~[?:?]
	at javax.swing.text.AbstractDocument.handleInsertString(AbstractDocument.java:780) ~[?:?]
	at javax.swing.text.AbstractDocument.insertString(AbstractDocument.java:739) ~[?:?]
	at javax.swing.text.PlainDocument.insertString(PlainDocument.java:131) ~[?:?]
	at javax.swing.text.AbstractDocument.replace(AbstractDocument.java:698) ~[?:?]
	at javax.swing.text.JTextComponent.setText(JTextComponent.java:1729) ~[?:?]
	at com.st.microxplorer.plugins.projectmanager.gui.ProjectChoiceTab.createHeapStackFields(ProjectChoiceTab.java:972) ~[filemanager.jar:?]
	at com.st.microxplorer.plugins.projectmanager.gui.ProjectChoiceTab.buildLinkSettingsPanel(ProjectChoiceTab.java:3597) ~[filemanager.jar:?]
	at com.st.microxplorer.plugins.projectmanager.gui.ProjectChoiceTab.defineWindowsFields(ProjectChoiceTab.java:1940) ~[filemanager.jar:?]
	at com.st.microxplorer.plugins.projectmanager.gui.ProjectChoiceTab.updateSettings(ProjectChoiceTab.java:550) ~[filemanager.jar:?]
	at com.st.microxplorer.plugins.projectmanager.gui.ProjectSettingsPanel.UpdateDialog(ProjectSettingsPanel.java:245) ~[filemanager.jar:?]
	at com.st.microxplorer.plugins.projectmanager.ProjectManagerView.propertyChange(ProjectManagerView.java:391) ~[filemanager.jar:?]
	at java.beans.PropertyChangeSupport.fire(PropertyChangeSupport.java:343) ~[?:?]
	at java.beans.PropertyChangeSupport.firePropertyChange(PropertyChangeSupport.java:335) ~[?:?]
	at java.beans.PropertyChangeSupport.firePropertyChange(PropertyChangeSupport.java:268) ~[?:?]
	at com.st.microxplorer.util.MXPropertyChangeSupport.firePropertyChange(MXPropertyChangeSupport.java:54) ~[STM32CubeMX.jar:?]
	at com.st.microxplorer.mxsystem.MxSystem.closeConfig(MxSystem.java:900) ~[STM32CubeMX.jar:?]
	at com.st.microxplorer.maingui.MainPanel.closeConfig(MainPanel.java:781) ~[STM32CubeMX.jar:?]
	at com.st.microxplorer.plugins.filemanager.engine.OpenFileManager.loadConfigurationFile(OpenFileManager.java:265) ~[filemanager.jar:?]
	at com.st.microxplorer.plugins.filemanager.engine.MainFileManager.userLoadConfig(MainFileManager.java:352) ~[filemanager.jar:?]
	at com.st.microxplorer.plugins.filemanager.engine.MainFileManager.userLoadConfig(MainFileManager.java:330) ~[filemanager.jar:?]
	at com.st.microxplorer.plugins.filemanager.FileManagerView.getSpecificTask(FileManagerView.java:246) ~[filemanager.jar:?]
	at com.st.stm32cube.common.mx.editor.CubeMxEditor.getMxTabbedPaneInstance(CubeMxEditor.java:1198) ~[com.st.stm32cube.common.mx_6.12.1.202409122256/:?]
	at com.st.stm32cube.common.mx.editor.CubeMxEditor$12$1.createSwingComponent(CubeMxEditor.java:1068) ~[com.st.stm32cube.common.mx_6.12.1.202409122256/:?]
	at com.st.stm32cube.common.mx.oss.core.awtswtbridge.EmbeddedSwingComposite.doComponentCreation(EmbeddedSwingComposite.java:492) ~[com.st.stm32cube.common.mx.oss_6.12.1.202409122256/:?]
	at com.st.stm32cube.common.mx.oss.core.awtswtbridge.EmbeddedSwingComposite$4.run(EmbeddedSwingComposite.java:291) ~[com.st.stm32cube.common.mx.oss_6.12.1.202409122256/:?]
	at com.st.stm32cube.common.mx.oss.core.awtswtbridge.AwtEnvironment$2.run(AwtEnvironment.java:166) ~[com.st.stm32cube.common.mx.oss_6.12.1.202409122256/:?]
	at java.awt.event.InvocationEvent.dispatch(InvocationEvent.java:318) ~[?:?]
	at java.awt.EventQueue.dispatchEventImpl(EventQueue.java:773) ~[?:?]
	at java.awt.EventQueue$4.run(EventQueue.java:720) ~[?:?]
	at java.awt.EventQueue$4.run(EventQueue.java:714) ~[?:?]
	at java.security.AccessController.doPrivileged(AccessController.java:399) ~[?:?]
	at java.security.ProtectionDomain$JavaSecurityAccessImpl.doIntersectionPrivilege(ProtectionDomain.java:86) ~[?:?]
	at java.awt.EventQueue.dispatchEvent(EventQueue.java:742) ~[?:?]
	at java.awt.EventDispatchThread.pumpOneEventForFilters(EventDispatchThread.java:203) ~[?:?]
	at java.awt.EventDispatchThread.pumpEventsForFilter(EventDispatchThread.java:124) ~[?:?]
	at java.awt.EventDispatchThread.pumpEventsForHierarchy(EventDispatchThread.java:113) ~[?:?]
	at java.awt.EventDispatchThread.pumpEvents(EventDispatchThread.java:109) ~[?:?]
	at java.awt.EventDispatchThread.pumpEvents(EventDispatchThread.java:101) ~[?:?]
	at java.awt.EventDispatchThread.run(EventDispatchThread.java:90) ~[?:?]
2026-05-02 17:04:31,151 [WARN] ThirdParty:871 - waiting for thirdparty lock release [close project]
2026-05-02 17:04:31,151 [INFO] ThirdParty:873 - entering critical section [close project]
2026-05-02 17:04:31,151 [INFO] ThirdParty:883 - exiting critical section [close project]
2026-05-02 17:04:31,152 [INFO] PinOutPanel:1561 - setPackage(No Configuration,No Configuration)
2026-05-02 17:04:31,157 [WARN] IpParametersView:151 - Warning: This peripheral hasn't parameters
2026-05-02 17:04:31,162 [WARN] MainPanel:284 - <html><b><center>Warning: This peripheral has no parameters to be configured<br></b></html>
2026-05-02 17:04:31,165 [INFO] UtilMem:75 - Begin LoadConfig() Used Memory: 633794976 Bytes (861929472)
2026-05-02 17:04:31,165 [INFO] MicroXplorer:468 - Change Database Path : 
2026-05-02 17:04:31,165 [INFO] MicroXplorer:498 - Change Database Version : DB.6.0.121
2026-05-02 17:04:31,165 [INFO] OpenFileManager:332 - Change cursor
2026-05-02 17:04:31,184 [INFO] RulesReader:64 - Compatibility file has been processed (297 Rules)
2026-05-02 17:04:31,344 [INFO] Mcu:2032 - Initializing MCU STM32F401RETx STM32F401RETx STM32F401RET6
2026-05-02 17:04:32,034 [INFO] Context:742 - Trying to add GPIOservice into a context  which must be forbidden
2026-05-02 17:04:32,122 [INFO] ImportTextPane:205 - (OptionalMessage_ERROR) Unable to find key (Mcu.ThirdPartyNb) in loaded IOC file
2026-05-02 17:04:32,122 [INFO] ImportTextPane:205 - (OptionalMessage_ERROR) Unable to find key (Mcu.PinsNb) in loaded IOC file
2026-05-02 17:04:32,122 [INFO] ImportTextPane:205 - (OptionalMessage_ERROR) Unable to find key (Mcu.IPNb) in loaded IOC file
2026-05-02 17:04:32,156 [INFO] RtosManager:555 - Registered RTOS mode: class=CMSIS, group=RTOS, mode=CMSIS_V1, owner=FREERTOS
2026-05-02 17:04:32,156 [INFO] RtosManager:555 - Registered RTOS mode: class=CMSIS, group=RTOS2, mode=CMSIS_V2, owner=FREERTOS
2026-05-02 17:04:32,156 [INFO] RtosManager:555 - Registered RTOS mode: class=RTOS, group=Core, mode=CMSIS_V1, owner=FREERTOS
2026-05-02 17:04:32,156 [INFO] RtosManager:555 - Registered RTOS mode: class=RTOS, group=Core, mode=CMSIS_V2, owner=FREERTOS
2026-05-02 17:04:32,156 [WARN] ModelIntegratedComponent:184 - Missing modes for component STMicroelectronics:FreeRTOS:0.0.1:STMicroelectronics:RTOS:FreeRTOS:Core:::10.2.0:
2026-05-02 17:04:32,156 [WARN] ModelIntegratedComponent:63 - No mode defined for component null
2026-05-02 17:04:32,156 [WARN] ModelIntegratedComponent:63 - No mode defined for component null
2026-05-02 17:04:32,156 [WARN] ModelIntegratedComponent:63 - No mode defined for component null
2026-05-02 17:04:32,156 [WARN] ModelIntegratedComponent:63 - No mode defined for component null
2026-05-02 17:04:32,156 [WARN] ModelIntegratedComponent:63 - No mode defined for component null
2026-05-02 17:04:32,156 [WARN] ModelIntegratedComponent:63 - No mode defined for component null
2026-05-02 17:04:32,156 [WARN] ModelIntegratedComponent:63 - No mode defined for component null
2026-05-02 17:04:32,156 [WARN] ModelIntegratedComponent:63 - No mode defined for component null
2026-05-02 17:04:32,156 [WARN] ModelIntegratedComponent:63 - No mode defined for component null
2026-05-02 17:04:32,156 [WARN] ModelIntegratedComponent:63 - No mode defined for component null
2026-05-02 17:04:32,156 [WARN] ModelIntegratedComponent:63 - No mode defined for component null
2026-05-02 17:04:32,156 [WARN] ModelIntegratedComponent:63 - No mode defined for component null
2026-05-02 17:04:32,156 [WARN] ModelIntegratedComponent:63 - No mode defined for component null
2026-05-02 17:04:32,156 [WARN] ModelIntegratedComponent:63 - No mode defined for component null
2026-05-02 17:04:32,156 [WARN] ModelIntegratedComponent:63 - No mode defined for component null
2026-05-02 17:04:32,156 [WARN] ModelIntegratedComponent:63 - No mode defined for component null
2026-05-02 17:04:32,156 [WARN] ModelIntegratedComponent:63 - No mode defined for component null
2026-05-02 17:04:32,156 [WARN] ModelIntegratedComponent:63 - No mode defined for component null
2026-05-02 17:04:32,156 [WARN] ModelIntegratedComponent:63 - No mode defined for component null
2026-05-02 17:04:32,156 [WARN] ModelIntegratedComponent:63 - No mode defined for component null
2026-05-02 17:04:32,156 [WARN] ModelIntegratedComponent:63 - No mode defined for component null
2026-05-02 17:04:32,156 [WARN] ModelIntegratedComponent:63 - No mode defined for component null
2026-05-02 17:04:32,156 [WARN] ModelIntegratedComponent:63 - No mode defined for component null
2026-05-02 17:04:32,156 [WARN] ModelIntegratedComponent:63 - No mode defined for component null
2026-05-02 17:04:32,156 [WARN] ModelIntegratedComponent:63 - No mode defined for component null
2026-05-02 17:04:32,156 [WARN] ModelIntegratedComponent:63 - No mode defined for component null
2026-05-02 17:04:32,156 [WARN] ModelIntegratedComponent:63 - No mode defined for component null
2026-05-02 17:04:32,156 [WARN] ModelIntegratedComponent:63 - No mode defined for component null
2026-05-02 17:04:32,156 [WARN] ModelIntegratedComponent:63 - No mode defined for component null
2026-05-02 17:04:32,156 [WARN] ModelIntegratedComponent:63 - No mode defined for component null
2026-05-02 17:04:32,156 [WARN] ModelIntegratedComponent:63 - No mode defined for component null
2026-05-02 17:04:32,156 [WARN] ModelIntegratedComponent:63 - No mode defined for component null
2026-05-02 17:04:32,156 [WARN] ModelIntegratedComponent:63 - No mode defined for component null
2026-05-02 17:04:32,156 [WARN] ModelIntegratedComponent:63 - No mode defined for component null
2026-05-02 17:04:32,156 [WARN] ModelIntegratedComponent:63 - No mode defined for component null
2026-05-02 17:04:32,156 [WARN] ModelPack:524 - Component already loaded: STMicroelectronics:HAL Drivers:0.0.0:STMicroelectronics:Device:STMicro_Driver:XSPI:HAL::0.0.1:HAL_XSPI
2026-05-02 17:04:32,156 [INFO] ThirdPartyModel:298 - Start build external matchings
2026-05-02 17:04:32,230 [INFO] ThirdPartyModel:316 - End build external matchings
2026-05-02 17:04:32,406 [INFO] UtilMem:75 - End LoadConfig() Used Memory: 659991688 Bytes (861929472)
2026-05-02 17:04:32,433 [WARN] ThirdParty:833 - waiting for thirdparty lock release [change project]
2026-05-02 17:04:32,433 [INFO] ThirdParty:835 - entering critical section [change project]
2026-05-02 17:04:32,433 [INFO] ThirdParty:1030 - CMSIS Pack Vendor :STMicroelectronics X-CUBE-AZRTOS-H7 3.5.0
2026-05-02 17:04:32,433 [INFO] ThirdParty:1030 - CMSIS Pack Vendor :STMicroelectronics X-CUBE-PM33A1 1.0.0
2026-05-02 17:04:32,433 [INFO] ThirdParty:1030 - CMSIS Pack Vendor :STMicroelectronics USBPD 4.1
2026-05-02 17:04:32,433 [INFO] ThirdParty:1030 - CMSIS Pack Vendor :STMicroelectronics X-CUBE-NFC9 1.0.0
2026-05-02 17:04:32,433 [INFO] ThirdParty:1030 - CMSIS Pack Vendor :STMicroelectronics USB_HOST 2.0.0
2026-05-02 17:04:32,433 [INFO] ThirdParty:1030 - CMSIS Pack Vendor :STMicroelectronics X-CUBE-AZRTOS-F4 1.1.0
2026-05-02 17:04:32,433 [INFO] ThirdParty:1030 - CMSIS Pack Vendor :STMicroelectronics LIBJPEG 8.0.0
2026-05-02 17:04:32,433 [INFO] ThirdParty:1030 - CMSIS Pack Vendor :STMicroelectronics FP-ATR-ASTRA1 2.0.2
2026-05-02 17:04:32,433 [INFO] ThirdParty:1030 - CMSIS Pack Vendor :STMicroelectronics X-CUBE-BLE1 7.1.0
2026-05-02 17:04:32,433 [INFO] ThirdParty:1030 - CMSIS Pack Vendor :STMicroelectronics X-CUBE-SMBUS 2.1.0
2026-05-02 17:04:32,433 [INFO] ThirdParty:1030 - CMSIS Pack Vendor :wolfSSL I-CUBE-wolfMQTT 1.19.2
2026-05-02 17:04:32,433 [INFO] ThirdParty:1030 - CMSIS Pack Vendor :STMicroelectronics USB_DEVICE 3.0.0
2026-05-02 17:04:32,433 [INFO] ThirdParty:1030 - CMSIS Pack Vendor :STMicroelectronics X-CUBE-ISPU 2.1.0
2026-05-02 17:04:32,433 [INFO] ThirdParty:1030 - CMSIS Pack Vendor :STMicroelectronics X-CUBE-EEPRMA1 5.2.0
2026-05-02 17:04:32,433 [INFO] ThirdParty:1030 - CMSIS Pack Vendor :STMicroelectronics X-CUBE-AZRTOS-WB 2.0.0
2026-05-02 17:04:32,433 [INFO] ThirdParty:1030 - CMSIS Pack Vendor :wolfSSL I-CUBE-wolfSSL 5.8.4
2026-05-02 17:04:32,433 [INFO] ThirdParty:1030 - CMSIS Pack Vendor :STMicroelectronics X-CUBE-NFC12 1.0.0
2026-05-02 17:04:32,433 [INFO] ThirdParty:1030 - CMSIS Pack Vendor :STMicroelectronics X-CUBE-AZRTOS-F7 1.1.0
2026-05-02 17:04:32,433 [INFO] ThirdParty:1030 - CMSIS Pack Vendor :STMicroelectronics X-CUBE-AZRTOS-L5 2.0.0
2026-05-02 17:04:32,433 [INFO] ThirdParty:1030 - CMSIS Pack Vendor :STMicroelectronics USB_DEVICE 2.0.0
2026-05-02 17:04:32,433 [INFO] ThirdParty:1030 - CMSIS Pack Vendor :quantropi X-CUBE-qispace-sdk-base 2.1.0
2026-05-02 17:04:32,433 [INFO] ThirdParty:1030 - CMSIS Pack Vendor :STMicroelectronics X-CUBE-MEMS1 12.0.0
2026-05-02 17:04:32,433 [INFO] ThirdParty:1030 - CMSIS Pack Vendor :STMicroelectronics X-CUBE-STSE01 2.0.0
2026-05-02 17:04:32,433 [INFO] ThirdParty:1030 - CMSIS Pack Vendor :STMicroelectronics FreeRTOS 0.0.1
2026-05-02 17:04:32,433 [INFO] ThirdParty:1030 - CMSIS Pack Vendor :STMicroelectronics X-CUBE-AZRTOS-G0 1.1.0
2026-05-02 17:04:32,433 [INFO] ThirdParty:1030 - CMSIS Pack Vendor :STMicroelectronics X-CUBE-NFC4 3.0.0
2026-05-02 17:04:32,433 [INFO] ThirdParty:1030 - CMSIS Pack Vendor :STMicroelectronics X-CUBE-SUBG2 5.0.0
2026-05-02 17:04:32,433 [INFO] ThirdParty:1030 - CMSIS Pack Vendor :STMicroelectronics STM32_WPAN 1.0.0
2026-05-02 17:04:32,433 [INFO] ThirdParty:1030 - CMSIS Pack Vendor :EmbeddedOffice I-CUBE-FS-RTOS 1.0.1
2026-05-02 17:04:32,433 [INFO] ThirdParty:1030 - CMSIS Pack Vendor :STMicroelectronics lwIP 2.0.3
2026-05-02 17:04:32,433 [INFO] ThirdParty:1030 - CMSIS Pack Vendor :STMicroelectronics USB_HOST 1.0.0
2026-05-02 17:04:32,433 [INFO] ThirdParty:1030 - CMSIS Pack Vendor :STMicroelectronics X-CUBE-AZRTOS-G4 2.0.0
2026-05-02 17:04:32,433 [INFO] ThirdParty:1030 - CMSIS Pack Vendor :STMicroelectronics PDM2PCM 3.1.0
2026-05-02 17:04:32,433 [INFO] ThirdParty:1030 - CMSIS Pack Vendor :STMicroelectronics PDM2PCM 3.3.0
2026-05-02 17:04:32,433 [INFO] ThirdParty:1030 - CMSIS Pack Vendor :wolfSSL I-CUBE-wolfTPM 3.8.0
2026-05-02 17:04:32,433 [INFO] ThirdParty:1030 - CMSIS Pack Vendor :STMicroelectronics X-CUBE-DISPLAY 3.0.0
2026-05-02 17:04:32,433 [INFO] ThirdParty:1030 - CMSIS Pack Vendor :wolfSSL I-CUBE-wolfSSH 1.4.20
2026-05-02 17:04:32,433 [INFO] ThirdParty:1030 - CMSIS Pack Vendor :STMicroelectronics X-CUBE-NFC7 2.0.0
2026-05-02 17:04:32,433 [INFO] ThirdParty:1030 - CMSIS Pack Vendor :RealThread X-CUBE-RT-Thread_Nano 4.1.1
2026-05-02 17:04:32,433 [INFO] ThirdParty:1030 - CMSIS Pack Vendor :STMicroelectronics FP-ATR-SIGFOX1 3.2.0
2026-05-02 17:04:32,433 [INFO] ThirdParty:1030 - CMSIS Pack Vendor :STMicroelectronics X-CUBE-NFC10 1.0.0
2026-05-02 17:04:32,433 [INFO] ThirdParty:1030 - CMSIS Pack Vendor :STMicroelectronics HAL Drivers 0.0.0
2026-05-02 17:04:32,433 [INFO] ThirdParty:1030 - CMSIS Pack Vendor :STMicroelectronics MBEDTLS 2.16.2
2026-05-02 17:04:32,433 [INFO] ThirdParty:1030 - CMSIS Pack Vendor :STMicroelectronics X-CUBE-ALS 1.0.2
2026-05-02 17:04:32,433 [INFO] ThirdParty:1030 - CMSIS Pack Vendor :emotas I-CUBE-CANOPEN 1.3.0
2026-05-02 17:04:32,433 [INFO] ThirdParty:1030 - CMSIS Pack Vendor :STMicroelectronics MBEDTLS 2.14.1
2026-05-02 17:04:32,433 [INFO] ThirdParty:1030 - CMSIS Pack Vendor :STMicroelectronics X-CUBE-GNSS1 7.1.0
2026-05-02 17:04:32,433 [INFO] ThirdParty:1030 - CMSIS Pack Vendor :ITTIA_DB I-CUBE-ITTIADB 8.9.0
2026-05-02 17:04:32,433 [INFO] ThirdParty:1030 - CMSIS Pack Vendor :STMicroelectronics X-CUBE-TOUCHGFX 4.26.1
2026-05-02 17:04:32,433 [INFO] ThirdParty:1030 - CMSIS Pack Vendor :STMicroelectronics X-CUBE-NFC6 3.2.0
2026-05-02 17:04:32,433 [INFO] ThirdParty:1030 - CMSIS Pack Vendor :STMicroelectronics X-CUBE-AI 10.2.0
2026-05-02 17:04:32,433 [INFO] ThirdParty:1030 - CMSIS Pack Vendor :STMicroelectronics ThreadX 1.0.0
2026-05-02 17:04:32,433 [INFO] ThirdParty:1030 - CMSIS Pack Vendor :STMicroelectronics FP-SNS-SMARTAG2 1.2.0
2026-05-02 17:04:32,433 [INFO] ThirdParty:1030 - CMSIS Pack Vendor :STMicroelectronics X-CUBE-AZRTOS-WL 2.0.0
2026-05-02 17:04:32,433 [INFO] ThirdParty:1030 - CMSIS Pack Vendor :SEGGER I-CUBE-embOS 1.3.1
2026-05-02 17:04:32,433 [INFO] ThirdParty:1030 - CMSIS Pack Vendor :STMicroelectronics X-CUBE-ALGOBUILD 1.4.0
2026-05-02 17:04:32,433 [INFO] ThirdParty:1030 - CMSIS Pack Vendor :STMicroelectronics X-CUBE-DPower 1.3.0
2026-05-02 17:04:32,433 [INFO] ThirdParty:1030 - CMSIS Pack Vendor :STMicroelectronics USB_DEVICE 1.0.0
2026-05-02 17:04:32,433 [INFO] ThirdParty:1030 - CMSIS Pack Vendor :STMicroelectronics X-CUBE-AZRTOS-H7RS 1.2.0
2026-05-02 17:04:32,433 [INFO] ThirdParty:1030 - CMSIS Pack Vendor :STMicroelectronics X-CUBE-AZRTOS-L4 2.0.0
2026-05-02 17:04:32,433 [INFO] ThirdParty:1030 - CMSIS Pack Vendor :STMicroelectronics ThreadX 0.0.2
2026-05-02 17:04:32,433 [INFO] ThirdParty:1030 - CMSIS Pack Vendor :STMicroelectronics lwIP 2.1.2
2026-05-02 17:04:32,433 [INFO] ThirdParty:1030 - CMSIS Pack Vendor :STMicroelectronics X-CUBE-SFXS2LP1 4.0.0
2026-05-02 17:04:32,433 [INFO] ThirdParty:1030 - CMSIS Pack Vendor :STMicroelectronics X-CUBE-BLE2 3.3.0
2026-05-02 17:04:32,433 [INFO] ThirdParty:1030 - CMSIS Pack Vendor :Infineon AIROC-Wi-Fi-Bluetooth-STM32 1.8.0
2026-05-02 17:04:32,433 [INFO] ThirdParty:1030 - CMSIS Pack Vendor :STMicroelectronics PDM2PCM 3.2.0
2026-05-02 17:04:32,433 [INFO] ThirdParty:1030 - CMSIS Pack Vendor :STMicroelectronics X-CUBE-WB05N 2.1.0
2026-05-02 17:04:32,433 [INFO] ThirdParty:841 - exiting critical section [change project]
2026-05-02 17:04:32,502 [INFO] PinOutPanel:1561 - setPackage(No Configuration,No Configuration)
2026-05-02 17:04:32,502 [INFO] PinOutPanel:1561 - setPackage(STM32F401RETx,LQFP64)
2026-05-02 17:04:32,603 [INFO] UtilMem:75 - Before build in PCC Used Memory: 563683616 Bytes (861929472)
2026-05-02 17:04:32,744 [INFO] UtilMem:75 - After build in PCC Used Memory: 608246048 Bytes (861929472)
2026-05-02 17:04:32,753 [INFO] IPUIPlugin:80 - create IPUIPlugin
2026-05-02 17:04:32,753 [INFO] IPUIPlugin:80 - create IPUIPlugin
2026-05-02 17:04:32,753 [INFO] IPUIPlugin:80 - create IPUIPlugin
2026-05-02 17:04:32,753 [INFO] IPUIPlugin:80 - create IPUIPlugin
2026-05-02 17:04:32,753 [INFO] IPUIPlugin:80 - create IPUIPlugin
2026-05-02 17:04:32,753 [INFO] IPUIPlugin:80 - create IPUIPlugin
2026-05-02 17:04:32,753 [INFO] IPUIPlugin:80 - create IPUIPlugin
2026-05-02 17:04:32,753 [INFO] IPUIPlugin:80 - create IPUIPlugin
2026-05-02 17:04:32,753 [INFO] IPUIPlugin:80 - create IPUIPlugin
2026-05-02 17:04:32,753 [INFO] IPUIPlugin:80 - create IPUIPlugin
2026-05-02 17:04:32,753 [INFO] IPUIPlugin:80 - create IPUIPlugin
2026-05-02 17:04:32,753 [INFO] IPUIPlugin:80 - create IPUIPlugin
2026-05-02 17:04:32,753 [INFO] IPUIPlugin:80 - create IPUIPlugin
2026-05-02 17:04:32,753 [INFO] IPUIPlugin:80 - create IPUIPlugin
2026-05-02 17:04:32,753 [INFO] IPUIPlugin:80 - create IPUIPlugin
2026-05-02 17:04:32,753 [INFO] IPUIPlugin:80 - create IPUIPlugin
2026-05-02 17:04:32,753 [INFO] IPUIPlugin:80 - create IPUIPlugin
2026-05-02 17:04:32,753 [INFO] IPUIPlugin:80 - create IPUIPlugin
2026-05-02 17:04:32,753 [INFO] IPUIPlugin:80 - create IPUIPlugin
2026-05-02 17:04:32,753 [INFO] IPUIPlugin:80 - create IPUIPlugin
2026-05-02 17:04:32,753 [INFO] IPUIPlugin:80 - create IPUIPlugin
2026-05-02 17:04:32,754 [INFO] IPUIPlugin:80 - create IPUIPlugin
2026-05-02 17:04:32,754 [INFO] IPUIPlugin:80 - create IPUIPlugin
2026-05-02 17:04:32,754 [INFO] IPUIPlugin:80 - create IPUIPlugin
2026-05-02 17:04:32,754 [INFO] IPUIPlugin:80 - create IPUIPlugin
2026-05-02 17:04:32,754 [INFO] IPUIPlugin:80 - create IPUIPlugin
2026-05-02 17:04:32,754 [INFO] IPUIPlugin:80 - create IPUIPlugin
2026-05-02 17:04:32,754 [INFO] IPUIPlugin:80 - create IPUIPlugin
2026-05-02 17:04:32,754 [INFO] IPUIPlugin:80 - create IPUIPlugin
2026-05-02 17:04:32,754 [INFO] IPUIPlugin:80 - create IPUIPlugin
2026-05-02 17:04:32,754 [INFO] IPUIPlugin:80 - create IPUIPlugin
2026-05-02 17:04:32,755 [INFO] IPUIPlugin:80 - create IPUIPlugin
2026-05-02 17:04:32,755 [INFO] IPUIPlugin:80 - create IPUIPlugin
2026-05-02 17:04:32,755 [INFO] IPUIPlugin:80 - create IPUIPlugin
2026-05-02 17:04:32,755 [INFO] IPUIPlugin:80 - create IPUIPlugin
2026-05-02 17:04:32,755 [INFO] IPUIPlugin:80 - create IPUIPlugin
2026-05-02 17:04:32,755 [INFO] IPUIPlugin:80 - create IPUIPlugin
2026-05-02 17:04:32,755 [INFO] IPUIPlugin:80 - create IPUIPlugin
2026-05-02 17:04:32,769 [INFO] ApiDbMcu:508 - Load IP Config File for PDM2PCM
2026-05-02 17:04:32,787 [INFO] CADModel:165 - CPN selected for project levelSTM32F401RET6
2026-05-02 17:04:32,787 [INFO] CADModel:114 - Register for checkConnection events
2026-05-02 17:04:32,830 [INFO] OpenFileManager:363 - Restore cursor
2026-05-02 17:04:32,964 [INFO] UtilMem:75 - End SaveConfig() Used Memory: 678500640 Bytes (861929472)
2026-05-02 17:04:32,993 [INFO] UtilMem:75 - End SaveConfig() Used Memory: 693707040 Bytes (861929472)
2026-05-02 17:04:33,043 [INFO] BlockDiagram:2766 - set Specific Code input for plugin: NVIC
2026-05-02 17:04:33,044 [INFO] BlockDiagram:2766 - set Specific Code input for plugin: RCC
2026-05-02 17:04:33,044 [INFO] CodeGenerator:807 - code generatio: config db path: C:\ST\STM32CubeIDE_1.16.1\STM32CubeIDE\plugins\com.st.stm32cube.common.mx_6.12.1.202409122256\\db\
2026-05-02 17:04:33,122 [INFO] CodeEngine:255 - oldGeneratedFile, C:\Users\pc\STM32CubeIDE\workspace_1.16.1\masterefendi\omron1\MXTmpFiles\license.tmp_save
2026-05-02 17:04:33,180 [INFO] CodeEngine:279 - Generated code: C:\Users\pc\STM32CubeIDE\workspace_1.16.1\masterefendi\omron1\MXTmpFiles\license.tmp
2026-05-02 17:04:33,195 [INFO] CodeEngine:255 - oldGeneratedFile, C:\Users\pc\STM32CubeIDE\workspace_1.16.1\masterefendi\omron1\Core\Src\stm32f4xx_it.c_save
2026-05-02 17:04:33,288 [INFO] CodeEngine:279 - Generated code: C:\Users\pc\STM32CubeIDE\workspace_1.16.1\masterefendi\omron1\Core\Src\stm32f4xx_it.c
2026-05-02 17:04:33,297 [INFO] CodeEngine:255 - oldGeneratedFile, C:\Users\pc\STM32CubeIDE\workspace_1.16.1\masterefendi\omron1\Core\Inc\stm32f4xx_it.h_save
2026-05-02 17:04:33,342 [INFO] CodeEngine:279 - Generated code: C:\Users\pc\STM32CubeIDE\workspace_1.16.1\masterefendi\omron1\Core\Inc\stm32f4xx_it.h
2026-05-02 17:04:33,387 [INFO] CodeEngine:255 - oldGeneratedFile, C:\Users\pc\STM32CubeIDE\workspace_1.16.1\masterefendi\omron1\Core\Src\stm32f4xx_hal_msp.c_save
2026-05-02 17:04:33,455 [INFO] CodeEngine:279 - Generated code: C:\Users\pc\STM32CubeIDE\workspace_1.16.1\masterefendi\omron1\Core\Src\stm32f4xx_hal_msp.c
2026-05-02 17:04:33,463 [INFO] CodeEngine:255 - oldGeneratedFile, C:\Users\pc\STM32CubeIDE\workspace_1.16.1\masterefendi\omron1\MXTmpFiles\system.tmp_save
2026-05-02 17:04:33,501 [INFO] CodeEngine:279 - Generated code: C:\Users\pc\STM32CubeIDE\workspace_1.16.1\masterefendi\omron1\MXTmpFiles\system.tmp
2026-05-02 17:04:33,516 [INFO] CodeEngine:311 - oldGeneratedFile, C:\Users\pc\STM32CubeIDE\workspace_1.16.1\masterefendi\omron1\Core\Inc\stm32f4xx_hal_conf.h_save
2026-05-02 17:04:33,575 [INFO] CodeEngine:335 - Generated code: C:\Users\pc\STM32CubeIDE\workspace_1.16.1\masterefendi\omron1\Core\Inc\stm32f4xx_hal_conf.h
2026-05-02 17:04:33,621 [INFO] CodeEngine:255 - oldGeneratedFile, C:\Users\pc\STM32CubeIDE\workspace_1.16.1\masterefendi\omron1\Core\Inc\main.h_save
2026-05-02 17:04:33,684 [INFO] CodeEngine:279 - Generated code: C:\Users\pc\STM32CubeIDE\workspace_1.16.1\masterefendi\omron1\Core\Inc\main.h
2026-05-02 17:04:33,694 [INFO] CodeEngine:255 - oldGeneratedFile, C:\Users\pc\STM32CubeIDE\workspace_1.16.1\masterefendi\omron1\Core\Src\main.c_save
2026-05-02 17:04:33,762 [INFO] CodeEngine:279 - Generated code: C:\Users\pc\STM32CubeIDE\workspace_1.16.1\masterefendi\omron1\Core\Src\main.c
2026-05-02 17:04:33,980 [INFO] ProjectBuilder:3249 - Time for Copy HAL[1] : 142mS.
2026-05-02 17:04:33,982 [INFO] ProjectBuilder:4828 - Project Generator version: 4.5.0-B34
2026-05-02 17:04:34,024 [INFO] ConfigFileManager:1531 - The Die is : DIE433
2026-05-02 17:04:34,035 [INFO] ApiDbMcu:508 - Load IP Config File for FATFS
2026-05-02 17:04:34,045 [INFO] ApiDbMcu:508 - Load IP Config File for FREERTOS
2026-05-02 17:04:34,055 [INFO] ApiDbMcu:508 - Load IP Config File for LIBJPEG
2026-05-02 17:04:34,066 [INFO] ApiDbMcu:508 - Load IP Config File for MBEDTLS
2026-05-02 17:04:34,078 [INFO] ApiDbMcu:508 - Load IP Config File for USB_DEVICE
2026-05-02 17:04:34,088 [INFO] ApiDbMcu:508 - Load IP Config File for USB_HOST
2026-05-02 17:04:37,327 [INFO] ProjectBuilder:5097 - Time for Generating toolchain IDE Files: 3345mS.
2026-05-02 17:04:37,328 [INFO] ProjectBuilder:3107 - Time for Copy CMSIS : 1mS.
2026-05-02 17:04:37,329 [INFO] ProjectBuilder:3107 - Time for Copy CMSIS : 0mS.
2026-05-02 17:04:38,374 [INFO] McuFinderGlobals:76 - Set McuFinderConnectedMode to true
2026-05-02 17:04:38,377 [INFO] ApiDb:448 - Save user favorites file C:\Users\pc/.stm32cubeide/favorites.mcus.txt: 0 item(s)
2026-05-02 17:04:38,377 [INFO] ApiDb:452 - User favorites MCUs=[]
2026-05-02 17:05:34,996 [INFO] Gpio:277 - dependency for GPIO []
2026-05-02 17:06:11,515 [INFO] Gpio:277 - dependency for GPIO []
2026-05-02 17:06:38,854 [INFO] UtilMem:75 - End SaveConfig() Used Memory: 771444696 Bytes (861929472)
2026-05-02 17:06:40,629 [INFO] UtilMem:75 - End SaveConfig() Used Memory: 379196376 Bytes (861929472)
2026-05-02 17:06:41,983 [INFO] UtilMem:75 - End SaveConfig() Used Memory: 436101256 Bytes (861929472)
2026-05-02 17:06:42,034 [INFO] BlockDiagram:2766 - set Specific Code input for plugin: NVIC
2026-05-02 17:06:42,034 [INFO] BlockDiagram:2766 - set Specific Code input for plugin: GPIO
2026-05-02 17:06:42,034 [INFO] BlockDiagram:2766 - set Specific Code input for plugin: RCC
2026-05-02 17:06:42,035 [INFO] CodeGenerator:807 - code generatio: config db path: C:\ST\STM32CubeIDE_1.16.1\STM32CubeIDE\plugins\com.st.stm32cube.common.mx_6.12.1.202409122256\\db\
2026-05-02 17:06:42,070 [INFO] CodeEngine:255 - oldGeneratedFile, C:\Users\pc\STM32CubeIDE\workspace_1.16.1\masterefendi\omron1\MXTmpFiles\license.tmp_save
2026-05-02 17:06:42,118 [INFO] CodeEngine:279 - Generated code: C:\Users\pc\STM32CubeIDE\workspace_1.16.1\masterefendi\omron1\MXTmpFiles\license.tmp
2026-05-02 17:06:42,152 [INFO] CodeEngine:255 - oldGeneratedFile, C:\Users\pc\STM32CubeIDE\workspace_1.16.1\masterefendi\omron1\MXTmpFiles\gpio.tmp_save
2026-05-02 17:06:42,200 [INFO] CodeEngine:279 - Generated code: C:\Users\pc\STM32CubeIDE\workspace_1.16.1\masterefendi\omron1\MXTmpFiles\gpio.tmp
2026-05-02 17:06:42,217 [INFO] CodeEngine:255 - oldGeneratedFile, C:\Users\pc\STM32CubeIDE\workspace_1.16.1\masterefendi\omron1\Core\Src\stm32f4xx_it.c_save
2026-05-02 17:06:42,284 [INFO] CodeEngine:279 - Generated code: C:\Users\pc\STM32CubeIDE\workspace_1.16.1\masterefendi\omron1\Core\Src\stm32f4xx_it.c
2026-05-02 17:06:42,289 [INFO] CodeEngine:255 - oldGeneratedFile, C:\Users\pc\STM32CubeIDE\workspace_1.16.1\masterefendi\omron1\Core\Inc\stm32f4xx_it.h_save
2026-05-02 17:06:42,331 [INFO] CodeEngine:279 - Generated code: C:\Users\pc\STM32CubeIDE\workspace_1.16.1\masterefendi\omron1\Core\Inc\stm32f4xx_it.h
2026-05-02 17:06:42,348 [INFO] CodeEngine:255 - oldGeneratedFile, C:\Users\pc\STM32CubeIDE\workspace_1.16.1\masterefendi\omron1\Core\Src\stm32f4xx_hal_msp.c_save
2026-05-02 17:06:42,391 [INFO] CodeEngine:279 - Generated code: C:\Users\pc\STM32CubeIDE\workspace_1.16.1\masterefendi\omron1\Core\Src\stm32f4xx_hal_msp.c
2026-05-02 17:06:42,395 [INFO] CodeEngine:255 - oldGeneratedFile, C:\Users\pc\STM32CubeIDE\workspace_1.16.1\masterefendi\omron1\MXTmpFiles\system.tmp_save
2026-05-02 17:06:42,423 [INFO] CodeEngine:279 - Generated code: C:\Users\pc\STM32CubeIDE\workspace_1.16.1\masterefendi\omron1\MXTmpFiles\system.tmp
2026-05-02 17:06:42,439 [INFO] CodeEngine:311 - oldGeneratedFile, C:\Users\pc\STM32CubeIDE\workspace_1.16.1\masterefendi\omron1\Core\Inc\stm32f4xx_hal_conf.h_save
2026-05-02 17:06:42,488 [INFO] CodeEngine:335 - Generated code: C:\Users\pc\STM32CubeIDE\workspace_1.16.1\masterefendi\omron1\Core\Inc\stm32f4xx_hal_conf.h
2026-05-02 17:06:42,519 [INFO] CodeEngine:255 - oldGeneratedFile, C:\Users\pc\STM32CubeIDE\workspace_1.16.1\masterefendi\omron1\Core\Inc\main.h_save
2026-05-02 17:06:42,556 [INFO] CodeEngine:279 - Generated code: C:\Users\pc\STM32CubeIDE\workspace_1.16.1\masterefendi\omron1\Core\Inc\main.h
2026-05-02 17:06:42,566 [INFO] CodeEngine:255 - oldGeneratedFile, C:\Users\pc\STM32CubeIDE\workspace_1.16.1\masterefendi\omron1\Core\Src\main.c_save
2026-05-02 17:06:42,631 [INFO] CodeEngine:279 - Generated code: C:\Users\pc\STM32CubeIDE\workspace_1.16.1\masterefendi\omron1\Core\Src\main.c
2026-05-02 17:06:42,813 [INFO] ProjectBuilder:3249 - Time for Copy HAL[1] : 113mS.
2026-05-02 17:06:42,815 [INFO] ProjectBuilder:4828 - Project Generator version: 4.5.0-B34
2026-05-02 17:06:42,848 [INFO] ConfigFileManager:1531 - The Die is : DIE433
2026-05-02 17:06:43,188 [INFO] ProjectBuilder:5097 - Time for Generating toolchain IDE Files: 373mS.
2026-05-02 17:06:43,189 [INFO] ProjectBuilder:3107 - Time for Copy CMSIS : 1mS.
2026-05-02 17:06:43,190 [INFO] ProjectBuilder:3107 - Time for Copy CMSIS : 0mS.
2026-05-02 17:17:02,067 [INFO] Gpio:277 - dependency for GPIO []
2026-05-02 17:19:23,735 [INFO] UtilMem:75 - End SaveConfig() Used Memory: 441305144 Bytes (861929472)
2026-05-02 17:19:24,841 [INFO] UtilMem:75 - End SaveConfig() Used Memory: 484819000 Bytes (861929472)
2026-05-02 17:19:24,968 [INFO] UtilMem:75 - End SaveConfig() Used Memory: 507365432 Bytes (861929472)
2026-05-02 17:19:25,018 [INFO] BlockDiagram:2766 - set Specific Code input for plugin: NVIC
2026-05-02 17:19:25,018 [INFO] BlockDiagram:2766 - set Specific Code input for plugin: GPIO
2026-05-02 17:19:25,018 [INFO] BlockDiagram:2766 - set Specific Code input for plugin: RCC
2026-05-02 17:19:25,019 [INFO] CodeGenerator:807 - code generatio: config db path: C:\ST\STM32CubeIDE_1.16.1\STM32CubeIDE\plugins\com.st.stm32cube.common.mx_6.12.1.202409122256\\db\
2026-05-02 17:19:25,052 [INFO] CodeEngine:255 - oldGeneratedFile, C:\Users\pc\STM32CubeIDE\workspace_1.16.1\masterefendi\omron1\MXTmpFiles\license.tmp_save
2026-05-02 17:19:25,097 [INFO] CodeEngine:279 - Generated code: C:\Users\pc\STM32CubeIDE\workspace_1.16.1\masterefendi\omron1\MXTmpFiles\license.tmp
2026-05-02 17:19:25,109 [INFO] CodeEngine:255 - oldGeneratedFile, C:\Users\pc\STM32CubeIDE\workspace_1.16.1\masterefendi\omron1\MXTmpFiles\gpio.tmp_save
2026-05-02 17:19:25,158 [INFO] CodeEngine:279 - Generated code: C:\Users\pc\STM32CubeIDE\workspace_1.16.1\masterefendi\omron1\MXTmpFiles\gpio.tmp
2026-05-02 17:19:25,181 [INFO] CodeEngine:255 - oldGeneratedFile, C:\Users\pc\STM32CubeIDE\workspace_1.16.1\masterefendi\omron1\Core\Src\stm32f4xx_it.c_save
2026-05-02 17:19:25,221 [INFO] CodeEngine:279 - Generated code: C:\Users\pc\STM32CubeIDE\workspace_1.16.1\masterefendi\omron1\Core\Src\stm32f4xx_it.c
2026-05-02 17:19:25,232 [INFO] CodeEngine:255 - oldGeneratedFile, C:\Users\pc\STM32CubeIDE\workspace_1.16.1\masterefendi\omron1\Core\Inc\stm32f4xx_it.h_save
2026-05-02 17:19:25,265 [INFO] CodeEngine:279 - Generated code: C:\Users\pc\STM32CubeIDE\workspace_1.16.1\masterefendi\omron1\Core\Inc\stm32f4xx_it.h
2026-05-02 17:19:25,281 [INFO] CodeEngine:255 - oldGeneratedFile, C:\Users\pc\STM32CubeIDE\workspace_1.16.1\masterefendi\omron1\Core\Src\stm32f4xx_hal_msp.c_save
2026-05-02 17:19:25,323 [INFO] CodeEngine:279 - Generated code: C:\Users\pc\STM32CubeIDE\workspace_1.16.1\masterefendi\omron1\Core\Src\stm32f4xx_hal_msp.c
2026-05-02 17:19:25,325 [INFO] CodeEngine:255 - oldGeneratedFile, C:\Users\pc\STM32CubeIDE\workspace_1.16.1\masterefendi\omron1\MXTmpFiles\system.tmp_save
2026-05-02 17:19:25,360 [INFO] CodeEngine:279 - Generated code: C:\Users\pc\STM32CubeIDE\workspace_1.16.1\masterefendi\omron1\MXTmpFiles\system.tmp
2026-05-02 17:19:25,371 [INFO] CodeEngine:311 - oldGeneratedFile, C:\Users\pc\STM32CubeIDE\workspace_1.16.1\masterefendi\omron1\Core\Inc\stm32f4xx_hal_conf.h_save
2026-05-02 17:19:25,423 [INFO] CodeEngine:335 - Generated code: C:\Users\pc\STM32CubeIDE\workspace_1.16.1\masterefendi\omron1\Core\Inc\stm32f4xx_hal_conf.h
2026-05-02 17:19:25,447 [INFO] CodeEngine:255 - oldGeneratedFile, C:\Users\pc\STM32CubeIDE\workspace_1.16.1\masterefendi\omron1\Core\Inc\main.h_save
2026-05-02 17:19:25,487 [INFO] CodeEngine:279 - Generated code: C:\Users\pc\STM32CubeIDE\workspace_1.16.1\masterefendi\omron1\Core\Inc\main.h
2026-05-02 17:19:25,497 [INFO] CodeEngine:255 - oldGeneratedFile, C:\Users\pc\STM32CubeIDE\workspace_1.16.1\masterefendi\omron1\Core\Src\main.c_save
2026-05-02 17:19:25,548 [INFO] CodeEngine:279 - Generated code: C:\Users\pc\STM32CubeIDE\workspace_1.16.1\masterefendi\omron1\Core\Src\main.c
2026-05-02 17:19:25,717 [INFO] ProjectBuilder:3249 - Time for Copy HAL[1] : 97mS.
2026-05-02 17:19:25,734 [INFO] ProjectBuilder:4828 - Project Generator version: 4.5.0-B34
2026-05-02 17:19:25,765 [INFO] ConfigFileManager:1531 - The Die is : DIE433
2026-05-02 17:19:26,126 [INFO] ProjectBuilder:5097 - Time for Generating toolchain IDE Files: 392mS.
2026-05-02 17:19:26,126 [INFO] ProjectBuilder:3107 - Time for Copy CMSIS : 0mS.
2026-05-02 17:19:26,129 [INFO] ProjectBuilder:3107 - Time for Copy CMSIS : 1mS.
2026-05-02 18:02:00,841 [INFO] MainUpdater:2873 - connection check result : 10
2026-05-02 18:02:00,841 [INFO] MainUpdater:2873 - connection check result : 10
2026-05-02 18:02:00,870 [INFO] MicroXplorer:468 - Change Database Path : 
2026-05-02 18:02:00,870 [INFO] MicroXplorer:498 - Change Database Version : DB.6.0.121
2026-05-02 18:02:00,876 [ERROR] ProjectManagerView:394 - 
java.lang.NullPointerException: Cannot invoke "javax.swing.JTextField.getText()" because the return value of "java.util.List.get(int)" is null
	at com.st.microxplorer.plugins.projectmanager.gui.ProjectChoiceTab$10.caretUpdate(ProjectChoiceTab.java:2622) ~[filemanager.jar:?]
	at javax.swing.text.JTextComponent.fireCaretUpdate(JTextComponent.java:412) ~[?:?]
	at javax.swing.text.JTextComponent$MutableCaretEvent.fire(JTextComponent.java:4491) ~[?:?]
	at javax.swing.text.JTextComponent$MutableCaretEvent.stateChanged(JTextComponent.java:4513) ~[?:?]
	at javax.swing.text.DefaultCaret.fireStateChanged(DefaultCaret.java:842) ~[?:?]
	at javax.swing.text.DefaultCaret.changeCaretPosition(DefaultCaret.java:1313) ~[?:?]
	at javax.swing.text.DefaultCaret.handleSetDot(DefaultCaret.java:1212) ~[?:?]
	at javax.swing.text.DefaultCaret.setDot(DefaultCaret.java:1193) ~[?:?]
	at javax.swing.text.DefaultCaret$Handler.insertUpdate(DefaultCaret.java:1789) ~[?:?]
	at javax.swing.text.AbstractDocument.fireInsertUpdate(AbstractDocument.java:226) ~[?:?]
	at javax.swing.text.AbstractDocument.handleInsertString(AbstractDocument.java:780) ~[?:?]
	at javax.swing.text.AbstractDocument.insertString(AbstractDocument.java:739) ~[?:?]
	at javax.swing.text.PlainDocument.insertString(PlainDocument.java:131) ~[?:?]
	at javax.swing.text.AbstractDocument.replace(AbstractDocument.java:698) ~[?:?]
	at javax.swing.text.JTextComponent.setText(JTextComponent.java:1729) ~[?:?]
	at com.st.microxplorer.plugins.projectmanager.gui.ProjectChoiceTab.createHeapStackFields(ProjectChoiceTab.java:972) ~[filemanager.jar:?]
	at com.st.microxplorer.plugins.projectmanager.gui.ProjectChoiceTab.buildLinkSettingsPanel(ProjectChoiceTab.java:3597) ~[filemanager.jar:?]
	at com.st.microxplorer.plugins.projectmanager.gui.ProjectChoiceTab.defineWindowsFields(ProjectChoiceTab.java:1940) ~[filemanager.jar:?]
	at com.st.microxplorer.plugins.projectmanager.gui.ProjectChoiceTab.updateSettings(ProjectChoiceTab.java:550) ~[filemanager.jar:?]
	at com.st.microxplorer.plugins.projectmanager.gui.ProjectSettingsPanel.UpdateDialog(ProjectSettingsPanel.java:245) ~[filemanager.jar:?]
	at com.st.microxplorer.plugins.projectmanager.ProjectManagerView.propertyChange(ProjectManagerView.java:391) ~[filemanager.jar:?]
	at java.beans.PropertyChangeSupport.fire(PropertyChangeSupport.java:343) ~[?:?]
	at java.beans.PropertyChangeSupport.firePropertyChange(PropertyChangeSupport.java:335) ~[?:?]
	at java.beans.PropertyChangeSupport.firePropertyChange(PropertyChangeSupport.java:268) ~[?:?]
	at com.st.microxplorer.util.MXPropertyChangeSupport.firePropertyChange(MXPropertyChangeSupport.java:54) ~[STM32CubeMX.jar:?]
	at com.st.microxplorer.mxsystem.MxSystem.closeConfig(MxSystem.java:900) ~[STM32CubeMX.jar:?]
	at com.st.microxplorer.maingui.MainPanel.closeConfig(MainPanel.java:781) ~[STM32CubeMX.jar:?]
	at com.st.microxplorer.plugins.filemanager.engine.OpenFileManager.loadConfigurationFile(OpenFileManager.java:265) ~[filemanager.jar:?]
	at com.st.microxplorer.plugins.filemanager.engine.MainFileManager.userLoadConfig(MainFileManager.java:352) ~[filemanager.jar:?]
	at com.st.microxplorer.plugins.filemanager.engine.MainFileManager.userLoadConfig(MainFileManager.java:330) ~[filemanager.jar:?]
	at com.st.microxplorer.plugins.filemanager.FileManagerView.getSpecificTask(FileManagerView.java:246) ~[filemanager.jar:?]
	at com.st.stm32cube.common.mx.editor.CubeMxEditor.getMxTabbedPaneInstance(CubeMxEditor.java:1198) ~[com.st.stm32cube.common.mx_6.12.1.202409122256/:?]
	at com.st.stm32cube.common.mx.editor.CubeMxEditor$12$1.createSwingComponent(CubeMxEditor.java:1068) ~[com.st.stm32cube.common.mx_6.12.1.202409122256/:?]
	at com.st.stm32cube.common.mx.oss.core.awtswtbridge.EmbeddedSwingComposite.doComponentCreation(EmbeddedSwingComposite.java:492) ~[com.st.stm32cube.common.mx.oss_6.12.1.202409122256/:?]
	at com.st.stm32cube.common.mx.oss.core.awtswtbridge.EmbeddedSwingComposite$4.run(EmbeddedSwingComposite.java:291) ~[com.st.stm32cube.common.mx.oss_6.12.1.202409122256/:?]
	at com.st.stm32cube.common.mx.oss.core.awtswtbridge.AwtEnvironment$2.run(AwtEnvironment.java:166) ~[com.st.stm32cube.common.mx.oss_6.12.1.202409122256/:?]
	at java.awt.event.InvocationEvent.dispatch(InvocationEvent.java:318) ~[?:?]
	at java.awt.EventQueue.dispatchEventImpl(EventQueue.java:773) ~[?:?]
	at java.awt.EventQueue$4.run(EventQueue.java:720) ~[?:?]
	at java.awt.EventQueue$4.run(EventQueue.java:714) ~[?:?]
	at java.security.AccessController.doPrivileged(AccessController.java:399) ~[?:?]
	at java.security.ProtectionDomain$JavaSecurityAccessImpl.doIntersectionPrivilege(ProtectionDomain.java:86) ~[?:?]
	at java.awt.EventQueue.dispatchEvent(EventQueue.java:742) ~[?:?]
	at java.awt.EventDispatchThread.pumpOneEventForFilters(EventDispatchThread.java:203) ~[?:?]
	at java.awt.EventDispatchThread.pumpEventsForFilter(EventDispatchThread.java:124) ~[?:?]
	at java.awt.EventDispatchThread.pumpEventsForHierarchy(EventDispatchThread.java:113) ~[?:?]
	at java.awt.EventDispatchThread.pumpEvents(EventDispatchThread.java:109) ~[?:?]
	at java.awt.EventDispatchThread.pumpEvents(EventDispatchThread.java:101) ~[?:?]
	at java.awt.EventDispatchThread.run(EventDispatchThread.java:90) ~[?:?]
2026-05-02 18:02:00,877 [WARN] ThirdParty:871 - waiting for thirdparty lock release [close project]
2026-05-02 18:02:00,877 [INFO] ThirdParty:873 - entering critical section [close project]
2026-05-02 18:02:00,877 [INFO] ThirdParty:883 - exiting critical section [close project]
2026-05-02 18:02:00,877 [INFO] PinOutPanel:1561 - setPackage(No Configuration,No Configuration)
2026-05-02 18:02:00,881 [WARN] IpParametersView:151 - Warning: This peripheral hasn't parameters
2026-05-02 18:02:00,883 [WARN] MainPanel:284 - <html><b><center>Warning: This peripheral has no parameters to be configured<br></b></html>
2026-05-02 18:02:00,884 [INFO] UtilMem:75 - Begin LoadConfig() Used Memory: 747301200 Bytes (861929472)
2026-05-02 18:02:00,884 [INFO] MicroXplorer:468 - Change Database Path : 
2026-05-02 18:02:00,884 [INFO] MicroXplorer:498 - Change Database Version : DB.6.0.121
2026-05-02 18:02:00,884 [INFO] OpenFileManager:332 - Change cursor
2026-05-02 18:02:00,891 [INFO] RulesReader:64 - Compatibility file has been processed (297 Rules)
2026-05-02 18:02:00,892 [INFO] Mcu:2032 - Initializing MCU STM32F401R(D-E)Tx STM32F401RETx STM32F401RET6
2026-05-02 18:02:01,293 [INFO] Context:742 - Trying to add GPIOservice into a context  which must be forbidden
2026-05-02 18:02:01,381 [INFO] RtosManager:555 - Registered RTOS mode: class=CMSIS, group=RTOS, mode=CMSIS_V1, owner=FREERTOS
2026-05-02 18:02:01,381 [INFO] RtosManager:555 - Registered RTOS mode: class=CMSIS, group=RTOS2, mode=CMSIS_V2, owner=FREERTOS
2026-05-02 18:02:01,381 [INFO] RtosManager:555 - Registered RTOS mode: class=RTOS, group=Core, mode=CMSIS_V1, owner=FREERTOS
2026-05-02 18:02:01,381 [INFO] RtosManager:555 - Registered RTOS mode: class=RTOS, group=Core, mode=CMSIS_V2, owner=FREERTOS
2026-05-02 18:02:01,381 [WARN] ModelIntegratedComponent:184 - Missing modes for component STMicroelectronics:FreeRTOS:0.0.1:STMicroelectronics:RTOS:FreeRTOS:Core:::10.2.0:
2026-05-02 18:02:01,384 [WARN] ModelIntegratedComponent:63 - No mode defined for component null
2026-05-02 18:02:01,384 [WARN] ModelIntegratedComponent:63 - No mode defined for component null
2026-05-02 18:02:01,384 [WARN] ModelIntegratedComponent:63 - No mode defined for component null
2026-05-02 18:02:01,384 [WARN] ModelIntegratedComponent:63 - No mode defined for component null
2026-05-02 18:02:01,384 [WARN] ModelIntegratedComponent:63 - No mode defined for component null
2026-05-02 18:02:01,384 [WARN] ModelIntegratedComponent:63 - No mode defined for component null
2026-05-02 18:02:01,384 [WARN] ModelIntegratedComponent:63 - No mode defined for component null
2026-05-02 18:02:01,384 [WARN] ModelIntegratedComponent:63 - No mode defined for component null
2026-05-02 18:02:01,384 [WARN] ModelIntegratedComponent:63 - No mode defined for component null
2026-05-02 18:02:01,384 [WARN] ModelIntegratedComponent:63 - No mode defined for component null
2026-05-02 18:02:01,384 [WARN] ModelIntegratedComponent:63 - No mode defined for component null
2026-05-02 18:02:01,384 [WARN] ModelIntegratedComponent:63 - No mode defined for component null
2026-05-02 18:02:01,384 [WARN] ModelIntegratedComponent:63 - No mode defined for component null
2026-05-02 18:02:01,384 [WARN] ModelIntegratedComponent:63 - No mode defined for component null
2026-05-02 18:02:01,384 [WARN] ModelIntegratedComponent:63 - No mode defined for component null
2026-05-02 18:02:01,384 [WARN] ModelIntegratedComponent:63 - No mode defined for component null
2026-05-02 18:02:01,384 [WARN] ModelIntegratedComponent:63 - No mode defined for component null
2026-05-02 18:02:01,384 [WARN] ModelIntegratedComponent:63 - No mode defined for component null
2026-05-02 18:02:01,384 [WARN] ModelIntegratedComponent:63 - No mode defined for component null
2026-05-02 18:02:01,384 [WARN] ModelIntegratedComponent:63 - No mode defined for component null
2026-05-02 18:02:01,384 [WARN] ModelIntegratedComponent:63 - No mode defined for component null
2026-05-02 18:02:01,384 [WARN] ModelIntegratedComponent:63 - No mode defined for component null
2026-05-02 18:02:01,384 [WARN] ModelIntegratedComponent:63 - No mode defined for component null
2026-05-02 18:02:01,384 [WARN] ModelIntegratedComponent:63 - No mode defined for component null
2026-05-02 18:02:01,384 [WARN] ModelIntegratedComponent:63 - No mode defined for component null
2026-05-02 18:02:01,384 [WARN] ModelIntegratedComponent:63 - No mode defined for component null
2026-05-02 18:02:01,384 [WARN] ModelIntegratedComponent:63 - No mode defined for component null
2026-05-02 18:02:01,384 [WARN] ModelIntegratedComponent:63 - No mode defined for component null
2026-05-02 18:02:01,384 [WARN] ModelIntegratedComponent:63 - No mode defined for component null
2026-05-02 18:02:01,384 [WARN] ModelIntegratedComponent:63 - No mode defined for component null
2026-05-02 18:02:01,384 [WARN] ModelIntegratedComponent:63 - No mode defined for component null
2026-05-02 18:02:01,384 [WARN] ModelIntegratedComponent:63 - No mode defined for component null
2026-05-02 18:02:01,384 [WARN] ModelIntegratedComponent:63 - No mode defined for component null
2026-05-02 18:02:01,384 [WARN] ModelIntegratedComponent:63 - No mode defined for component null
2026-05-02 18:02:01,384 [WARN] ModelIntegratedComponent:63 - No mode defined for component null
2026-05-02 18:02:01,384 [WARN] ModelPack:524 - Component already loaded: STMicroelectronics:HAL Drivers:0.0.0:STMicroelectronics:Device:STMicro_Driver:XSPI:HAL::0.0.1:HAL_XSPI
2026-05-02 18:02:01,389 [INFO] ThirdPartyModel:298 - Start build external matchings
2026-05-02 18:02:01,460 [INFO] ThirdPartyModel:316 - End build external matchings
2026-05-02 18:02:01,463 [WARN] IP:2191 - I2C_Coeff_DF not found: check if there is a RefParameter without a condition.
2026-05-02 18:02:01,463 [WARN] IP:2191 - Analog_Filter not found: check if there is a RefParameter without a condition.
2026-05-02 18:02:01,610 [INFO] UtilMem:75 - End LoadConfig() Used Memory: 649894952 Bytes (861929472)
2026-05-02 18:02:01,639 [WARN] ThirdParty:833 - waiting for thirdparty lock release [change project]
2026-05-02 18:02:01,639 [INFO] ThirdParty:835 - entering critical section [change project]
2026-05-02 18:02:01,639 [INFO] ThirdParty:1030 - CMSIS Pack Vendor :STMicroelectronics X-CUBE-AZRTOS-H7 3.5.0
2026-05-02 18:02:01,639 [INFO] ThirdParty:1030 - CMSIS Pack Vendor :STMicroelectronics X-CUBE-PM33A1 1.0.0
2026-05-02 18:02:01,639 [INFO] ThirdParty:1030 - CMSIS Pack Vendor :STMicroelectronics USBPD 4.1
2026-05-02 18:02:01,639 [INFO] ThirdParty:1030 - CMSIS Pack Vendor :STMicroelectronics X-CUBE-NFC9 1.0.0
2026-05-02 18:02:01,639 [INFO] ThirdParty:1030 - CMSIS Pack Vendor :STMicroelectronics USB_HOST 2.0.0
2026-05-02 18:02:01,639 [INFO] ThirdParty:1030 - CMSIS Pack Vendor :STMicroelectronics X-CUBE-AZRTOS-F4 1.1.0
2026-05-02 18:02:01,639 [INFO] ThirdParty:1030 - CMSIS Pack Vendor :STMicroelectronics LIBJPEG 8.0.0
2026-05-02 18:02:01,639 [INFO] ThirdParty:1030 - CMSIS Pack Vendor :STMicroelectronics FP-ATR-ASTRA1 2.0.2
2026-05-02 18:02:01,639 [INFO] ThirdParty:1030 - CMSIS Pack Vendor :STMicroelectronics X-CUBE-BLE1 7.1.0
2026-05-02 18:02:01,639 [INFO] ThirdParty:1030 - CMSIS Pack Vendor :STMicroelectronics X-CUBE-SMBUS 2.1.0
2026-05-02 18:02:01,639 [INFO] ThirdParty:1030 - CMSIS Pack Vendor :wolfSSL I-CUBE-wolfMQTT 1.19.2
2026-05-02 18:02:01,639 [INFO] ThirdParty:1030 - CMSIS Pack Vendor :STMicroelectronics USB_DEVICE 3.0.0
2026-05-02 18:02:01,639 [INFO] ThirdParty:1030 - CMSIS Pack Vendor :STMicroelectronics X-CUBE-ISPU 2.1.0
2026-05-02 18:02:01,639 [INFO] ThirdParty:1030 - CMSIS Pack Vendor :STMicroelectronics X-CUBE-EEPRMA1 5.2.0
2026-05-02 18:02:01,639 [INFO] ThirdParty:1030 - CMSIS Pack Vendor :STMicroelectronics X-CUBE-AZRTOS-WB 2.0.0
2026-05-02 18:02:01,639 [INFO] ThirdParty:1030 - CMSIS Pack Vendor :wolfSSL I-CUBE-wolfSSL 5.8.4
2026-05-02 18:02:01,639 [INFO] ThirdParty:1030 - CMSIS Pack Vendor :STMicroelectronics X-CUBE-NFC12 1.0.0
2026-05-02 18:02:01,639 [INFO] ThirdParty:1030 - CMSIS Pack Vendor :STMicroelectronics X-CUBE-AZRTOS-F7 1.1.0
2026-05-02 18:02:01,639 [INFO] ThirdParty:1030 - CMSIS Pack Vendor :STMicroelectronics X-CUBE-AZRTOS-L5 2.0.0
2026-05-02 18:02:01,639 [INFO] ThirdParty:1030 - CMSIS Pack Vendor :STMicroelectronics USB_DEVICE 2.0.0
2026-05-02 18:02:01,639 [INFO] ThirdParty:1030 - CMSIS Pack Vendor :quantropi X-CUBE-qispace-sdk-base 2.1.0
2026-05-02 18:02:01,639 [INFO] ThirdParty:1030 - CMSIS Pack Vendor :STMicroelectronics X-CUBE-MEMS1 12.0.0
2026-05-02 18:02:01,639 [INFO] ThirdParty:1030 - CMSIS Pack Vendor :STMicroelectronics X-CUBE-STSE01 2.0.0
2026-05-02 18:02:01,639 [INFO] ThirdParty:1030 - CMSIS Pack Vendor :STMicroelectronics FreeRTOS 0.0.1
2026-05-02 18:02:01,639 [INFO] ThirdParty:1030 - CMSIS Pack Vendor :STMicroelectronics X-CUBE-AZRTOS-G0 1.1.0
2026-05-02 18:02:01,639 [INFO] ThirdParty:1030 - CMSIS Pack Vendor :STMicroelectronics X-CUBE-NFC4 3.0.0
2026-05-02 18:02:01,639 [INFO] ThirdParty:1030 - CMSIS Pack Vendor :STMicroelectronics X-CUBE-SUBG2 5.0.0
2026-05-02 18:02:01,639 [INFO] ThirdParty:1030 - CMSIS Pack Vendor :STMicroelectronics STM32_WPAN 1.0.0
2026-05-02 18:02:01,639 [INFO] ThirdParty:1030 - CMSIS Pack Vendor :EmbeddedOffice I-CUBE-FS-RTOS 1.0.1
2026-05-02 18:02:01,639 [INFO] ThirdParty:1030 - CMSIS Pack Vendor :STMicroelectronics lwIP 2.0.3
2026-05-02 18:02:01,639 [INFO] ThirdParty:1030 - CMSIS Pack Vendor :STMicroelectronics USB_HOST 1.0.0
2026-05-02 18:02:01,639 [INFO] ThirdParty:1030 - CMSIS Pack Vendor :STMicroelectronics X-CUBE-AZRTOS-G4 2.0.0
2026-05-02 18:02:01,639 [INFO] ThirdParty:1030 - CMSIS Pack Vendor :STMicroelectronics PDM2PCM 3.1.0
2026-05-02 18:02:01,639 [INFO] ThirdParty:1030 - CMSIS Pack Vendor :STMicroelectronics PDM2PCM 3.3.0
2026-05-02 18:02:01,639 [INFO] ThirdParty:1030 - CMSIS Pack Vendor :wolfSSL I-CUBE-wolfTPM 3.8.0
2026-05-02 18:02:01,639 [INFO] ThirdParty:1030 - CMSIS Pack Vendor :STMicroelectronics X-CUBE-DISPLAY 3.0.0
2026-05-02 18:02:01,639 [INFO] ThirdParty:1030 - CMSIS Pack Vendor :wolfSSL I-CUBE-wolfSSH 1.4.20
2026-05-02 18:02:01,639 [INFO] ThirdParty:1030 - CMSIS Pack Vendor :STMicroelectronics X-CUBE-NFC7 2.0.0
2026-05-02 18:02:01,639 [INFO] ThirdParty:1030 - CMSIS Pack Vendor :RealThread X-CUBE-RT-Thread_Nano 4.1.1
2026-05-02 18:02:01,639 [INFO] ThirdParty:1030 - CMSIS Pack Vendor :STMicroelectronics FP-ATR-SIGFOX1 3.2.0
2026-05-02 18:02:01,639 [INFO] ThirdParty:1030 - CMSIS Pack Vendor :STMicroelectronics X-CUBE-NFC10 1.0.0
2026-05-02 18:02:01,639 [INFO] ThirdParty:1030 - CMSIS Pack Vendor :STMicroelectronics HAL Drivers 0.0.0
2026-05-02 18:02:01,639 [INFO] ThirdParty:1030 - CMSIS Pack Vendor :STMicroelectronics MBEDTLS 2.16.2
2026-05-02 18:02:01,639 [INFO] ThirdParty:1030 - CMSIS Pack Vendor :STMicroelectronics X-CUBE-ALS 1.0.2
2026-05-02 18:02:01,639 [INFO] ThirdParty:1030 - CMSIS Pack Vendor :emotas I-CUBE-CANOPEN 1.3.0
2026-05-02 18:02:01,639 [INFO] ThirdParty:1030 - CMSIS Pack Vendor :STMicroelectronics MBEDTLS 2.14.1
2026-05-02 18:02:01,639 [INFO] ThirdParty:1030 - CMSIS Pack Vendor :STMicroelectronics X-CUBE-GNSS1 7.1.0
2026-05-02 18:02:01,639 [INFO] ThirdParty:1030 - CMSIS Pack Vendor :ITTIA_DB I-CUBE-ITTIADB 8.9.0
2026-05-02 18:02:01,639 [INFO] ThirdParty:1030 - CMSIS Pack Vendor :STMicroelectronics X-CUBE-TOUCHGFX 4.26.1
2026-05-02 18:02:01,639 [INFO] ThirdParty:1030 - CMSIS Pack Vendor :STMicroelectronics X-CUBE-NFC6 3.2.0
2026-05-02 18:02:01,639 [INFO] ThirdParty:1030 - CMSIS Pack Vendor :STMicroelectronics X-CUBE-AI 10.2.0
2026-05-02 18:02:01,639 [INFO] ThirdParty:1030 - CMSIS Pack Vendor :STMicroelectronics ThreadX 1.0.0
2026-05-02 18:02:01,639 [INFO] ThirdParty:1030 - CMSIS Pack Vendor :STMicroelectronics FP-SNS-SMARTAG2 1.2.0
2026-05-02 18:02:01,640 [INFO] ThirdParty:1030 - CMSIS Pack Vendor :STMicroelectronics X-CUBE-AZRTOS-WL 2.0.0
2026-05-02 18:02:01,640 [INFO] ThirdParty:1030 - CMSIS Pack Vendor :SEGGER I-CUBE-embOS 1.3.1
2026-05-02 18:02:01,640 [INFO] ThirdParty:1030 - CMSIS Pack Vendor :STMicroelectronics X-CUBE-ALGOBUILD 1.4.0
2026-05-02 18:02:01,640 [INFO] ThirdParty:1030 - CMSIS Pack Vendor :STMicroelectronics X-CUBE-DPower 1.3.0
2026-05-02 18:02:01,640 [INFO] ThirdParty:1030 - CMSIS Pack Vendor :STMicroelectronics USB_DEVICE 1.0.0
2026-05-02 18:02:01,640 [INFO] ThirdParty:1030 - CMSIS Pack Vendor :STMicroelectronics X-CUBE-AZRTOS-H7RS 1.2.0
2026-05-02 18:02:01,640 [INFO] ThirdParty:1030 - CMSIS Pack Vendor :STMicroelectronics X-CUBE-AZRTOS-L4 2.0.0
2026-05-02 18:02:01,640 [INFO] ThirdParty:1030 - CMSIS Pack Vendor :STMicroelectronics ThreadX 0.0.2
2026-05-02 18:02:01,640 [INFO] ThirdParty:1030 - CMSIS Pack Vendor :STMicroelectronics lwIP 2.1.2
2026-05-02 18:02:01,640 [INFO] ThirdParty:1030 - CMSIS Pack Vendor :STMicroelectronics X-CUBE-SFXS2LP1 4.0.0
2026-05-02 18:02:01,640 [INFO] ThirdParty:1030 - CMSIS Pack Vendor :STMicroelectronics X-CUBE-BLE2 3.3.0
2026-05-02 18:02:01,640 [INFO] ThirdParty:1030 - CMSIS Pack Vendor :Infineon AIROC-Wi-Fi-Bluetooth-STM32 1.8.0
2026-05-02 18:02:01,640 [INFO] ThirdParty:1030 - CMSIS Pack Vendor :STMicroelectronics PDM2PCM 3.2.0
2026-05-02 18:02:01,640 [INFO] ThirdParty:1030 - CMSIS Pack Vendor :STMicroelectronics X-CUBE-WB05N 2.1.0
2026-05-02 18:02:01,640 [INFO] ThirdParty:841 - exiting critical section [change project]
2026-05-02 18:02:01,689 [INFO] PinOutPanel:1561 - setPackage(No Configuration,No Configuration)
2026-05-02 18:02:01,690 [INFO] PinOutPanel:1561 - setPackage(STM32F401RETx,LQFP64)
2026-05-02 18:02:01,762 [INFO] UtilMem:75 - Before build in PCC Used Memory: 515341224 Bytes (861929472)
2026-05-02 18:02:01,844 [INFO] UtilMem:75 - After build in PCC Used Memory: 559907752 Bytes (861929472)
2026-05-02 18:02:01,851 [INFO] IPUIPlugin:80 - create IPUIPlugin
2026-05-02 18:02:01,851 [INFO] IPUIPlugin:80 - create IPUIPlugin
2026-05-02 18:02:01,851 [INFO] IPUIPlugin:80 - create IPUIPlugin
2026-05-02 18:02:01,851 [INFO] IPUIPlugin:80 - create IPUIPlugin
2026-05-02 18:02:01,851 [INFO] IPUIPlugin:80 - create IPUIPlugin
2026-05-02 18:02:01,851 [INFO] IPUIPlugin:80 - create IPUIPlugin
2026-05-02 18:02:01,851 [INFO] IPUIPlugin:80 - create IPUIPlugin
2026-05-02 18:02:01,851 [INFO] IPUIPlugin:80 - create IPUIPlugin
2026-05-02 18:02:01,851 [INFO] IPUIPlugin:80 - create IPUIPlugin
2026-05-02 18:02:01,851 [INFO] IPUIPlugin:80 - create IPUIPlugin
2026-05-02 18:02:01,851 [INFO] IPUIPlugin:80 - create IPUIPlugin
2026-05-02 18:02:01,853 [INFO] IPUIPlugin:80 - create IPUIPlugin
2026-05-02 18:02:01,853 [INFO] IPUIPlugin:80 - create IPUIPlugin
2026-05-02 18:02:01,853 [INFO] IPUIPlugin:80 - create IPUIPlugin
2026-05-02 18:02:01,853 [INFO] IPUIPlugin:80 - create IPUIPlugin
2026-05-02 18:02:01,853 [INFO] IPUIPlugin:80 - create IPUIPlugin
2026-05-02 18:02:01,853 [INFO] IPUIPlugin:80 - create IPUIPlugin
2026-05-02 18:02:01,853 [INFO] IPUIPlugin:80 - create IPUIPlugin
2026-05-02 18:02:01,853 [INFO] IPUIPlugin:80 - create IPUIPlugin
2026-05-02 18:02:01,853 [INFO] IPUIPlugin:80 - create IPUIPlugin
2026-05-02 18:02:01,853 [INFO] IPUIPlugin:80 - create IPUIPlugin
2026-05-02 18:02:01,853 [INFO] IPUIPlugin:80 - create IPUIPlugin
2026-05-02 18:02:01,853 [INFO] IPUIPlugin:80 - create IPUIPlugin
2026-05-02 18:02:01,853 [INFO] IPUIPlugin:80 - create IPUIPlugin
2026-05-02 18:02:01,854 [INFO] IPUIPlugin:80 - create IPUIPlugin
2026-05-02 18:02:01,854 [INFO] IPUIPlugin:80 - create IPUIPlugin
2026-05-02 18:02:01,854 [INFO] IPUIPlugin:80 - create IPUIPlugin
2026-05-02 18:02:01,854 [INFO] IPUIPlugin:80 - create IPUIPlugin
2026-05-02 18:02:01,854 [INFO] IPUIPlugin:80 - create IPUIPlugin
2026-05-02 18:02:01,854 [INFO] IPUIPlugin:80 - create IPUIPlugin
2026-05-02 18:02:01,854 [INFO] IPUIPlugin:80 - create IPUIPlugin
2026-05-02 18:02:01,854 [INFO] IPUIPlugin:80 - create IPUIPlugin
2026-05-02 18:02:01,854 [INFO] IPUIPlugin:80 - create IPUIPlugin
2026-05-02 18:02:01,854 [INFO] IPUIPlugin:80 - create IPUIPlugin
2026-05-02 18:02:01,855 [INFO] IPUIPlugin:80 - create IPUIPlugin
2026-05-02 18:02:01,855 [INFO] IPUIPlugin:80 - create IPUIPlugin
2026-05-02 18:02:01,855 [INFO] IPUIPlugin:80 - create IPUIPlugin
2026-05-02 18:02:01,855 [INFO] IPUIPlugin:80 - create IPUIPlugin
2026-05-02 18:02:01,857 [INFO] ApiDbMcu:508 - Load IP Config File for PDM2PCM
2026-05-02 18:02:01,858 [WARN] IP:2191 - I2C_Coeff_DF not found: check if there is a RefParameter without a condition.
2026-05-02 18:02:01,858 [WARN] IP:2191 - Analog_Filter not found: check if there is a RefParameter without a condition.
2026-05-02 18:02:01,876 [INFO] CADModel:165 - CPN selected for project levelSTM32F401RET6
2026-05-02 18:02:01,876 [INFO] CADModel:114 - Register for checkConnection events
2026-05-02 18:02:01,928 [INFO] OpenFileManager:363 - Restore cursor
2026-05-02 18:02:01,931 [INFO] ApiDb:581 - Connected to CubeFinder SQLite database (C:\Users\pc\.stmcufinder\plugins\mcufinder\mcu\cube-finder-db.db)
2026-05-02 18:02:02,151 [WARN] IP:2191 - I2C_Coeff_DF not found: check if there is a RefParameter without a condition.
2026-05-02 18:02:02,152 [WARN] IP:2191 - Analog_Filter not found: check if there is a RefParameter without a condition.
2026-05-02 18:02:02,152 [WARN] IP:2191 - I2C_Coeff_DF not found: check if there is a RefParameter without a condition.
2026-05-02 18:02:02,152 [WARN] IP:2191 - Analog_Filter not found: check if there is a RefParameter without a condition.
2026-05-02 18:08:43,746 [WARN] IP:2191 - I2C_Coeff_DF not found: check if there is a RefParameter without a condition.
2026-05-02 18:08:43,746 [WARN] IP:2191 - Analog_Filter not found: check if there is a RefParameter without a condition.
2026-05-02 18:08:43,746 [WARN] IP:2191 - I2C_Coeff_DF not found: check if there is a RefParameter without a condition.
2026-05-02 18:08:43,746 [WARN] IP:2191 - Analog_Filter not found: check if there is a RefParameter without a condition.
2026-05-02 18:08:43,754 [WARN] IP:2191 - I2C_Coeff_DF not found: check if there is a RefParameter without a condition.
2026-05-02 18:08:43,754 [WARN] IP:2191 - Analog_Filter not found: check if there is a RefParameter without a condition.
2026-05-02 18:08:43,762 [WARN] IP:2191 - I2C_Coeff_DF not found: check if there is a RefParameter without a condition.
2026-05-02 18:08:43,762 [WARN] IP:2191 - Analog_Filter not found: check if there is a RefParameter without a condition.
2026-05-02 18:09:16,963 [INFO] DmaTabbedPanel:205 - Cannot restore the selected Tab for DMA
2026-05-02 18:09:17,808 [INFO] Gpio:277 - dependency for GPIO [I2C1, USART2]
2026-05-02 18:09:24,478 [INFO] UtilMem:75 - End SaveConfig() Used Memory: 421074120 Bytes (861929472)
2026-05-02 18:09:27,567 [INFO] UtilMem:75 - End SaveConfig() Used Memory: 479794376 Bytes (861929472)
2026-05-02 18:09:29,645 [INFO] UtilMem:75 - End SaveConfig() Used Memory: 558437576 Bytes (861929472)
2026-05-02 18:09:29,703 [INFO] BlockDiagram:2766 - set Specific Code input for plugin: NVIC
2026-05-02 18:09:29,703 [INFO] BlockDiagram:2766 - set Specific Code input for plugin: USART
2026-05-02 18:09:29,703 [INFO] BlockDiagram:2766 - set Specific Code input for plugin: SYS
2026-05-02 18:09:29,703 [INFO] BlockDiagram:2766 - set Specific Code input for plugin: GPIO
2026-05-02 18:09:29,703 [INFO] BlockDiagram:2766 - set Specific Code input for plugin: RCC
2026-05-02 18:09:29,703 [INFO] BlockDiagram:2766 - set Specific Code input for plugin: I2C
2026-05-02 18:09:29,704 [INFO] CodeGenerator:807 - code generatio: config db path: C:\ST\STM32CubeIDE_1.16.1\STM32CubeIDE\plugins\com.st.stm32cube.common.mx_6.12.1.202409122256\\db\
2026-05-02 18:09:29,705 [WARN] IP:2191 - I2C_Coeff_DF not found: check if there is a RefParameter without a condition.
2026-05-02 18:09:29,705 [WARN] IP:2191 - Analog_Filter not found: check if there is a RefParameter without a condition.
2026-05-02 18:09:29,741 [INFO] CodeEngine:255 - oldGeneratedFile, C:\Users\pc\STM32CubeIDE\workspace_1.16.1\spectraloop-yazilim-main\masterefendi\MXTmpFiles\license.tmp_save
2026-05-02 18:09:29,786 [INFO] CodeEngine:279 - Generated code: C:\Users\pc\STM32CubeIDE\workspace_1.16.1\spectraloop-yazilim-main\masterefendi\MXTmpFiles\license.tmp
2026-05-02 18:09:29,806 [INFO] CodeEngine:255 - oldGeneratedFile, C:\Users\pc\STM32CubeIDE\workspace_1.16.1\spectraloop-yazilim-main\masterefendi\MXTmpFiles\gpio.tmp_save
2026-05-02 18:09:29,861 [INFO] CodeEngine:279 - Generated code: C:\Users\pc\STM32CubeIDE\workspace_1.16.1\spectraloop-yazilim-main\masterefendi\MXTmpFiles\gpio.tmp
2026-05-02 18:09:29,922 [INFO] CodeEngine:255 - oldGeneratedFile, C:\Users\pc\STM32CubeIDE\workspace_1.16.1\spectraloop-yazilim-main\masterefendi\Core\Src\stm32f4xx_it.c_save
2026-05-02 18:09:30,032 [INFO] CodeEngine:279 - Generated code: C:\Users\pc\STM32CubeIDE\workspace_1.16.1\spectraloop-yazilim-main\masterefendi\Core\Src\stm32f4xx_it.c
2026-05-02 18:09:30,037 [INFO] CodeEngine:255 - oldGeneratedFile, C:\Users\pc\STM32CubeIDE\workspace_1.16.1\spectraloop-yazilim-main\masterefendi\Core\Inc\stm32f4xx_it.h_save
2026-05-02 18:09:30,088 [INFO] CodeEngine:279 - Generated code: C:\Users\pc\STM32CubeIDE\workspace_1.16.1\spectraloop-yazilim-main\masterefendi\Core\Inc\stm32f4xx_it.h
2026-05-02 18:09:30,103 [INFO] CodeEngine:255 - oldGeneratedFile, C:\Users\pc\STM32CubeIDE\workspace_1.16.1\spectraloop-yazilim-main\masterefendi\Core\Src\stm32f4xx_hal_msp.c_save
2026-05-02 18:09:30,168 [INFO] CodeEngine:279 - Generated code: C:\Users\pc\STM32CubeIDE\workspace_1.16.1\spectraloop-yazilim-main\masterefendi\Core\Src\stm32f4xx_hal_msp.c
2026-05-02 18:09:30,172 [INFO] CodeEngine:255 - oldGeneratedFile, C:\Users\pc\STM32CubeIDE\workspace_1.16.1\spectraloop-yazilim-main\masterefendi\MXTmpFiles\system.tmp_save
2026-05-02 18:09:30,203 [INFO] CodeEngine:279 - Generated code: C:\Users\pc\STM32CubeIDE\workspace_1.16.1\spectraloop-yazilim-main\masterefendi\MXTmpFiles\system.tmp
2026-05-02 18:09:30,216 [INFO] CodeEngine:311 - oldGeneratedFile, C:\Users\pc\STM32CubeIDE\workspace_1.16.1\spectraloop-yazilim-main\masterefendi\Core\Inc\stm32f4xx_hal_conf.h_save
2026-05-02 18:09:30,275 [INFO] CodeEngine:335 - Generated code: C:\Users\pc\STM32CubeIDE\workspace_1.16.1\spectraloop-yazilim-main\masterefendi\Core\Inc\stm32f4xx_hal_conf.h
2026-05-02 18:09:30,301 [INFO] CodeEngine:255 - oldGeneratedFile, C:\Users\pc\STM32CubeIDE\workspace_1.16.1\spectraloop-yazilim-main\masterefendi\Core\Inc\main.h_save
2026-05-02 18:09:30,347 [INFO] CodeEngine:279 - Generated code: C:\Users\pc\STM32CubeIDE\workspace_1.16.1\spectraloop-yazilim-main\masterefendi\Core\Inc\main.h
2026-05-02 18:09:30,358 [INFO] CodeEngine:255 - oldGeneratedFile, C:\Users\pc\STM32CubeIDE\workspace_1.16.1\spectraloop-yazilim-main\masterefendi\Core\Src\main.c_save
2026-05-02 18:09:30,436 [INFO] CodeEngine:279 - Generated code: C:\Users\pc\STM32CubeIDE\workspace_1.16.1\spectraloop-yazilim-main\masterefendi\Core\Src\main.c
2026-05-02 18:09:30,662 [INFO] ProjectBuilder:3249 - Time for Copy HAL[1] : 150mS.
2026-05-02 18:09:30,664 [INFO] ProjectBuilder:4828 - Project Generator version: 4.5.0-B34
2026-05-02 18:09:30,696 [INFO] ConfigFileManager:1531 - The Die is : DIE433
2026-05-02 18:09:30,699 [INFO] ApiDbMcu:508 - Load IP Config File for FATFS
2026-05-02 18:09:30,701 [INFO] ApiDbMcu:508 - Load IP Config File for FREERTOS
2026-05-02 18:09:30,702 [INFO] ApiDbMcu:508 - Load IP Config File for LIBJPEG
2026-05-02 18:09:30,705 [INFO] ApiDbMcu:508 - Load IP Config File for MBEDTLS
2026-05-02 18:09:30,708 [INFO] ApiDbMcu:508 - Load IP Config File for USB_DEVICE
2026-05-02 18:09:30,709 [INFO] ApiDbMcu:508 - Load IP Config File for USB_HOST
2026-05-02 18:09:31,123 [INFO] ProjectBuilder:5097 - Time for Generating toolchain IDE Files: 459mS.
2026-05-02 18:09:31,123 [INFO] ProjectBuilder:3107 - Time for Copy CMSIS : 0mS.
2026-05-02 18:09:31,125 [INFO] ProjectBuilder:3107 - Time for Copy CMSIS : 0mS.
